<?xml version="1.0" encoding="UTF-8"?>
<testsuites tests="175" failures="0" errors="0" time="510.302732">
	<testsuite tests="3" failures="0" skipped="1" time="74.431000" name="github.com/kyma-project/telemetry-manager/test/e2e/logs/agent" timestamp="2026-04-06T12:23:02Z">
		<properties>
			<property name="go.version" value="go1.26.1 linux/amd64"></property>
		</properties>
		<testcase classname="github.com/kyma-project/telemetry-manager/test/e2e/logs/agent" name="TestInstrumentationScope" time="0.000000">
			<skipped message="=== RUN   TestInstrumentationScope&#xA;    suite.go:313: Label filter expression: &#34;not experimental and not fluent-bit and set-b&#34;, test labels: [log-agent set-c]&#xA;2026/04/06 12:23:02 evaluating test labels: [log-agent set-c]&#xA;    suite.go:313: Test skipped: label filter &#39;not experimental and not fluent-bit and set-b&#39; not satisfied&#xA;--- SKIP: TestInstrumentationScope (0.00s)&#xA;"></skipped>
		</testcase>
		<testcase classname="github.com/kyma-project/telemetry-manager/test/e2e/logs/agent" name="TestSeverityParser" time="35.760000"></testcase>
		<testcase classname="github.com/kyma-project/telemetry-manager/test/e2e/logs/agent" name="TestTraceParser" time="38.650000"></testcase>
	</testsuite>
	<testsuite tests="9" failures="0" skipped="9" time="0.016000" name="github.com/kyma-project/telemetry-manager/test/e2e/logs/fluentbit" timestamp="2026-04-06T12:24:17Z">
		<properties>
			<property name="go.version" value="go1.26.1 linux/amd64"></property>
		</properties>
		<testcase classname="github.com/kyma-project/telemetry-manager/test/e2e/logs/fluentbit" name="TestAppName" time="0.000000">
			<skipped message="=== RUN   TestAppName&#xA;    suite.go:313: Label filter expression: &#34;not experimental and not fluent-bit and set-b&#34;, test labels: [fluent-bit set-c]&#xA;2026/04/06 12:24:17 evaluating test labels: [fluent-bit set-c]&#xA;    suite.go:313: Test skipped: label filter &#39;not experimental and not fluent-bit and set-b&#39; not satisfied&#xA;--- SKIP: TestAppName (0.00s)&#xA;"></skipped>
		</testcase>
		<testcase classname="github.com/kyma-project/telemetry-manager/test/e2e/logs/fluentbit" name="TestBasePayloadWithHTTPOutput" time="0.000000">
			<skipped message="=== RUN   TestBasePayloadWithHTTPOutput&#xA;    suite.go:313: Label filter expression: &#34;not experimental and not fluent-bit and set-b&#34;, test labels: [fluent-bit set-b]&#xA;2026/04/06 12:24:17 evaluating test labels: [fluent-bit set-b]&#xA;    suite.go:313: Test skipped: label filter &#39;not experimental and not fluent-bit and set-b&#39; not satisfied&#xA;--- SKIP: TestBasePayloadWithHTTPOutput (0.00s)&#xA;"></skipped>
		</testcase>
		<testcase classname="github.com/kyma-project/telemetry-manager/test/e2e/logs/fluentbit" name="TestCustomClusterName" time="0.000000">
			<skipped message="=== RUN   TestCustomClusterName&#xA;    suite.go:313: Label filter expression: &#34;not experimental and not fluent-bit and set-b&#34;, test labels: [fluent-bit set-b]&#xA;2026/04/06 12:24:17 evaluating test labels: [fluent-bit set-b]&#xA;    suite.go:313: Test skipped: label filter &#39;not experimental and not fluent-bit and set-b&#39; not satisfied&#xA;--- SKIP: TestCustomClusterName (0.00s)&#xA;"></skipped>
		</testcase>
		<testcase classname="github.com/kyma-project/telemetry-manager/test/e2e/logs/fluentbit" name="TestCustomFilterDenied" time="0.000000">
			<skipped message="=== RUN   TestCustomFilterDenied&#xA;    suite.go:313: Label filter expression: &#34;not experimental and not fluent-bit and set-b&#34;, test labels: [fluent-bit set-a]&#xA;2026/04/06 12:24:17 evaluating test labels: [fluent-bit set-a]&#xA;    suite.go:313: Test skipped: label filter &#39;not experimental and not fluent-bit and set-b&#39; not satisfied&#xA;--- SKIP: TestCustomFilterDenied (0.00s)&#xA;"></skipped>
		</testcase>
		<testcase classname="github.com/kyma-project/telemetry-manager/test/e2e/logs/fluentbit" name="TestCustomOutputDenied" time="0.000000">
			<skipped message="=== RUN   TestCustomOutputDenied&#xA;    suite.go:313: Label filter expression: &#34;not experimental and not fluent-bit and set-b&#34;, test labels: [fluent-bit set-a]&#xA;2026/04/06 12:24:17 evaluating test labels: [fluent-bit set-a]&#xA;    suite.go:313: Test skipped: label filter &#39;not experimental and not fluent-bit and set-b&#39; not satisfied&#xA;--- SKIP: TestCustomOutputDenied (0.00s)&#xA;"></skipped>
		</testcase>
		<testcase classname="github.com/kyma-project/telemetry-manager/test/e2e/logs/fluentbit" name="TestCustomFilterAllowed" time="0.000000">
			<skipped message="=== RUN   TestCustomFilterAllowed&#xA;    suite.go:313: Label filter expression: &#34;not experimental and not fluent-bit and set-b&#34;, test labels: [fluent-bit set-b]&#xA;2026/04/06 12:24:17 evaluating test labels: [fluent-bit set-b]&#xA;    suite.go:313: Test skipped: label filter &#39;not experimental and not fluent-bit and set-b&#39; not satisfied&#xA;--- SKIP: TestCustomFilterAllowed (0.00s)&#xA;"></skipped>
		</testcase>
		<testcase classname="github.com/kyma-project/telemetry-manager/test/e2e/logs/fluentbit" name="TestCustomOutput" time="0.000000">
			<skipped message="=== RUN   TestCustomOutput&#xA;    suite.go:313: Label filter expression: &#34;not experimental and not fluent-bit and set-b&#34;, test labels: [fluent-bit set-c]&#xA;2026/04/06 12:24:17 evaluating test labels: [fluent-bit set-c]&#xA;    suite.go:313: Test skipped: label filter &#39;not experimental and not fluent-bit and set-b&#39; not satisfied&#xA;--- SKIP: TestCustomOutput (0.00s)&#xA;"></skipped>
		</testcase>
		<testcase classname="github.com/kyma-project/telemetry-manager/test/e2e/logs/fluentbit" name="TestDedot" time="0.000000">
			<skipped message="=== RUN   TestDedot&#xA;    suite.go:313: Label filter expression: &#34;not experimental and not fluent-bit and set-b&#34;, test labels: [fluent-bit set-c]&#xA;2026/04/06 12:24:17 evaluating test labels: [fluent-bit set-c]&#xA;    suite.go:313: Test skipped: label filter &#39;not experimental and not fluent-bit and set-b&#39; not satisfied&#xA;--- SKIP: TestDedot (0.00s)&#xA;"></skipped>
		</testcase>
		<testcase classname="github.com/kyma-project/telemetry-manager/test/e2e/logs/fluentbit" name="TestKeepAnnotations" time="0.000000">
			<skipped message="=== RUN   TestKeepAnnotations&#xA;    suite.go:313: Label filter expression: &#34;not experimental and not fluent-bit and set-b&#34;, test labels: [fluent-bit set-b]&#xA;2026/04/06 12:24:17 evaluating test labels: [fluent-bit set-b]&#xA;    suite.go:313: Test skipped: label filter &#39;not experimental and not fluent-bit and set-b&#39; not satisfied&#xA;--- SKIP: TestKeepAnnotations (0.00s)&#xA;"></skipped>
		</testcase>
	</testsuite>
	<testsuite tests="6" failures="0" skipped="2" time="53.600000" name="github.com/kyma-project/telemetry-manager/test/e2e/logs/gateway" timestamp="2026-04-06T12:24:18Z">
		<properties>
			<property name="go.version" value="go1.26.1 linux/amd64"></property>
		</properties>
		<testcase classname="github.com/kyma-project/telemetry-manager/test/e2e/logs/gateway" name="TestEnrichmentValuesEmpty/log-gateway-experimental" time="0.000000">
			<skipped message="=== RUN   TestEnrichmentValuesEmpty/log-gateway-experimental&#xA;    suite.go:313: Label filter expression: &#34;not experimental and not fluent-bit and set-b&#34;, test labels: [log-gateway experimental set-a]&#xA;2026/04/06 12:24:45 evaluating test labels: [log-gateway experimental set-a]&#xA;    suite.go:313: Test skipped: label filter &#39;not experimental and not fluent-bit and set-b&#39; not satisfied&#xA;--- SKIP: TestEnrichmentValuesEmpty/log-gateway-experimental (0.00s)&#xA;"></skipped>
		</testcase>
		<testcase classname="github.com/kyma-project/telemetry-manager/test/e2e/logs/gateway" name="TestEnrichmentValuesPredefined/log-gateway-experimental" time="0.000000">
			<skipped message="=== RUN   TestEnrichmentValuesPredefined/log-gateway-experimental&#xA;    suite.go:313: Label filter expression: &#34;not experimental and not fluent-bit and set-b&#34;, test labels: [log-gateway experimental set-c]&#xA;2026/04/06 12:25:12 evaluating test labels: [log-gateway experimental set-c]&#xA;    suite.go:313: Test skipped: label filter &#39;not experimental and not fluent-bit and set-b&#39; not satisfied&#xA;--- SKIP: TestEnrichmentValuesPredefined/log-gateway-experimental (0.00s)&#xA;"></skipped>
		</testcase>
		<testcase classname="github.com/kyma-project/telemetry-manager/test/e2e/logs/gateway" name="TestEnrichmentValuesEmpty/log-gateway" time="26.290000"></testcase>
		<testcase classname="github.com/kyma-project/telemetry-manager/test/e2e/logs/gateway" name="TestEnrichmentValuesEmpty" time="26.290000"></testcase>
		<testcase classname="github.com/kyma-project/telemetry-manager/test/e2e/logs/gateway" name="TestEnrichmentValuesPredefined/log-gateway" time="27.290000"></testcase>
		<testcase classname="github.com/kyma-project/telemetry-manager/test/e2e/logs/gateway" name="TestEnrichmentValuesPredefined" time="27.290000"></testcase>
	</testsuite>
	<testsuite tests="57" failures="0" skipped="44" time="51.889000" name="github.com/kyma-project/telemetry-manager/test/e2e/logs/misc" timestamp="2026-04-06T12:25:13Z">
		<properties>
			<property name="go.version" value="go1.26.1 linux/amd64"></property>
		</properties>
		<testcase classname="github.com/kyma-project/telemetry-manager/test/e2e/logs/misc" name="TestEndpointInvalid_OTel" time="0.000000">
			<skipped message="=== RUN   TestEndpointInvalid_OTel&#xA;    suite.go:313: Label filter expression: &#34;not experimental and not fluent-bit and set-b&#34;, test labels: [logs misc set-a]&#xA;2026/04/06 12:25:13 evaluating test labels: [logs misc set-a]&#xA;    suite.go:313: Test skipped: label filter &#39;not experimental and not fluent-bit and set-b&#39; not satisfied&#xA;--- SKIP: TestEndpointInvalid_OTel (0.00s)&#xA;"></skipped>
		</testcase>
		<testcase classname="github.com/kyma-project/telemetry-manager/test/e2e/logs/misc" name="TestEndpointInvalid_FluentBit" time="0.000000">
			<skipped message="=== RUN   TestEndpointInvalid_FluentBit&#xA;    suite.go:313: Label filter expression: &#34;not experimental and not fluent-bit and set-b&#34;, test labels: [fluent-bit set-a]&#xA;2026/04/06 12:25:13 evaluating test labels: [fluent-bit set-a]&#xA;    suite.go:313: Test skipped: label filter &#39;not experimental and not fluent-bit and set-b&#39; not satisfied&#xA;--- SKIP: TestEndpointInvalid_FluentBit (0.00s)&#xA;"></skipped>
		</testcase>
		<testcase classname="github.com/kyma-project/telemetry-manager/test/e2e/logs/misc" name="TestMTLSCertKeyDontMatch_OTel" time="0.000000">
			<skipped message="=== RUN   TestMTLSCertKeyDontMatch_OTel&#xA;    suite.go:313: Label filter expression: &#34;not experimental and not fluent-bit and set-b&#34;, test labels: [logs misc mtls set-c]&#xA;2026/04/06 12:25:15 evaluating test labels: [logs misc mtls set-c]&#xA;    suite.go:313: Test skipped: label filter &#39;not experimental and not fluent-bit and set-b&#39; not satisfied&#xA;--- SKIP: TestMTLSCertKeyDontMatch_OTel (0.00s)&#xA;"></skipped>
		</testcase>
		<testcase classname="github.com/kyma-project/telemetry-manager/test/e2e/logs/misc" name="TestMTLSCertKeyDontMatch_FluentBit" time="0.000000">
			<skipped message="=== RUN   TestMTLSCertKeyDontMatch_FluentBit&#xA;    suite.go:313: Label filter expression: &#34;not experimental and not fluent-bit and set-b&#34;, test labels: [fluent-bit set-b]&#xA;2026/04/06 12:25:15 evaluating test labels: [fluent-bit set-b]&#xA;    suite.go:313: Test skipped: label filter &#39;not experimental and not fluent-bit and set-b&#39; not satisfied&#xA;--- SKIP: TestMTLSCertKeyDontMatch_FluentBit (0.00s)&#xA;"></skipped>
		</testcase>
		<testcase classname="github.com/kyma-project/telemetry-manager/test/e2e/logs/misc" name="TestMTLSExpiredCert_FluentBit" time="0.000000">
			<skipped message="=== RUN   TestMTLSExpiredCert_FluentBit&#xA;    suite.go:313: Label filter expression: &#34;not experimental and not fluent-bit and set-b&#34;, test labels: [fluent-bit set-c]&#xA;2026/04/06 12:25:47 evaluating test labels: [fluent-bit set-c]&#xA;    suite.go:313: Test skipped: label filter &#39;not experimental and not fluent-bit and set-b&#39; not satisfied&#xA;--- SKIP: TestMTLSExpiredCert_FluentBit (0.00s)&#xA;"></skipped>
		</testcase>
		<testcase classname="github.com/kyma-project/telemetry-manager/test/e2e/logs/misc" name="TestMTLSInvalidCA_FluentBit" time="0.000000">
			<skipped message="=== RUN   TestMTLSInvalidCA_FluentBit&#xA;    suite.go:313: Label filter expression: &#34;not experimental and not fluent-bit and set-b&#34;, test labels: [fluent-bit set-c]&#xA;2026/04/06 12:25:50 evaluating test labels: [fluent-bit set-c]&#xA;    suite.go:313: Test skipped: label filter &#39;not experimental and not fluent-bit and set-b&#39; not satisfied&#xA;--- SKIP: TestMTLSInvalidCA_FluentBit (0.00s)&#xA;"></skipped>
		</testcase>
		<testcase classname="github.com/kyma-project/telemetry-manager/test/e2e/logs/misc" name="TestMTLSInvalidCert_OTel" time="0.000000">
			<skipped message="=== RUN   TestMTLSInvalidCert_OTel&#xA;    suite.go:313: Label filter expression: &#34;not experimental and not fluent-bit and set-b&#34;, test labels: [logs misc mtls set-c]&#xA;2026/04/06 12:25:50 evaluating test labels: [logs misc mtls set-c]&#xA;    suite.go:313: Test skipped: label filter &#39;not experimental and not fluent-bit and set-b&#39; not satisfied&#xA;--- SKIP: TestMTLSInvalidCert_OTel (0.00s)&#xA;"></skipped>
		</testcase>
		<testcase classname="github.com/kyma-project/telemetry-manager/test/e2e/logs/misc" name="TestMTLSInvalidCert_FluentBit" time="0.000000">
			<skipped message="=== RUN   TestMTLSInvalidCert_FluentBit&#xA;    suite.go:313: Label filter expression: &#34;not experimental and not fluent-bit and set-b&#34;, test labels: [fluent-bit set-c]&#xA;2026/04/06 12:25:50 evaluating test labels: [fluent-bit set-c]&#xA;    suite.go:313: Test skipped: label filter &#39;not experimental and not fluent-bit and set-b&#39; not satisfied&#xA;--- SKIP: TestMTLSInvalidCert_FluentBit (0.00s)&#xA;"></skipped>
		</testcase>
		<testcase classname="github.com/kyma-project/telemetry-manager/test/e2e/logs/misc" name="TestRejectLogPipelineCreation/no-output" time="0.000000">
			<skipped message="=== RUN   TestRejectLogPipelineCreation/no-output&#xA;    suite.go:313: Label filter expression: &#34;not experimental and not fluent-bit and set-b&#34;, test labels: [ logs misc set-a]&#xA;2026/04/06 12:25:50 evaluating test labels: [ logs misc set-a]&#xA;    suite.go:313: Test skipped: label filter &#39;not experimental and not fluent-bit and set-b&#39; not satisfied&#xA;--- SKIP: TestRejectLogPipelineCreation/no-output (0.00s)&#xA;"></skipped>
		</testcase>
		<testcase classname="github.com/kyma-project/telemetry-manager/test/e2e/logs/misc" name="TestRejectLogPipelineCreation/valuefrom-accepts-only-one-option" time="0.000000">
			<skipped message="=== RUN   TestRejectLogPipelineCreation/valuefrom-accepts-only-one-option&#xA;    suite.go:313: Label filter expression: &#34;not experimental and not fluent-bit and set-b&#34;, test labels: [ logs misc set-c]&#xA;2026/04/06 12:25:50 evaluating test labels: [ logs misc set-c]&#xA;    suite.go:313: Test skipped: label filter &#39;not experimental and not fluent-bit and set-b&#39; not satisfied&#xA;--- SKIP: TestRejectLogPipelineCreation/valuefrom-accepts-only-one-option (0.00s)&#xA;"></skipped>
		</testcase>
		<testcase classname="github.com/kyma-project/telemetry-manager/test/e2e/logs/misc" name="TestRejectLogPipelineCreation/otlp-output-with-default-proto-and-path" time="0.000000">
			<skipped message="=== RUN   TestRejectLogPipelineCreation/otlp-output-with-default-proto-and-path&#xA;    suite.go:313: Label filter expression: &#34;not experimental and not fluent-bit and set-b&#34;, test labels: [ logs misc set-c]&#xA;2026/04/06 12:25:55 evaluating test labels: [ logs misc set-c]&#xA;    suite.go:313: Test skipped: label filter &#39;not experimental and not fluent-bit and set-b&#39; not satisfied&#xA;--- SKIP: TestRejectLogPipelineCreation/otlp-output-with-default-proto-and-path (0.00s)&#xA;"></skipped>
		</testcase>
		<testcase classname="github.com/kyma-project/telemetry-manager/test/e2e/logs/misc" name="TestRejectLogPipelineCreation/otlp-output-with-non-valid-proto" time="0.000000">
			<skipped message="=== RUN   TestRejectLogPipelineCreation/otlp-output-with-non-valid-proto&#xA;    suite.go:313: Label filter expression: &#34;not experimental and not fluent-bit and set-b&#34;, test labels: [ logs misc set-c]&#xA;2026/04/06 12:25:57 evaluating test labels: [ logs misc set-c]&#xA;    suite.go:313: Test skipped: label filter &#39;not experimental and not fluent-bit and set-b&#39; not satisfied&#xA;--- SKIP: TestRejectLogPipelineCreation/otlp-output-with-non-valid-proto (0.00s)&#xA;"></skipped>
		</testcase>
		<testcase classname="github.com/kyma-project/telemetry-manager/test/e2e/logs/misc" name="TestRejectLogPipelineCreation/otlp-output-basic-auth-secretref-missing-password-key" time="0.000000">
			<skipped message="=== RUN   TestRejectLogPipelineCreation/otlp-output-basic-auth-secretref-missing-password-key&#xA;    suite.go:313: Label filter expression: &#34;not experimental and not fluent-bit and set-b&#34;, test labels: [ logs misc set-c]&#xA;2026/04/06 12:25:57 evaluating test labels: [ logs misc set-c]&#xA;    suite.go:313: Test skipped: label filter &#39;not experimental and not fluent-bit and set-b&#39; not satisfied&#xA;--- SKIP: TestRejectLogPipelineCreation/otlp-output-basic-auth-secretref-missing-password-key (0.00s)&#xA;"></skipped>
		</testcase>
		<testcase classname="github.com/kyma-project/telemetry-manager/test/e2e/logs/misc" name="TestRejectLogPipelineCreation/otlp-output-basic-auth-secretref-missing-user-key" time="0.000000">
			<skipped message="=== RUN   TestRejectLogPipelineCreation/otlp-output-basic-auth-secretref-missing-user-key&#xA;    suite.go:313: Label filter expression: &#34;not experimental and not fluent-bit and set-b&#34;, test labels: [ logs misc set-c]&#xA;2026/04/06 12:25:57 evaluating test labels: [ logs misc set-c]&#xA;    suite.go:313: Test skipped: label filter &#39;not experimental and not fluent-bit and set-b&#39; not satisfied&#xA;--- SKIP: TestRejectLogPipelineCreation/otlp-output-basic-auth-secretref-missing-user-key (0.00s)&#xA;"></skipped>
		</testcase>
		<testcase classname="github.com/kyma-project/telemetry-manager/test/e2e/logs/misc" name="TestRejectLogPipelineCreation/otlp-output-tls-missing-key" time="0.000000">
			<skipped message="=== RUN   TestRejectLogPipelineCreation/otlp-output-tls-missing-key&#xA;    suite.go:313: Label filter expression: &#34;not experimental and not fluent-bit and set-b&#34;, test labels: [ logs misc set-c]&#xA;2026/04/06 12:25:57 evaluating test labels: [ logs misc set-c]&#xA;    suite.go:313: Test skipped: label filter &#39;not experimental and not fluent-bit and set-b&#39; not satisfied&#xA;--- SKIP: TestRejectLogPipelineCreation/otlp-output-tls-missing-key (0.00s)&#xA;"></skipped>
		</testcase>
		<testcase classname="github.com/kyma-project/telemetry-manager/test/e2e/logs/misc" name="TestRejectLogPipelineCreation/otlp-output-tls-missing-cert" time="0.000000">
			<skipped message="=== RUN   TestRejectLogPipelineCreation/otlp-output-tls-missing-cert&#xA;    suite.go:313: Label filter expression: &#34;not experimental and not fluent-bit and set-b&#34;, test labels: [ logs misc set-a]&#xA;2026/04/06 12:25:57 evaluating test labels: [ logs misc set-a]&#xA;    suite.go:313: Test skipped: label filter &#39;not experimental and not fluent-bit and set-b&#39; not satisfied&#xA;--- SKIP: TestRejectLogPipelineCreation/otlp-output-tls-missing-cert (0.00s)&#xA;"></skipped>
		</testcase>
		<testcase classname="github.com/kyma-project/telemetry-manager/test/e2e/logs/misc" name="TestRejectLogPipelineCreation/otlp-output-oauth2-invalid-token-url" time="0.000000">
			<skipped message="=== RUN   TestRejectLogPipelineCreation/otlp-output-oauth2-invalid-token-url&#xA;    suite.go:313: Label filter expression: &#34;not experimental and not fluent-bit and set-b&#34;, test labels: [ logs misc set-c]&#xA;2026/04/06 12:25:57 evaluating test labels: [ logs misc set-c]&#xA;    suite.go:313: Test skipped: label filter &#39;not experimental and not fluent-bit and set-b&#39; not satisfied&#xA;--- SKIP: TestRejectLogPipelineCreation/otlp-output-oauth2-invalid-token-url (0.00s)&#xA;"></skipped>
		</testcase>
		<testcase classname="github.com/kyma-project/telemetry-manager/test/e2e/logs/misc" name="TestRejectLogPipelineCreation/otlp-output-oauth2-missing-client-id" time="0.000000">
			<skipped message="=== RUN   TestRejectLogPipelineCreation/otlp-output-oauth2-missing-client-id&#xA;    suite.go:313: Label filter expression: &#34;not experimental and not fluent-bit and set-b&#34;, test labels: [ logs misc set-c]&#xA;2026/04/06 12:25:57 evaluating test labels: [ logs misc set-c]&#xA;    suite.go:313: Test skipped: label filter &#39;not experimental and not fluent-bit and set-b&#39; not satisfied&#xA;--- SKIP: TestRejectLogPipelineCreation/otlp-output-oauth2-missing-client-id (0.00s)&#xA;"></skipped>
		</testcase>
		<testcase classname="github.com/kyma-project/telemetry-manager/test/e2e/logs/misc" name="TestRejectLogPipelineCreation/otlp-input-namespaces-not-exclusive" time="0.000000">
			<skipped message="=== RUN   TestRejectLogPipelineCreation/otlp-input-namespaces-not-exclusive&#xA;    suite.go:313: Label filter expression: &#34;not experimental and not fluent-bit and set-b&#34;, test labels: [ logs misc set-c]&#xA;2026/04/06 12:25:58 evaluating test labels: [ logs misc set-c]&#xA;    suite.go:313: Test skipped: label filter &#39;not experimental and not fluent-bit and set-b&#39; not satisfied&#xA;--- SKIP: TestRejectLogPipelineCreation/otlp-input-namespaces-not-exclusive (0.00s)&#xA;"></skipped>
		</testcase>
		<testcase classname="github.com/kyma-project/telemetry-manager/test/e2e/logs/misc" name="TestRejectLogPipelineCreation/otlp-input-namespaces-include-invalid" time="0.000000">
			<skipped message="=== RUN   TestRejectLogPipelineCreation/otlp-input-namespaces-include-invalid&#xA;    suite.go:313: Label filter expression: &#34;not experimental and not fluent-bit and set-b&#34;, test labels: [ logs misc set-c]&#xA;2026/04/06 12:25:58 evaluating test labels: [ logs misc set-c]&#xA;    suite.go:313: Test skipped: label filter &#39;not experimental and not fluent-bit and set-b&#39; not satisfied&#xA;--- SKIP: TestRejectLogPipelineCreation/otlp-input-namespaces-include-invalid (0.00s)&#xA;"></skipped>
		</testcase>
		<testcase classname="github.com/kyma-project/telemetry-manager/test/e2e/logs/misc" name="TestRejectLogPipelineCreation/otlp-input-namespaces-include-too-long" time="0.000000">
			<skipped message="=== RUN   TestRejectLogPipelineCreation/otlp-input-namespaces-include-too-long&#xA;    suite.go:313: Label filter expression: &#34;not experimental and not fluent-bit and set-b&#34;, test labels: [ logs misc set-a]&#xA;2026/04/06 12:25:58 evaluating test labels: [ logs misc set-a]&#xA;    suite.go:313: Test skipped: label filter &#39;not experimental and not fluent-bit and set-b&#39; not satisfied&#xA;--- SKIP: TestRejectLogPipelineCreation/otlp-input-namespaces-include-too-long (0.00s)&#xA;"></skipped>
		</testcase>
		<testcase classname="github.com/kyma-project/telemetry-manager/test/e2e/logs/misc" name="TestRejectLogPipelineCreation/otlp-input-namespaces-exclude-invalid" time="0.000000">
			<skipped message="=== RUN   TestRejectLogPipelineCreation/otlp-input-namespaces-exclude-invalid&#xA;    suite.go:313: Label filter expression: &#34;not experimental and not fluent-bit and set-b&#34;, test labels: [ logs misc set-a]&#xA;2026/04/06 12:25:58 evaluating test labels: [ logs misc set-a]&#xA;    suite.go:313: Test skipped: label filter &#39;not experimental and not fluent-bit and set-b&#39; not satisfied&#xA;--- SKIP: TestRejectLogPipelineCreation/otlp-input-namespaces-exclude-invalid (0.00s)&#xA;"></skipped>
		</testcase>
		<testcase classname="github.com/kyma-project/telemetry-manager/test/e2e/logs/misc" name="TestRejectLogPipelineCreation/otlp-input-namespaces-exclude-too-long" time="0.000000">
			<skipped message="=== RUN   TestRejectLogPipelineCreation/otlp-input-namespaces-exclude-too-long&#xA;    suite.go:313: Label filter expression: &#34;not experimental and not fluent-bit and set-b&#34;, test labels: [ logs misc set-a]&#xA;2026/04/06 12:25:58 evaluating test labels: [ logs misc set-a]&#xA;    suite.go:313: Test skipped: label filter &#39;not experimental and not fluent-bit and set-b&#39; not satisfied&#xA;--- SKIP: TestRejectLogPipelineCreation/otlp-input-namespaces-exclude-too-long (0.00s)&#xA;"></skipped>
		</testcase>
		<testcase classname="github.com/kyma-project/telemetry-manager/test/e2e/logs/misc" name="TestRejectLogPipelineCreation/http-output-tls-missing-key" time="0.000000">
			<skipped message="=== RUN   TestRejectLogPipelineCreation/http-output-tls-missing-key&#xA;    suite.go:313: Label filter expression: &#34;not experimental and not fluent-bit and set-b&#34;, test labels: [ logs misc set-a]&#xA;2026/04/06 12:25:58 evaluating test labels: [ logs misc set-a]&#xA;    suite.go:313: Test skipped: label filter &#39;not experimental and not fluent-bit and set-b&#39; not satisfied&#xA;--- SKIP: TestRejectLogPipelineCreation/http-output-tls-missing-key (0.00s)&#xA;"></skipped>
		</testcase>
		<testcase classname="github.com/kyma-project/telemetry-manager/test/e2e/logs/misc" name="TestRejectLogPipelineCreation/http-output-tls-missing-cert" time="0.000000">
			<skipped message="=== RUN   TestRejectLogPipelineCreation/http-output-tls-missing-cert&#xA;    suite.go:313: Label filter expression: &#34;not experimental and not fluent-bit and set-b&#34;, test labels: [ logs misc set-c]&#xA;2026/04/06 12:25:58 evaluating test labels: [ logs misc set-c]&#xA;    suite.go:313: Test skipped: label filter &#39;not experimental and not fluent-bit and set-b&#39; not satisfied&#xA;--- SKIP: TestRejectLogPipelineCreation/http-output-tls-missing-cert (0.00s)&#xA;"></skipped>
		</testcase>
		<testcase classname="github.com/kyma-project/telemetry-manager/test/e2e/logs/misc" name="TestRejectLogPipelineCreation/http-output-uri-wrong-pattern" time="0.000000">
			<skipped message="=== RUN   TestRejectLogPipelineCreation/http-output-uri-wrong-pattern&#xA;    suite.go:313: Label filter expression: &#34;not experimental and not fluent-bit and set-b&#34;, test labels: [ logs misc set-c]&#xA;2026/04/06 12:25:58 evaluating test labels: [ logs misc set-c]&#xA;    suite.go:313: Test skipped: label filter &#39;not experimental and not fluent-bit and set-b&#39; not satisfied&#xA;--- SKIP: TestRejectLogPipelineCreation/http-output-uri-wrong-pattern (0.00s)&#xA;"></skipped>
		</testcase>
		<testcase classname="github.com/kyma-project/telemetry-manager/test/e2e/logs/misc" name="TestRejectLogPipelineCreation/runtime-input-namespaces-exclude-system-not-exclusive" time="0.000000">
			<skipped message="=== RUN   TestRejectLogPipelineCreation/runtime-input-namespaces-exclude-system-not-exclusive&#xA;    suite.go:313: Label filter expression: &#34;not experimental and not fluent-bit and set-b&#34;, test labels: [ logs misc set-a]&#xA;2026/04/06 12:25:58 evaluating test labels: [ logs misc set-a]&#xA;    suite.go:313: Test skipped: label filter &#39;not experimental and not fluent-bit and set-b&#39; not satisfied&#xA;--- SKIP: TestRejectLogPipelineCreation/runtime-input-namespaces-exclude-system-not-exclusive (0.00s)&#xA;"></skipped>
		</testcase>
		<testcase classname="github.com/kyma-project/telemetry-manager/test/e2e/logs/misc" name="TestRejectLogPipelineCreation/runtime-input-containers-not-exclusive" time="0.000000">
			<skipped message="=== RUN   TestRejectLogPipelineCreation/runtime-input-containers-not-exclusive&#xA;    suite.go:313: Label filter expression: &#34;not experimental and not fluent-bit and set-b&#34;, test labels: [ logs misc set-c]&#xA;2026/04/06 12:25:58 evaluating test labels: [ logs misc set-c]&#xA;    suite.go:313: Test skipped: label filter &#39;not experimental and not fluent-bit and set-b&#39; not satisfied&#xA;--- SKIP: TestRejectLogPipelineCreation/runtime-input-containers-not-exclusive (0.00s)&#xA;"></skipped>
		</testcase>
		<testcase classname="github.com/kyma-project/telemetry-manager/test/e2e/logs/misc" name="TestRejectLogPipelineCreation/runtime-input-namespaces-include-invalid" time="0.000000">
			<skipped message="=== RUN   TestRejectLogPipelineCreation/runtime-input-namespaces-include-invalid&#xA;    suite.go:313: Label filter expression: &#34;not experimental and not fluent-bit and set-b&#34;, test labels: [ logs misc set-c]&#xA;2026/04/06 12:25:58 evaluating test labels: [ logs misc set-c]&#xA;    suite.go:313: Test skipped: label filter &#39;not experimental and not fluent-bit and set-b&#39; not satisfied&#xA;--- SKIP: TestRejectLogPipelineCreation/runtime-input-namespaces-include-invalid (0.00s)&#xA;"></skipped>
		</testcase>
		<testcase classname="github.com/kyma-project/telemetry-manager/test/e2e/logs/misc" name="TestRejectLogPipelineCreation/runtime-input-namespaces-include-too-long" time="0.000000">
			<skipped message="=== RUN   TestRejectLogPipelineCreation/runtime-input-namespaces-include-too-long&#xA;    suite.go:313: Label filter expression: &#34;not experimental and not fluent-bit and set-b&#34;, test labels: [ logs misc set-a]&#xA;2026/04/06 12:25:58 evaluating test labels: [ logs misc set-a]&#xA;    suite.go:313: Test skipped: label filter &#39;not experimental and not fluent-bit and set-b&#39; not satisfied&#xA;--- SKIP: TestRejectLogPipelineCreation/runtime-input-namespaces-include-too-long (0.00s)&#xA;"></skipped>
		</testcase>
		<testcase classname="github.com/kyma-project/telemetry-manager/test/e2e/logs/misc" name="TestRejectLogPipelineCreation/runtime-input-namespaces-exclude-too-long" time="0.000000">
			<skipped message="=== RUN   TestRejectLogPipelineCreation/runtime-input-namespaces-exclude-too-long&#xA;    suite.go:313: Label filter expression: &#34;not experimental and not fluent-bit and set-b&#34;, test labels: [ logs misc set-a]&#xA;2026/04/06 12:26:00 evaluating test labels: [ logs misc set-a]&#xA;    suite.go:313: Test skipped: label filter &#39;not experimental and not fluent-bit and set-b&#39; not satisfied&#xA;--- SKIP: TestRejectLogPipelineCreation/runtime-input-namespaces-exclude-too-long (0.00s)&#xA;"></skipped>
		</testcase>
		<testcase classname="github.com/kyma-project/telemetry-manager/test/e2e/logs/misc" name="TestRejectLogPipelineCreation/files-name-required" time="0.000000">
			<skipped message="=== RUN   TestRejectLogPipelineCreation/files-name-required&#xA;    suite.go:313: Label filter expression: &#34;not experimental and not fluent-bit and set-b&#34;, test labels: [ logs misc set-c]&#xA;2026/04/06 12:26:00 evaluating test labels: [ logs misc set-c]&#xA;    suite.go:313: Test skipped: label filter &#39;not experimental and not fluent-bit and set-b&#39; not satisfied&#xA;--- SKIP: TestRejectLogPipelineCreation/files-name-required (0.00s)&#xA;"></skipped>
		</testcase>
		<testcase classname="github.com/kyma-project/telemetry-manager/test/e2e/logs/misc" name="TestRejectLogPipelineCreation/variables-name-required" time="0.000000">
			<skipped message="=== RUN   TestRejectLogPipelineCreation/variables-name-required&#xA;    suite.go:313: Label filter expression: &#34;not experimental and not fluent-bit and set-b&#34;, test labels: [ logs misc set-c]&#xA;2026/04/06 12:26:02 evaluating test labels: [ logs misc set-c]&#xA;    suite.go:313: Test skipped: label filter &#39;not experimental and not fluent-bit and set-b&#39; not satisfied&#xA;--- SKIP: TestRejectLogPipelineCreation/variables-name-required (0.00s)&#xA;"></skipped>
		</testcase>
		<testcase classname="github.com/kyma-project/telemetry-manager/test/e2e/logs/misc" name="TestRejectLogPipelineCreation/multiple-outputs" time="0.000000">
			<skipped message="=== RUN   TestRejectLogPipelineCreation/multiple-outputs&#xA;    suite.go:313: Label filter expression: &#34;not experimental and not fluent-bit and set-b&#34;, test labels: [ logs misc set-c]&#xA;2026/04/06 12:26:03 evaluating test labels: [ logs misc set-c]&#xA;    suite.go:313: Test skipped: label filter &#39;not experimental and not fluent-bit and set-b&#39; not satisfied&#xA;--- SKIP: TestRejectLogPipelineCreation/multiple-outputs (0.00s)&#xA;"></skipped>
		</testcase>
		<testcase classname="github.com/kyma-project/telemetry-manager/test/e2e/logs/misc" name="TestRejectLogPipelineCreation/legacy-custom-output-using-otlp-input" time="0.000000">
			<skipped message="=== RUN   TestRejectLogPipelineCreation/legacy-custom-output-using-otlp-input&#xA;    suite.go:313: Label filter expression: &#34;not experimental and not fluent-bit and set-b&#34;, test labels: [ logs misc set-a]&#xA;2026/04/06 12:26:05 evaluating test labels: [ logs misc set-a]&#xA;    suite.go:313: Test skipped: label filter &#39;not experimental and not fluent-bit and set-b&#39; not satisfied&#xA;--- SKIP: TestRejectLogPipelineCreation/legacy-custom-output-using-otlp-input (0.00s)&#xA;"></skipped>
		</testcase>
		<testcase classname="github.com/kyma-project/telemetry-manager/test/e2e/logs/misc" name="TestRejectLogPipelineCreation/legacy-drop-labels-with-otlp-output" time="0.000000">
			<skipped message="=== RUN   TestRejectLogPipelineCreation/legacy-drop-labels-with-otlp-output&#xA;    suite.go:313: Label filter expression: &#34;not experimental and not fluent-bit and set-b&#34;, test labels: [ logs misc set-c]&#xA;2026/04/06 12:26:05 evaluating test labels: [ logs misc set-c]&#xA;    suite.go:313: Test skipped: label filter &#39;not experimental and not fluent-bit and set-b&#39; not satisfied&#xA;--- SKIP: TestRejectLogPipelineCreation/legacy-drop-labels-with-otlp-output (0.00s)&#xA;"></skipped>
		</testcase>
		<testcase classname="github.com/kyma-project/telemetry-manager/test/e2e/logs/misc" name="TestRejectLogPipelineCreation/legacy-keep-annotations-with-otlp-output" time="0.000000">
			<skipped message="=== RUN   TestRejectLogPipelineCreation/legacy-keep-annotations-with-otlp-output&#xA;    suite.go:313: Label filter expression: &#34;not experimental and not fluent-bit and set-b&#34;, test labels: [ logs misc set-c]&#xA;2026/04/06 12:26:05 evaluating test labels: [ logs misc set-c]&#xA;    suite.go:313: Test skipped: label filter &#39;not experimental and not fluent-bit and set-b&#39; not satisfied&#xA;--- SKIP: TestRejectLogPipelineCreation/legacy-keep-annotations-with-otlp-output (0.00s)&#xA;"></skipped>
		</testcase>
		<testcase classname="github.com/kyma-project/telemetry-manager/test/e2e/logs/misc" name="TestRejectLogPipelineCreation/legacy-files-with-otlp-output" time="0.000000">
			<skipped message="=== RUN   TestRejectLogPipelineCreation/legacy-files-with-otlp-output&#xA;    suite.go:313: Label filter expression: &#34;not experimental and not fluent-bit and set-b&#34;, test labels: [ logs misc set-c]&#xA;2026/04/06 12:26:05 evaluating test labels: [ logs misc set-c]&#xA;    suite.go:313: Test skipped: label filter &#39;not experimental and not fluent-bit and set-b&#39; not satisfied&#xA;--- SKIP: TestRejectLogPipelineCreation/legacy-files-with-otlp-output (0.00s)&#xA;"></skipped>
		</testcase>
		<testcase classname="github.com/kyma-project/telemetry-manager/test/e2e/logs/misc" name="TestRejectLogPipelineCreation/legacy-filters-with-otlp-output" time="0.000000">
			<skipped message="=== RUN   TestRejectLogPipelineCreation/legacy-filters-with-otlp-output&#xA;    suite.go:313: Label filter expression: &#34;not experimental and not fluent-bit and set-b&#34;, test labels: [ logs misc set-a]&#xA;2026/04/06 12:26:05 evaluating test labels: [ logs misc set-a]&#xA;    suite.go:313: Test skipped: label filter &#39;not experimental and not fluent-bit and set-b&#39; not satisfied&#xA;--- SKIP: TestRejectLogPipelineCreation/legacy-filters-with-otlp-output (0.00s)&#xA;"></skipped>
		</testcase>
		<testcase classname="github.com/kyma-project/telemetry-manager/test/e2e/logs/misc" name="TestRejectLogPipelineCreation/legacy-variables-with-otlp-output" time="0.000000">
			<skipped message="=== RUN   TestRejectLogPipelineCreation/legacy-variables-with-otlp-output&#xA;    suite.go:313: Label filter expression: &#34;not experimental and not fluent-bit and set-b&#34;, test labels: [ logs misc set-a]&#xA;2026/04/06 12:26:05 evaluating test labels: [ logs misc set-a]&#xA;    suite.go:313: Test skipped: label filter &#39;not experimental and not fluent-bit and set-b&#39; not satisfied&#xA;--- SKIP: TestRejectLogPipelineCreation/legacy-variables-with-otlp-output (0.00s)&#xA;"></skipped>
		</testcase>
		<testcase classname="github.com/kyma-project/telemetry-manager/test/e2e/logs/misc" name="TestRejectLogPipelineCreation/legacy-transform-with-http-output" time="0.000000">
			<skipped message="=== RUN   TestRejectLogPipelineCreation/legacy-transform-with-http-output&#xA;    suite.go:313: Label filter expression: &#34;not experimental and not fluent-bit and set-b&#34;, test labels: [ logs misc set-c]&#xA;2026/04/06 12:26:05 evaluating test labels: [ logs misc set-c]&#xA;    suite.go:313: Test skipped: label filter &#39;not experimental and not fluent-bit and set-b&#39; not satisfied&#xA;--- SKIP: TestRejectLogPipelineCreation/legacy-transform-with-http-output (0.00s)&#xA;"></skipped>
		</testcase>
		<testcase classname="github.com/kyma-project/telemetry-manager/test/e2e/logs/misc" name="TestRejectLogPipelineCreation/legacy-filter-with-http-output" time="0.000000">
			<skipped message="=== RUN   TestRejectLogPipelineCreation/legacy-filter-with-http-output&#xA;    suite.go:313: Label filter expression: &#34;not experimental and not fluent-bit and set-b&#34;, test labels: [ logs misc set-a]&#xA;2026/04/06 12:26:05 evaluating test labels: [ logs misc set-a]&#xA;    suite.go:313: Test skipped: label filter &#39;not experimental and not fluent-bit and set-b&#39; not satisfied&#xA;--- SKIP: TestRejectLogPipelineCreation/legacy-filter-with-http-output (0.00s)&#xA;"></skipped>
		</testcase>
		<testcase classname="github.com/kyma-project/telemetry-manager/test/e2e/logs/misc" name="TestTransformInvalid" time="0.000000">
			<skipped message="=== RUN   TestTransformInvalid&#xA;    suite.go:313: Label filter expression: &#34;not experimental and not fluent-bit and set-b&#34;, test labels: [logs misc set-c]&#xA;2026/04/06 12:26:05 evaluating test labels: [logs misc set-c]&#xA;    suite.go:313: Test skipped: label filter &#39;not experimental and not fluent-bit and set-b&#39; not satisfied&#xA;--- SKIP: TestTransformInvalid (0.00s)&#xA;"></skipped>
		</testcase>
		<testcase classname="github.com/kyma-project/telemetry-manager/test/e2e/logs/misc" name="TestVersionConversion" time="0.000000">
			<skipped message="=== RUN   TestVersionConversion&#xA;    suite.go:313: Label filter expression: &#34;not experimental and not fluent-bit and set-b&#34;, test labels: [logs misc set-c]&#xA;2026/04/06 12:26:05 evaluating test labels: [logs misc set-c]&#xA;    suite.go:313: Test skipped: label filter &#39;not experimental and not fluent-bit and set-b&#39; not satisfied&#xA;--- SKIP: TestVersionConversion (0.00s)&#xA;"></skipped>
		</testcase>
		<testcase classname="github.com/kyma-project/telemetry-manager/test/e2e/logs/misc" name="TestFilterInvalid" time="1.470000"></testcase>
		<testcase classname="github.com/kyma-project/telemetry-manager/test/e2e/logs/misc" name="TestMTLSExpiredCert_OTel" time="32.380000"></testcase>
		<testcase classname="github.com/kyma-project/telemetry-manager/test/e2e/logs/misc" name="TestMTLSInvalidCA_OTel" time="2.810000"></testcase>
		<testcase classname="github.com/kyma-project/telemetry-manager/test/e2e/logs/misc" name="TestRejectLogPipelineCreation/secretkeyref-requires-key" time="1.740000"></testcase>
		<testcase classname="github.com/kyma-project/telemetry-manager/test/e2e/logs/misc" name="TestRejectLogPipelineCreation/secretkeyref-requires-namespace" time="1.630000"></testcase>
		<testcase classname="github.com/kyma-project/telemetry-manager/test/e2e/logs/misc" name="TestRejectLogPipelineCreation/secretkeyref-requires-name" time="1.630000"></testcase>
		<testcase classname="github.com/kyma-project/telemetry-manager/test/e2e/logs/misc" name="TestRejectLogPipelineCreation/otlp-output-with-grpc-proto-and-path" time="1.680000"></testcase>
		<testcase classname="github.com/kyma-project/telemetry-manager/test/e2e/logs/misc" name="TestRejectLogPipelineCreation/otlp-output-oauth2-insecure" time="1.710000"></testcase>
		<testcase classname="github.com/kyma-project/telemetry-manager/test/e2e/logs/misc" name="TestRejectLogPipelineCreation/runtime-input-namespaces-exclude-invalid" time="1.690000"></testcase>
		<testcase classname="github.com/kyma-project/telemetry-manager/test/e2e/logs/misc" name="TestRejectLogPipelineCreation/files-content-required" time="1.730000"></testcase>
		<testcase classname="github.com/kyma-project/telemetry-manager/test/e2e/logs/misc" name="TestRejectLogPipelineCreation/variables-valuefrom-required" time="1.690000"></testcase>
		<testcase classname="github.com/kyma-project/telemetry-manager/test/e2e/logs/misc" name="TestRejectLogPipelineCreation/legacy-http-output-using-otlp-input" time="1.700000"></testcase>
		<testcase classname="github.com/kyma-project/telemetry-manager/test/e2e/logs/misc" name="TestRejectLogPipelineCreation" time="15.210000"></testcase>
	</testsuite>
	<testsuite tests="100" failures="0" skipped="65" time="325.213000" name="github.com/kyma-project/telemetry-manager/test/e2e/logs/shared" timestamp="2026-04-06T12:26:07Z">
		<properties>
			<property name="go.version" value="go1.26.1 linux/amd64"></property>
		</properties>
		<testcase classname="github.com/kyma-project/telemetry-manager/test/e2e/logs/shared" name="TestMetricsEndpoint_OTel/log-gateway" time="0.000000">
			<skipped message="=== RUN   TestMetricsEndpoint_OTel/log-gateway&#xA;    suite.go:313: Label filter expression: &#34;not experimental and not fluent-bit and set-b&#34;, test labels: [log-gateway set-c]&#xA;2026/04/06 12:26:11 evaluating test labels: [log-gateway set-c]&#xA;    suite.go:313: Test skipped: label filter &#39;not experimental and not fluent-bit and set-b&#39; not satisfied&#xA;--- SKIP: TestMetricsEndpoint_OTel/log-gateway (0.00s)&#xA;"></skipped>
		</testcase>
		<testcase classname="github.com/kyma-project/telemetry-manager/test/e2e/logs/shared" name="TestMetricsEndpoint_OTel/log-gateway-experimental" time="0.000000">
			<skipped message="=== RUN   TestMetricsEndpoint_OTel/log-gateway-experimental&#xA;    suite.go:313: Label filter expression: &#34;not experimental and not fluent-bit and set-b&#34;, test labels: [log-gateway experimental set-a]&#xA;2026/04/06 12:26:11 evaluating test labels: [log-gateway experimental set-a]&#xA;    suite.go:313: Test skipped: label filter &#39;not experimental and not fluent-bit and set-b&#39; not satisfied&#xA;--- SKIP: TestMetricsEndpoint_OTel/log-gateway-experimental (0.00s)&#xA;"></skipped>
		</testcase>
		<testcase classname="github.com/kyma-project/telemetry-manager/test/e2e/logs/shared" name="TestMetricsEndpoint_FluentBit" time="0.000000">
			<skipped message="=== RUN   TestMetricsEndpoint_FluentBit&#xA;    suite.go:313: Label filter expression: &#34;not experimental and not fluent-bit and set-b&#34;, test labels: [fluent-bit set-b]&#xA;2026/04/06 12:26:11 evaluating test labels: [fluent-bit set-b]&#xA;    suite.go:313: Test skipped: label filter &#39;not experimental and not fluent-bit and set-b&#39; not satisfied&#xA;--- SKIP: TestMetricsEndpoint_FluentBit (0.00s)&#xA;"></skipped>
		</testcase>
		<testcase classname="github.com/kyma-project/telemetry-manager/test/e2e/logs/shared" name="TestContainerSelector_OTel" time="0.000000">
			<skipped message="=== RUN   TestContainerSelector_OTel&#xA;    suite.go:313: Label filter expression: &#34;not experimental and not fluent-bit and set-b&#34;, test labels: [log-agent set-a]&#xA;2026/04/06 12:26:11 evaluating test labels: [log-agent set-a]&#xA;    suite.go:313: Test skipped: label filter &#39;not experimental and not fluent-bit and set-b&#39; not satisfied&#xA;--- SKIP: TestContainerSelector_OTel (0.00s)&#xA;"></skipped>
		</testcase>
		<testcase classname="github.com/kyma-project/telemetry-manager/test/e2e/logs/shared" name="TestContainerSelector_FluentBit" time="0.000000">
			<skipped message="=== RUN   TestContainerSelector_FluentBit&#xA;    suite.go:313: Label filter expression: &#34;not experimental and not fluent-bit and set-b&#34;, test labels: [fluent-bit set-c]&#xA;2026/04/06 12:26:11 evaluating test labels: [fluent-bit set-c]&#xA;    suite.go:313: Test skipped: label filter &#39;not experimental and not fluent-bit and set-b&#39; not satisfied&#xA;--- SKIP: TestContainerSelector_FluentBit (0.00s)&#xA;"></skipped>
		</testcase>
		<testcase classname="github.com/kyma-project/telemetry-manager/test/e2e/logs/shared" name="TestDisabledInput_FluentBit" time="0.000000">
			<skipped message="=== RUN   TestDisabledInput_FluentBit&#xA;    suite.go:313: Label filter expression: &#34;not experimental and not fluent-bit and set-b&#34;, test labels: [fluent-bit set-b]&#xA;2026/04/06 12:26:28 evaluating test labels: [fluent-bit set-b]&#xA;    suite.go:313: Test skipped: label filter &#39;not experimental and not fluent-bit and set-b&#39; not satisfied&#xA;--- SKIP: TestDisabledInput_FluentBit (0.00s)&#xA;"></skipped>
		</testcase>
		<testcase classname="github.com/kyma-project/telemetry-manager/test/e2e/logs/shared" name="TestExtractLabels_OTel/log-gateway" time="0.000000">
			<skipped message="=== RUN   TestExtractLabels_OTel/log-gateway&#xA;    suite.go:313: Label filter expression: &#34;not experimental and not fluent-bit and set-b&#34;, test labels: [log-gateway set-a]&#xA;2026/04/06 12:26:35 evaluating test labels: [log-gateway set-a]&#xA;    suite.go:313: Test skipped: label filter &#39;not experimental and not fluent-bit and set-b&#39; not satisfied&#xA;--- SKIP: TestExtractLabels_OTel/log-gateway (0.00s)&#xA;"></skipped>
		</testcase>
		<testcase classname="github.com/kyma-project/telemetry-manager/test/e2e/logs/shared" name="TestExtractLabels_OTel/log-gateway-experimental" time="0.000000">
			<skipped message="=== RUN   TestExtractLabels_OTel/log-gateway-experimental&#xA;    suite.go:313: Label filter expression: &#34;not experimental and not fluent-bit and set-b&#34;, test labels: [log-gateway experimental set-a]&#xA;2026/04/06 12:26:35 evaluating test labels: [log-gateway experimental set-a]&#xA;    suite.go:313: Test skipped: label filter &#39;not experimental and not fluent-bit and set-b&#39; not satisfied&#xA;--- SKIP: TestExtractLabels_OTel/log-gateway-experimental (0.00s)&#xA;"></skipped>
		</testcase>
		<testcase classname="github.com/kyma-project/telemetry-manager/test/e2e/logs/shared" name="TestExtractLabels_FluentBit" time="0.000000">
			<skipped message="=== RUN   TestExtractLabels_FluentBit&#xA;    suite.go:313: Label filter expression: &#34;not experimental and not fluent-bit and set-b&#34;, test labels: [fluent-bit set-b]&#xA;2026/04/06 12:26:35 evaluating test labels: [fluent-bit set-b]&#xA;    suite.go:313: Test skipped: label filter &#39;not experimental and not fluent-bit and set-b&#39; not satisfied&#xA;--- SKIP: TestExtractLabels_FluentBit (0.00s)&#xA;"></skipped>
		</testcase>
		<testcase classname="github.com/kyma-project/telemetry-manager/test/e2e/logs/shared" name="TestFilter_OTel/log-agent" time="0.000000">
			<skipped message="=== RUN   TestFilter_OTel/log-agent&#xA;    suite.go:313: Label filter expression: &#34;not experimental and not fluent-bit and set-b&#34;, test labels: [log-agent set-c]&#xA;2026/04/06 12:26:35 evaluating test labels: [log-agent set-c]&#xA;    suite.go:313: Test skipped: label filter &#39;not experimental and not fluent-bit and set-b&#39; not satisfied&#xA;--- SKIP: TestFilter_OTel/log-agent (0.00s)&#xA;"></skipped>
		</testcase>
		<testcase classname="github.com/kyma-project/telemetry-manager/test/e2e/logs/shared" name="TestFilter_OTel/log-gateway" time="0.000000">
			<skipped message="=== RUN   TestFilter_OTel/log-gateway&#xA;    suite.go:313: Label filter expression: &#34;not experimental and not fluent-bit and set-b&#34;, test labels: [log-gateway set-a]&#xA;2026/04/06 12:26:35 evaluating test labels: [log-gateway set-a]&#xA;    suite.go:313: Test skipped: label filter &#39;not experimental and not fluent-bit and set-b&#39; not satisfied&#xA;--- SKIP: TestFilter_OTel/log-gateway (0.00s)&#xA;"></skipped>
		</testcase>
		<testcase classname="github.com/kyma-project/telemetry-manager/test/e2e/logs/shared" name="TestFilter_OTel/log-gateway-experimental" time="0.000000">
			<skipped message="=== RUN   TestFilter_OTel/log-gateway-experimental&#xA;    suite.go:313: Label filter expression: &#34;not experimental and not fluent-bit and set-b&#34;, test labels: [log-gateway experimental set-c]&#xA;2026/04/06 12:26:35 evaluating test labels: [log-gateway experimental set-c]&#xA;    suite.go:313: Test skipped: label filter &#39;not experimental and not fluent-bit and set-b&#39; not satisfied&#xA;--- SKIP: TestFilter_OTel/log-gateway-experimental (0.00s)&#xA;"></skipped>
		</testcase>
		<testcase classname="github.com/kyma-project/telemetry-manager/test/e2e/logs/shared" name="TestKeepOriginalBody_OTel" time="0.000000">
			<skipped message="=== RUN   TestKeepOriginalBody_OTel&#xA;    suite.go:313: Label filter expression: &#34;not experimental and not fluent-bit and set-b&#34;, test labels: [log-agent set-c]&#xA;2026/04/06 12:26:35 evaluating test labels: [log-agent set-c]&#xA;    suite.go:313: Test skipped: label filter &#39;not experimental and not fluent-bit and set-b&#39; not satisfied&#xA;--- SKIP: TestKeepOriginalBody_OTel (0.00s)&#xA;"></skipped>
		</testcase>
		<testcase classname="github.com/kyma-project/telemetry-manager/test/e2e/logs/shared" name="TestKeepOriginalBody_FluentBit" time="0.000000">
			<skipped message="=== RUN   TestKeepOriginalBody_FluentBit&#xA;    suite.go:313: Label filter expression: &#34;not experimental and not fluent-bit and set-b&#34;, test labels: [fluent-bit set-c]&#xA;2026/04/06 12:26:35 evaluating test labels: [fluent-bit set-c]&#xA;    suite.go:313: Test skipped: label filter &#39;not experimental and not fluent-bit and set-b&#39; not satisfied&#xA;--- SKIP: TestKeepOriginalBody_FluentBit (0.00s)&#xA;"></skipped>
		</testcase>
		<testcase classname="github.com/kyma-project/telemetry-manager/test/e2e/logs/shared" name="TestMTLSAboutToExpireCert_OTel/log-agent" time="0.000000">
			<skipped message="=== RUN   TestMTLSAboutToExpireCert_OTel/log-agent&#xA;    suite.go:313: Label filter expression: &#34;not experimental and not fluent-bit and set-b&#34;, test labels: [log-agent mtls set-c]&#xA;2026/04/06 12:26:35 evaluating test labels: [log-agent mtls set-c]&#xA;    suite.go:313: Test skipped: label filter &#39;not experimental and not fluent-bit and set-b&#39; not satisfied&#xA;--- SKIP: TestMTLSAboutToExpireCert_OTel/log-agent (0.00s)&#xA;"></skipped>
		</testcase>
		<testcase classname="github.com/kyma-project/telemetry-manager/test/e2e/logs/shared" name="TestMTLSAboutToExpireCert_OTel/log-gateway-experimental" time="0.000000">
			<skipped message="=== RUN   TestMTLSAboutToExpireCert_OTel/log-gateway-experimental&#xA;    suite.go:313: Label filter expression: &#34;not experimental and not fluent-bit and set-b&#34;, test labels: [log-gateway mtls experimental set-a]&#xA;2026/04/06 12:26:51 evaluating test labels: [log-gateway mtls experimental set-a]&#xA;    suite.go:313: Test skipped: label filter &#39;not experimental and not fluent-bit and set-b&#39; not satisfied&#xA;--- SKIP: TestMTLSAboutToExpireCert_OTel/log-gateway-experimental (0.00s)&#xA;"></skipped>
		</testcase>
		<testcase classname="github.com/kyma-project/telemetry-manager/test/e2e/logs/shared" name="TestMTLSAboutToExpireCert_FluentBit" time="0.000000">
			<skipped message="=== RUN   TestMTLSAboutToExpireCert_FluentBit&#xA;    suite.go:313: Label filter expression: &#34;not experimental and not fluent-bit and set-b&#34;, test labels: [fluent-bit set-b]&#xA;2026/04/06 12:26:51 evaluating test labels: [fluent-bit set-b]&#xA;    suite.go:313: Test skipped: label filter &#39;not experimental and not fluent-bit and set-b&#39; not satisfied&#xA;--- SKIP: TestMTLSAboutToExpireCert_FluentBit (0.00s)&#xA;"></skipped>
		</testcase>
		<testcase classname="github.com/kyma-project/telemetry-manager/test/e2e/logs/shared" name="TestMTLS_OTel/log-agent" time="0.000000">
			<skipped message="=== RUN   TestMTLS_OTel/log-agent&#xA;    suite.go:313: Label filter expression: &#34;not experimental and not fluent-bit and set-b&#34;, test labels: [log-agent mtls set-c]&#xA;2026/04/06 12:26:51 evaluating test labels: [log-agent mtls set-c]&#xA;    suite.go:313: Test skipped: label filter &#39;not experimental and not fluent-bit and set-b&#39; not satisfied&#xA;--- SKIP: TestMTLS_OTel/log-agent (0.00s)&#xA;"></skipped>
		</testcase>
		<testcase classname="github.com/kyma-project/telemetry-manager/test/e2e/logs/shared" name="TestMTLS_OTel/log-gateway-experimental" time="0.000000">
			<skipped message="=== RUN   TestMTLS_OTel/log-gateway-experimental&#xA;    suite.go:313: Label filter expression: &#34;not experimental and not fluent-bit and set-b&#34;, test labels: [log-gateway mtls experimental set-b]&#xA;2026/04/06 12:27:07 evaluating test labels: [log-gateway mtls experimental set-b]&#xA;    suite.go:313: Test skipped: label filter &#39;not experimental and not fluent-bit and set-b&#39; not satisfied&#xA;--- SKIP: TestMTLS_OTel/log-gateway-experimental (0.00s)&#xA;"></skipped>
		</testcase>
		<testcase classname="github.com/kyma-project/telemetry-manager/test/e2e/logs/shared" name="TestMTLS_FluentBit" time="0.000000">
			<skipped message="=== RUN   TestMTLS_FluentBit&#xA;    suite.go:313: Label filter expression: &#34;not experimental and not fluent-bit and set-b&#34;, test labels: [fluent-bit set-c]&#xA;2026/04/06 12:27:07 evaluating test labels: [fluent-bit set-c]&#xA;    suite.go:313: Test skipped: label filter &#39;not experimental and not fluent-bit and set-b&#39; not satisfied&#xA;--- SKIP: TestMTLS_FluentBit (0.00s)&#xA;"></skipped>
		</testcase>
		<testcase classname="github.com/kyma-project/telemetry-manager/test/e2e/logs/shared" name="TestMultiPipelineBroken_OTel/log-agent" time="0.000000">
			<skipped message="=== RUN   TestMultiPipelineBroken_OTel/log-agent&#xA;    suite.go:313: Label filter expression: &#34;not experimental and not fluent-bit and set-b&#34;, test labels: [log-agent set-a]&#xA;2026/04/06 12:27:07 evaluating test labels: [log-agent set-a]&#xA;    suite.go:313: Test skipped: label filter &#39;not experimental and not fluent-bit and set-b&#39; not satisfied&#xA;--- SKIP: TestMultiPipelineBroken_OTel/log-agent (0.00s)&#xA;"></skipped>
		</testcase>
		<testcase classname="github.com/kyma-project/telemetry-manager/test/e2e/logs/shared" name="TestMultiPipelineBroken_OTel/log-gateway-experimental" time="0.000000">
			<skipped message="=== RUN   TestMultiPipelineBroken_OTel/log-gateway-experimental&#xA;    suite.go:313: Label filter expression: &#34;not experimental and not fluent-bit and set-b&#34;, test labels: [log-gateway experimental set-a]&#xA;2026/04/06 12:27:24 evaluating test labels: [log-gateway experimental set-a]&#xA;    suite.go:313: Test skipped: label filter &#39;not experimental and not fluent-bit and set-b&#39; not satisfied&#xA;--- SKIP: TestMultiPipelineBroken_OTel/log-gateway-experimental (0.00s)&#xA;"></skipped>
		</testcase>
		<testcase classname="github.com/kyma-project/telemetry-manager/test/e2e/logs/shared" name="TestMultiPipelineBroken_FluentBit" time="0.000000">
			<skipped message="=== RUN   TestMultiPipelineBroken_FluentBit&#xA;    suite.go:313: Label filter expression: &#34;not experimental and not fluent-bit and set-b&#34;, test labels: [fluent-bit set-b]&#xA;2026/04/06 12:27:24 evaluating test labels: [fluent-bit set-b]&#xA;    suite.go:313: Test skipped: label filter &#39;not experimental and not fluent-bit and set-b&#39; not satisfied&#xA;--- SKIP: TestMultiPipelineBroken_FluentBit (0.00s)&#xA;"></skipped>
		</testcase>
		<testcase classname="github.com/kyma-project/telemetry-manager/test/e2e/logs/shared" name="TestMultiPipelineFanout_OTel/log-gateway-experimental" time="0.000000">
			<skipped message="=== RUN   TestMultiPipelineFanout_OTel/log-gateway-experimental&#xA;    suite.go:313: Label filter expression: &#34;not experimental and not fluent-bit and set-b&#34;, test labels: [log-gateway experimental set-b]&#xA;2026/04/06 12:27:50 evaluating test labels: [log-gateway experimental set-b]&#xA;    suite.go:313: Test skipped: label filter &#39;not experimental and not fluent-bit and set-b&#39; not satisfied&#xA;--- SKIP: TestMultiPipelineFanout_OTel/log-gateway-experimental (0.00s)&#xA;"></skipped>
		</testcase>
		<testcase classname="github.com/kyma-project/telemetry-manager/test/e2e/logs/shared" name="TestMultiPipelineFanout_FluentBit" time="0.000000">
			<skipped message="=== RUN   TestMultiPipelineFanout_FluentBit&#xA;    suite.go:313: Label filter expression: &#34;not experimental and not fluent-bit and set-b&#34;, test labels: [fluent-bit set-a]&#xA;2026/04/06 12:27:50 evaluating test labels: [fluent-bit set-a]&#xA;    suite.go:313: Test skipped: label filter &#39;not experimental and not fluent-bit and set-b&#39; not satisfied&#xA;--- SKIP: TestMultiPipelineFanout_FluentBit (0.00s)&#xA;"></skipped>
		</testcase>
		<testcase classname="github.com/kyma-project/telemetry-manager/test/e2e/logs/shared" name="TestMultiPipelineMaxPipeline" time="0.000000">
			<skipped message="=== RUN   TestMultiPipelineMaxPipeline&#xA;    suite.go:313: Label filter expression: &#34;not experimental and not fluent-bit and set-b&#34;, test labels: [logs max-pipeline set-a]&#xA;2026/04/06 12:27:50 evaluating test labels: [logs max-pipeline set-a]&#xA;    suite.go:313: Test skipped: label filter &#39;not experimental and not fluent-bit and set-b&#39; not satisfied&#xA;--- SKIP: TestMultiPipelineMaxPipeline (0.00s)&#xA;"></skipped>
		</testcase>
		<testcase classname="github.com/kyma-project/telemetry-manager/test/e2e/logs/shared" name="TestMultiPipelineMaxPipeline_OTel/unlimited-pipelines-experimental" time="0.000000">
			<skipped message="=== RUN   TestMultiPipelineMaxPipeline_OTel/unlimited-pipelines-experimental&#xA;    suite.go:313: Label filter expression: &#34;not experimental and not fluent-bit and set-b&#34;, test labels: [logs otel max-pipeline experimental set-c]&#xA;2026/04/06 12:28:12 evaluating test labels: [logs otel max-pipeline experimental set-c]&#xA;    suite.go:313: Test skipped: label filter &#39;not experimental and not fluent-bit and set-b&#39; not satisfied&#xA;--- SKIP: TestMultiPipelineMaxPipeline_OTel/unlimited-pipelines-experimental (0.00s)&#xA;"></skipped>
		</testcase>
		<testcase classname="github.com/kyma-project/telemetry-manager/test/e2e/logs/shared" name="TestMultiPipelineMaxPipeline_FluentBit" time="0.000000">
			<skipped message="=== RUN   TestMultiPipelineMaxPipeline_FluentBit&#xA;    suite.go:313: Label filter expression: &#34;not experimental and not fluent-bit and set-b&#34;, test labels: [logs fluent-bit max-pipeline set-c]&#xA;2026/04/06 12:28:12 evaluating test labels: [logs fluent-bit max-pipeline set-c]&#xA;    suite.go:313: Test skipped: label filter &#39;not experimental and not fluent-bit and set-b&#39; not satisfied&#xA;--- SKIP: TestMultiPipelineMaxPipeline_FluentBit (0.00s)&#xA;"></skipped>
		</testcase>
		<testcase classname="github.com/kyma-project/telemetry-manager/test/e2e/logs/shared" name="TestNamespaceSelector_OTel/log-agent" time="0.000000">
			<skipped message="=== RUN   TestNamespaceSelector_OTel/log-agent&#xA;    suite.go:313: Label filter expression: &#34;not experimental and not fluent-bit and set-b&#34;, test labels: [log-agent set-a]&#xA;2026/04/06 12:28:12 evaluating test labels: [log-agent set-a]&#xA;    suite.go:313: Test skipped: label filter &#39;not experimental and not fluent-bit and set-b&#39; not satisfied&#xA;--- SKIP: TestNamespaceSelector_OTel/log-agent (0.00s)&#xA;"></skipped>
		</testcase>
		<testcase classname="github.com/kyma-project/telemetry-manager/test/e2e/logs/shared" name="TestNamespaceSelector_OTel/log-gateway" time="0.000000">
			<skipped message="=== RUN   TestNamespaceSelector_OTel/log-gateway&#xA;    suite.go:313: Label filter expression: &#34;not experimental and not fluent-bit and set-b&#34;, test labels: [log-gateway set-c]&#xA;2026/04/06 12:28:12 evaluating test labels: [log-gateway set-c]&#xA;    suite.go:313: Test skipped: label filter &#39;not experimental and not fluent-bit and set-b&#39; not satisfied&#xA;--- SKIP: TestNamespaceSelector_OTel/log-gateway (0.00s)&#xA;"></skipped>
		</testcase>
		<testcase classname="github.com/kyma-project/telemetry-manager/test/e2e/logs/shared" name="TestNamespaceSelector_OTel/log-gateway-experimental" time="0.000000">
			<skipped message="=== RUN   TestNamespaceSelector_OTel/log-gateway-experimental&#xA;    suite.go:313: Label filter expression: &#34;not experimental and not fluent-bit and set-b&#34;, test labels: [log-gateway experimental set-b]&#xA;2026/04/06 12:28:12 evaluating test labels: [log-gateway experimental set-b]&#xA;    suite.go:313: Test skipped: label filter &#39;not experimental and not fluent-bit and set-b&#39; not satisfied&#xA;--- SKIP: TestNamespaceSelector_OTel/log-gateway-experimental (0.00s)&#xA;"></skipped>
		</testcase>
		<testcase classname="github.com/kyma-project/telemetry-manager/test/e2e/logs/shared" name="TestNamespaceSelector_FluentBit" time="0.000000">
			<skipped message="=== RUN   TestNamespaceSelector_FluentBit&#xA;    suite.go:313: Label filter expression: &#34;not experimental and not fluent-bit and set-b&#34;, test labels: [fluent-bit set-c]&#xA;2026/04/06 12:28:12 evaluating test labels: [fluent-bit set-c]&#xA;    suite.go:313: Test skipped: label filter &#39;not experimental and not fluent-bit and set-b&#39; not satisfied&#xA;--- SKIP: TestNamespaceSelector_FluentBit (0.00s)&#xA;"></skipped>
		</testcase>
		<testcase classname="github.com/kyma-project/telemetry-manager/test/e2e/logs/shared" name="TestOAuth2/log-agent-oauth2" time="0.000000">
			<skipped message="=== RUN   TestOAuth2/log-agent-oauth2&#xA;    suite.go:313: Label filter expression: &#34;not experimental and not fluent-bit and set-b&#34;, test labels: [log-gateway oauth2 experimental set-a]&#xA;2026/04/06 12:29:14 evaluating test labels: [log-gateway oauth2 experimental set-a]&#xA;    suite.go:313: Test skipped: label filter &#39;not experimental and not fluent-bit and set-b&#39; not satisfied&#xA;--- SKIP: TestOAuth2/log-agent-oauth2 (0.00s)&#xA;"></skipped>
		</testcase>
		<testcase classname="github.com/kyma-project/telemetry-manager/test/e2e/logs/shared" name="TestObservedTime_OTel/log-agent" time="0.000000">
			<skipped message="=== RUN   TestObservedTime_OTel/log-agent&#xA;    suite.go:313: Label filter expression: &#34;not experimental and not fluent-bit and set-b&#34;, test labels: [log-agent set-a]&#xA;2026/04/06 12:29:14 evaluating test labels: [log-agent set-a]&#xA;    suite.go:313: Test skipped: label filter &#39;not experimental and not fluent-bit and set-b&#39; not satisfied&#xA;--- SKIP: TestObservedTime_OTel/log-agent (0.00s)&#xA;"></skipped>
		</testcase>
		<testcase classname="github.com/kyma-project/telemetry-manager/test/e2e/logs/shared" name="TestObservedTime_OTel/log-gateway-experimental" time="0.000000">
			<skipped message="=== RUN   TestObservedTime_OTel/log-gateway-experimental&#xA;    suite.go:313: Label filter expression: &#34;not experimental and not fluent-bit and set-b&#34;, test labels: [log-gateway experimental set-c]&#xA;2026/04/06 12:29:40 evaluating test labels: [log-gateway experimental set-c]&#xA;    suite.go:313: Test skipped: label filter &#39;not experimental and not fluent-bit and set-b&#39; not satisfied&#xA;--- SKIP: TestObservedTime_OTel/log-gateway-experimental (0.00s)&#xA;"></skipped>
		</testcase>
		<testcase classname="github.com/kyma-project/telemetry-manager/test/e2e/logs/shared" name="TestResources_OTel" time="0.000000">
			<skipped message="=== RUN   TestResources_OTel&#xA;    suite.go:313: Label filter expression: &#34;not experimental and not fluent-bit and set-b&#34;, test labels: [logs otel set-a]&#xA;2026/04/06 12:29:40 evaluating test labels: [logs otel set-a]&#xA;    suite.go:313: Test skipped: label filter &#39;not experimental and not fluent-bit and set-b&#39; not satisfied&#xA;--- SKIP: TestResources_OTel (0.00s)&#xA;"></skipped>
		</testcase>
		<testcase classname="github.com/kyma-project/telemetry-manager/test/e2e/logs/shared" name="TestResources_FluentBit" time="0.000000">
			<skipped message="=== RUN   TestResources_FluentBit&#xA;    suite.go:313: Label filter expression: &#34;not experimental and not fluent-bit and set-b&#34;, test labels: [logs fluent-bit set-a]&#xA;2026/04/06 12:29:40 evaluating test labels: [logs fluent-bit set-a]&#xA;    suite.go:313: Test skipped: label filter &#39;not experimental and not fluent-bit and set-b&#39; not satisfied&#xA;--- SKIP: TestResources_FluentBit (0.00s)&#xA;"></skipped>
		</testcase>
		<testcase classname="github.com/kyma-project/telemetry-manager/test/e2e/logs/shared" name="TestSecretMissing_OTel/log-agent" time="0.000000">
			<skipped message="=== RUN   TestSecretMissing_OTel/log-agent&#xA;    suite.go:313: Label filter expression: &#34;not experimental and not fluent-bit and set-b&#34;, test labels: [log-agent set-c]&#xA;2026/04/06 12:29:40 evaluating test labels: [log-agent set-c]&#xA;    suite.go:313: Test skipped: label filter &#39;not experimental and not fluent-bit and set-b&#39; not satisfied&#xA;--- SKIP: TestSecretMissing_OTel/log-agent (0.00s)&#xA;"></skipped>
		</testcase>
		<testcase classname="github.com/kyma-project/telemetry-manager/test/e2e/logs/shared" name="TestSecretMissing_OTel/log-gateway" time="0.000000">
			<skipped message="=== RUN   TestSecretMissing_OTel/log-gateway&#xA;    suite.go:313: Label filter expression: &#34;not experimental and not fluent-bit and set-b&#34;, test labels: [log-gateway set-c]&#xA;2026/04/06 12:29:40 evaluating test labels: [log-gateway set-c]&#xA;    suite.go:313: Test skipped: label filter &#39;not experimental and not fluent-bit and set-b&#39; not satisfied&#xA;--- SKIP: TestSecretMissing_OTel/log-gateway (0.00s)&#xA;"></skipped>
		</testcase>
		<testcase classname="github.com/kyma-project/telemetry-manager/test/e2e/logs/shared" name="TestSecretMissing_OTel/log-gateway-experimental" time="0.000000">
			<skipped message="=== RUN   TestSecretMissing_OTel/log-gateway-experimental&#xA;    suite.go:313: Label filter expression: &#34;not experimental and not fluent-bit and set-b&#34;, test labels: [log-gateway experimental set-a]&#xA;2026/04/06 12:29:40 evaluating test labels: [log-gateway experimental set-a]&#xA;    suite.go:313: Test skipped: label filter &#39;not experimental and not fluent-bit and set-b&#39; not satisfied&#xA;--- SKIP: TestSecretMissing_OTel/log-gateway-experimental (0.00s)&#xA;"></skipped>
		</testcase>
		<testcase classname="github.com/kyma-project/telemetry-manager/test/e2e/logs/shared" name="TestSecretMissing_FluentBit" time="0.000000">
			<skipped message="=== RUN   TestSecretMissing_FluentBit&#xA;    suite.go:313: Label filter expression: &#34;not experimental and not fluent-bit and set-b&#34;, test labels: [fluent-bit set-c]&#xA;2026/04/06 12:29:40 evaluating test labels: [fluent-bit set-c]&#xA;    suite.go:313: Test skipped: label filter &#39;not experimental and not fluent-bit and set-b&#39; not satisfied&#xA;--- SKIP: TestSecretMissing_FluentBit (0.00s)&#xA;"></skipped>
		</testcase>
		<testcase classname="github.com/kyma-project/telemetry-manager/test/e2e/logs/shared" name="TestSecretRotation_OTel/log-agent" time="0.000000">
			<skipped message="=== RUN   TestSecretRotation_OTel/log-agent&#xA;    suite.go:313: Label filter expression: &#34;not experimental and not fluent-bit and set-b&#34;, test labels: [log-agent set-a]&#xA;2026/04/06 12:29:40 evaluating test labels: [log-agent set-a]&#xA;    suite.go:313: Test skipped: label filter &#39;not experimental and not fluent-bit and set-b&#39; not satisfied&#xA;--- SKIP: TestSecretRotation_OTel/log-agent (0.00s)&#xA;"></skipped>
		</testcase>
		<testcase classname="github.com/kyma-project/telemetry-manager/test/e2e/logs/shared" name="TestSecretRotation_OTel/log-gateway-experimental" time="0.000000">
			<skipped message="=== RUN   TestSecretRotation_OTel/log-gateway-experimental&#xA;    suite.go:313: Label filter expression: &#34;not experimental and not fluent-bit and set-b&#34;, test labels: [log-gateway experimental set-b]&#xA;2026/04/06 12:30:09 evaluating test labels: [log-gateway experimental set-b]&#xA;    suite.go:313: Test skipped: label filter &#39;not experimental and not fluent-bit and set-b&#39; not satisfied&#xA;--- SKIP: TestSecretRotation_OTel/log-gateway-experimental (0.00s)&#xA;"></skipped>
		</testcase>
		<testcase classname="github.com/kyma-project/telemetry-manager/test/e2e/logs/shared" name="TestSecretRotation_FluentBit" time="0.000000">
			<skipped message="=== RUN   TestSecretRotation_FluentBit&#xA;    suite.go:313: Label filter expression: &#34;not experimental and not fluent-bit and set-b&#34;, test labels: [fluent-bit set-c]&#xA;2026/04/06 12:30:09 evaluating test labels: [fluent-bit set-c]&#xA;    suite.go:313: Test skipped: label filter &#39;not experimental and not fluent-bit and set-b&#39; not satisfied&#xA;--- SKIP: TestSecretRotation_FluentBit (0.00s)&#xA;"></skipped>
		</testcase>
		<testcase classname="github.com/kyma-project/telemetry-manager/test/e2e/logs/shared" name="TestServiceEnrichment_OTel/log-agent" time="0.000000">
			<skipped message="=== RUN   TestServiceEnrichment_OTel/log-agent&#xA;    suite.go:313: Label filter expression: &#34;not experimental and not fluent-bit and set-b&#34;, test labels: [log-agent set-c]&#xA;2026/04/06 12:30:09 evaluating test labels: [log-agent set-c]&#xA;    suite.go:313: Test skipped: label filter &#39;not experimental and not fluent-bit and set-b&#39; not satisfied&#xA;--- SKIP: TestServiceEnrichment_OTel/log-agent (0.00s)&#xA;"></skipped>
		</testcase>
		<testcase classname="github.com/kyma-project/telemetry-manager/test/e2e/logs/shared" name="TestServiceEnrichment_OTel/log-gateway" time="0.000000">
			<skipped message="=== RUN   TestServiceEnrichment_OTel/log-gateway&#xA;    suite.go:313: Label filter expression: &#34;not experimental and not fluent-bit and set-b&#34;, test labels: [log-gateway set-c]&#xA;2026/04/06 12:30:09 evaluating test labels: [log-gateway set-c]&#xA;    suite.go:313: Test skipped: label filter &#39;not experimental and not fluent-bit and set-b&#39; not satisfied&#xA;--- SKIP: TestServiceEnrichment_OTel/log-gateway (0.00s)&#xA;"></skipped>
		</testcase>
		<testcase classname="github.com/kyma-project/telemetry-manager/test/e2e/logs/shared" name="TestServiceName_OTel/log-agent" time="0.000000">
			<skipped message="=== RUN   TestServiceName_OTel/log-agent&#xA;    suite.go:313: Label filter expression: &#34;not experimental and not fluent-bit and set-b&#34;, test labels: [log-agent set-a]&#xA;2026/04/06 12:30:09 evaluating test labels: [log-agent set-a]&#xA;    suite.go:313: Test skipped: label filter &#39;not experimental and not fluent-bit and set-b&#39; not satisfied&#xA;--- SKIP: TestServiceName_OTel/log-agent (0.00s)&#xA;"></skipped>
		</testcase>
		<testcase classname="github.com/kyma-project/telemetry-manager/test/e2e/logs/shared" name="TestServiceName_OTel/log-gateway-experimental" time="0.000000">
			<skipped message="=== RUN   TestServiceName_OTel/log-gateway-experimental&#xA;    suite.go:313: Label filter expression: &#34;not experimental and not fluent-bit and set-b&#34;, test labels: [log-gateway experimental set-c]&#xA;2026/04/06 12:30:50 evaluating test labels: [log-gateway experimental set-c]&#xA;    suite.go:313: Test skipped: label filter &#39;not experimental and not fluent-bit and set-b&#39; not satisfied&#xA;--- SKIP: TestServiceName_OTel/log-gateway-experimental (0.00s)&#xA;"></skipped>
		</testcase>
		<testcase classname="github.com/kyma-project/telemetry-manager/test/e2e/logs/shared" name="TestSinglePipeline_OTel/log-agent/grpc" time="0.000000">
			<skipped message="=== RUN   TestSinglePipeline_OTel/log-agent/grpc&#xA;    suite.go:313: Label filter expression: &#34;not experimental and not fluent-bit and set-b&#34;, test labels: [log-agent set-c]&#xA;2026/04/06 12:30:50 evaluating test labels: [log-agent set-c]&#xA;    suite.go:313: Test skipped: label filter &#39;not experimental and not fluent-bit and set-b&#39; not satisfied&#xA;--- SKIP: TestSinglePipeline_OTel/log-agent/grpc (0.00s)&#xA;"></skipped>
		</testcase>
		<testcase classname="github.com/kyma-project/telemetry-manager/test/e2e/logs/shared" name="TestSinglePipeline_OTel/log-gateway/grpc" time="0.000000">
			<skipped message="=== RUN   TestSinglePipeline_OTel/log-gateway/grpc&#xA;    suite.go:313: Label filter expression: &#34;not experimental and not fluent-bit and set-b&#34;, test labels: [log-gateway set-c]&#xA;2026/04/06 12:30:58 evaluating test labels: [log-gateway set-c]&#xA;    suite.go:313: Test skipped: label filter &#39;not experimental and not fluent-bit and set-b&#39; not satisfied&#xA;--- SKIP: TestSinglePipeline_OTel/log-gateway/grpc (0.00s)&#xA;"></skipped>
		</testcase>
		<testcase classname="github.com/kyma-project/telemetry-manager/test/e2e/logs/shared" name="TestSinglePipeline_OTel/log-gateway/http" time="0.000000">
			<skipped message="=== RUN   TestSinglePipeline_OTel/log-gateway/http&#xA;    suite.go:313: Label filter expression: &#34;not experimental and not fluent-bit and set-b&#34;, test labels: [log-gateway set-a]&#xA;2026/04/06 12:30:58 evaluating test labels: [log-gateway set-a]&#xA;    suite.go:313: Test skipped: label filter &#39;not experimental and not fluent-bit and set-b&#39; not satisfied&#xA;--- SKIP: TestSinglePipeline_OTel/log-gateway/http (0.00s)&#xA;"></skipped>
		</testcase>
		<testcase classname="github.com/kyma-project/telemetry-manager/test/e2e/logs/shared" name="TestSinglePipeline_OTel/log-gateway-experimental/grpc" time="0.000000">
			<skipped message="=== RUN   TestSinglePipeline_OTel/log-gateway-experimental/grpc&#xA;    suite.go:313: Label filter expression: &#34;not experimental and not fluent-bit and set-b&#34;, test labels: [log-gateway experimental set-c]&#xA;2026/04/06 12:30:58 evaluating test labels: [log-gateway experimental set-c]&#xA;    suite.go:313: Test skipped: label filter &#39;not experimental and not fluent-bit and set-b&#39; not satisfied&#xA;--- SKIP: TestSinglePipeline_OTel/log-gateway-experimental/grpc (0.00s)&#xA;"></skipped>
		</testcase>
		<testcase classname="github.com/kyma-project/telemetry-manager/test/e2e/logs/shared" name="TestSinglePipeline_OTel/log-gateway-experimental/http" time="0.000000">
			<skipped message="=== RUN   TestSinglePipeline_OTel/log-gateway-experimental/http&#xA;    suite.go:313: Label filter expression: &#34;not experimental and not fluent-bit and set-b&#34;, test labels: [log-gateway experimental set-c]&#xA;2026/04/06 12:30:58 evaluating test labels: [log-gateway experimental set-c]&#xA;    suite.go:313: Test skipped: label filter &#39;not experimental and not fluent-bit and set-b&#39; not satisfied&#xA;--- SKIP: TestSinglePipeline_OTel/log-gateway-experimental/http (0.00s)&#xA;"></skipped>
		</testcase>
		<testcase classname="github.com/kyma-project/telemetry-manager/test/e2e/logs/shared" name="TestSinglePipeline_FluentBit" time="0.000000">
			<skipped message="=== RUN   TestSinglePipeline_FluentBit&#xA;    suite.go:313: Label filter expression: &#34;not experimental and not fluent-bit and set-b&#34;, test labels: [fluent-bit set-b]&#xA;2026/04/06 12:30:58 evaluating test labels: [fluent-bit set-b]&#xA;    suite.go:313: Test skipped: label filter &#39;not experimental and not fluent-bit and set-b&#39; not satisfied&#xA;--- SKIP: TestSinglePipeline_FluentBit (0.00s)&#xA;"></skipped>
		</testcase>
		<testcase classname="github.com/kyma-project/telemetry-manager/test/e2e/logs/shared" name="TestSinglePipelineV1Alpha1_OTel/log-agent" time="0.000000">
			<skipped message="=== RUN   TestSinglePipelineV1Alpha1_OTel/log-agent&#xA;    suite.go:313: Label filter expression: &#34;not experimental and not fluent-bit and set-b&#34;, test labels: [log-agent set-c]&#xA;2026/04/06 12:30:58 evaluating test labels: [log-agent set-c]&#xA;    suite.go:313: Test skipped: label filter &#39;not experimental and not fluent-bit and set-b&#39; not satisfied&#xA;--- SKIP: TestSinglePipelineV1Alpha1_OTel/log-agent (0.00s)&#xA;"></skipped>
		</testcase>
		<testcase classname="github.com/kyma-project/telemetry-manager/test/e2e/logs/shared" name="TestSinglePipelineV1Alpha1_OTel/log-gateway-experimental" time="0.000000">
			<skipped message="=== RUN   TestSinglePipelineV1Alpha1_OTel/log-gateway-experimental&#xA;    suite.go:313: Label filter expression: &#34;not experimental and not fluent-bit and set-b&#34;, test labels: [log-gateway experimental set-b]&#xA;2026/04/06 12:31:15 evaluating test labels: [log-gateway experimental set-b]&#xA;    suite.go:313: Test skipped: label filter &#39;not experimental and not fluent-bit and set-b&#39; not satisfied&#xA;--- SKIP: TestSinglePipelineV1Alpha1_OTel/log-gateway-experimental (0.00s)&#xA;"></skipped>
		</testcase>
		<testcase classname="github.com/kyma-project/telemetry-manager/test/e2e/logs/shared" name="TestSinglePipelineV1Alpha1_FluentBit" time="0.000000">
			<skipped message="=== RUN   TestSinglePipelineV1Alpha1_FluentBit&#xA;    suite.go:313: Label filter expression: &#34;not experimental and not fluent-bit and set-b&#34;, test labels: [fluent-bit set-c]&#xA;2026/04/06 12:31:15 evaluating test labels: [fluent-bit set-c]&#xA;    suite.go:313: Test skipped: label filter &#39;not experimental and not fluent-bit and set-b&#39; not satisfied&#xA;--- SKIP: TestSinglePipelineV1Alpha1_FluentBit (0.00s)&#xA;"></skipped>
		</testcase>
		<testcase classname="github.com/kyma-project/telemetry-manager/test/e2e/logs/shared" name="TestTransform_OTel/log-agent" time="0.000000">
			<skipped message="=== RUN   TestTransform_OTel/log-agent&#xA;    suite.go:313: Label filter expression: &#34;not experimental and not fluent-bit and set-b&#34;, test labels: [log-agent set-a]&#xA;2026/04/06 12:31:15 evaluating test labels: [log-agent set-a]&#xA;    suite.go:313: Test skipped: label filter &#39;not experimental and not fluent-bit and set-b&#39; not satisfied&#xA;--- SKIP: TestTransform_OTel/log-agent (0.00s)&#xA;"></skipped>
		</testcase>
		<testcase classname="github.com/kyma-project/telemetry-manager/test/e2e/logs/shared" name="TestTransform_OTel/log-agent#01" time="0.000000">
			<skipped message="=== RUN   TestTransform_OTel/log-agent#01&#xA;    suite.go:313: Label filter expression: &#34;not experimental and not fluent-bit and set-b&#34;, test labels: [log-agent set-a]&#xA;2026/04/06 12:31:15 evaluating test labels: [log-agent set-a]&#xA;    suite.go:313: Test skipped: label filter &#39;not experimental and not fluent-bit and set-b&#39; not satisfied&#xA;--- SKIP: TestTransform_OTel/log-agent#01 (0.00s)&#xA;"></skipped>
		</testcase>
		<testcase classname="github.com/kyma-project/telemetry-manager/test/e2e/logs/shared" name="TestTransform_OTel/log-agent#02" time="0.000000">
			<skipped message="=== RUN   TestTransform_OTel/log-agent#02&#xA;    suite.go:313: Label filter expression: &#34;not experimental and not fluent-bit and set-b&#34;, test labels: [log-agent set-c]&#xA;2026/04/06 12:31:15 evaluating test labels: [log-agent set-c]&#xA;    suite.go:313: Test skipped: label filter &#39;not experimental and not fluent-bit and set-b&#39; not satisfied&#xA;--- SKIP: TestTransform_OTel/log-agent#02 (0.00s)&#xA;"></skipped>
		</testcase>
		<testcase classname="github.com/kyma-project/telemetry-manager/test/e2e/logs/shared" name="TestTransform_OTel/log-gateway#01" time="0.000000">
			<skipped message="=== RUN   TestTransform_OTel/log-gateway#01&#xA;    suite.go:313: Label filter expression: &#34;not experimental and not fluent-bit and set-b&#34;, test labels: [log-gateway set-c]&#xA;2026/04/06 12:31:32 evaluating test labels: [log-gateway set-c]&#xA;    suite.go:313: Test skipped: label filter &#39;not experimental and not fluent-bit and set-b&#39; not satisfied&#xA;--- SKIP: TestTransform_OTel/log-gateway#01 (0.00s)&#xA;"></skipped>
		</testcase>
		<testcase classname="github.com/kyma-project/telemetry-manager/test/e2e/logs/shared" name="TestTransform_OTel/log-gateway#02" time="0.000000">
			<skipped message="=== RUN   TestTransform_OTel/log-gateway#02&#xA;    suite.go:313: Label filter expression: &#34;not experimental and not fluent-bit and set-b&#34;, test labels: [log-gateway set-a]&#xA;2026/04/06 12:31:32 evaluating test labels: [log-gateway set-a]&#xA;    suite.go:313: Test skipped: label filter &#39;not experimental and not fluent-bit and set-b&#39; not satisfied&#xA;--- SKIP: TestTransform_OTel/log-gateway#02 (0.00s)&#xA;"></skipped>
		</testcase>
		<testcase classname="github.com/kyma-project/telemetry-manager/test/e2e/logs/shared" name="TestTransform_OTel/log-gateway-experimental" time="0.000000">
			<skipped message="=== RUN   TestTransform_OTel/log-gateway-experimental&#xA;    suite.go:313: Label filter expression: &#34;not experimental and not fluent-bit and set-b&#34;, test labels: [log-gateway experimental set-c]&#xA;2026/04/06 12:31:32 evaluating test labels: [log-gateway experimental set-c]&#xA;    suite.go:313: Test skipped: label filter &#39;not experimental and not fluent-bit and set-b&#39; not satisfied&#xA;--- SKIP: TestTransform_OTel/log-gateway-experimental (0.00s)&#xA;"></skipped>
		</testcase>
		<testcase classname="github.com/kyma-project/telemetry-manager/test/e2e/logs/shared" name="TestTransform_OTel/log-gateway-experimental#01" time="0.000000">
			<skipped message="=== RUN   TestTransform_OTel/log-gateway-experimental#01&#xA;    suite.go:313: Label filter expression: &#34;not experimental and not fluent-bit and set-b&#34;, test labels: [log-gateway experimental set-c]&#xA;2026/04/06 12:31:32 evaluating test labels: [log-gateway experimental set-c]&#xA;    suite.go:313: Test skipped: label filter &#39;not experimental and not fluent-bit and set-b&#39; not satisfied&#xA;--- SKIP: TestTransform_OTel/log-gateway-experimental#01 (0.00s)&#xA;"></skipped>
		</testcase>
		<testcase classname="github.com/kyma-project/telemetry-manager/test/e2e/logs/shared" name="TestTransform_OTel/log-gateway-experimental#02" time="0.000000">
			<skipped message="=== RUN   TestTransform_OTel/log-gateway-experimental#02&#xA;    suite.go:313: Label filter expression: &#34;not experimental and not fluent-bit and set-b&#34;, test labels: [log-gateway experimental set-a]&#xA;2026/04/06 12:31:32 evaluating test labels: [log-gateway experimental set-a]&#xA;    suite.go:313: Test skipped: label filter &#39;not experimental and not fluent-bit and set-b&#39; not satisfied&#xA;--- SKIP: TestTransform_OTel/log-gateway-experimental#02 (0.00s)&#xA;"></skipped>
		</testcase>
		<testcase classname="github.com/kyma-project/telemetry-manager/test/e2e/logs/shared" name="TestMetricsEndpoint_OTel/log-agent" time="4.380000"></testcase>
		<testcase classname="github.com/kyma-project/telemetry-manager/test/e2e/logs/shared" name="TestMetricsEndpoint_OTel" time="4.380000"></testcase>
		<testcase classname="github.com/kyma-project/telemetry-manager/test/e2e/logs/shared" name="TestDisabledInput_OTel" time="17.190000"></testcase>
		<testcase classname="github.com/kyma-project/telemetry-manager/test/e2e/logs/shared" name="TestExtractLabels_OTel/log-agent" time="7.160000"></testcase>
		<testcase classname="github.com/kyma-project/telemetry-manager/test/e2e/logs/shared" name="TestExtractLabels_OTel" time="7.160000"></testcase>
		<testcase classname="github.com/kyma-project/telemetry-manager/test/e2e/logs/shared" name="TestFilter_OTel" time="0.000000"></testcase>
		<testcase classname="github.com/kyma-project/telemetry-manager/test/e2e/logs/shared" name="TestMTLSAboutToExpireCert_OTel/log-gateway" time="15.940000"></testcase>
		<testcase classname="github.com/kyma-project/telemetry-manager/test/e2e/logs/shared" name="TestMTLSAboutToExpireCert_OTel" time="15.950000"></testcase>
		<testcase classname="github.com/kyma-project/telemetry-manager/test/e2e/logs/shared" name="TestMTLS_OTel/log-gateway" time="15.270000"></testcase>
		<testcase classname="github.com/kyma-project/telemetry-manager/test/e2e/logs/shared" name="TestMTLS_OTel" time="15.270000"></testcase>
		<testcase classname="github.com/kyma-project/telemetry-manager/test/e2e/logs/shared" name="TestMultiPipelineBroken_OTel/log-gateway" time="16.920000"></testcase>
		<testcase classname="github.com/kyma-project/telemetry-manager/test/e2e/logs/shared" name="TestMultiPipelineBroken_OTel" time="16.920000"></testcase>
		<testcase classname="github.com/kyma-project/telemetry-manager/test/e2e/logs/shared" name="TestMultiPipelineFanout_OTel/log-agent" time="10.100000"></testcase>
		<testcase classname="github.com/kyma-project/telemetry-manager/test/e2e/logs/shared" name="TestMultiPipelineFanout_OTel/log-gateway" time="16.400000"></testcase>
		<testcase classname="github.com/kyma-project/telemetry-manager/test/e2e/logs/shared" name="TestMultiPipelineFanout_OTel" time="26.500000"></testcase>
		<testcase classname="github.com/kyma-project/telemetry-manager/test/e2e/logs/shared" name="TestMultiPipelineMaxPipeline_OTel/max-pipeline-limit" time="22.000000"></testcase>
		<testcase classname="github.com/kyma-project/telemetry-manager/test/e2e/logs/shared" name="TestMultiPipelineMaxPipeline_OTel" time="22.000000"></testcase>
		<testcase classname="github.com/kyma-project/telemetry-manager/test/e2e/logs/shared" name="TestNamespaceSelector_OTel" time="0.000000"></testcase>
		<testcase classname="github.com/kyma-project/telemetry-manager/test/e2e/logs/shared" name="TestOAuth2/log-agent" time="20.670000"></testcase>
		<testcase classname="github.com/kyma-project/telemetry-manager/test/e2e/logs/shared" name="TestOAuth2/log-gateway" time="41.010000"></testcase>
		<testcase classname="github.com/kyma-project/telemetry-manager/test/e2e/logs/shared" name="TestOAuth2" time="61.680000"></testcase>
		<testcase classname="github.com/kyma-project/telemetry-manager/test/e2e/logs/shared" name="TestObservedTime_OTel/log-gateway" time="26.380000"></testcase>
		<testcase classname="github.com/kyma-project/telemetry-manager/test/e2e/logs/shared" name="TestObservedTime_OTel" time="26.390000"></testcase>
		<testcase classname="github.com/kyma-project/telemetry-manager/test/e2e/logs/shared" name="TestSecretMissing_OTel" time="0.000000"></testcase>
		<testcase classname="github.com/kyma-project/telemetry-manager/test/e2e/logs/shared" name="TestSecretRotation_OTel/log-gateway" time="28.990000"></testcase>
		<testcase classname="github.com/kyma-project/telemetry-manager/test/e2e/logs/shared" name="TestSecretRotation_OTel" time="28.990000"></testcase>
		<testcase classname="github.com/kyma-project/telemetry-manager/test/e2e/logs/shared" name="TestServiceEnrichment_OTel" time="0.000000"></testcase>
		<testcase classname="github.com/kyma-project/telemetry-manager/test/e2e/logs/shared" name="TestServiceName_OTel/log-gateway" time="41.340000"></testcase>
		<testcase classname="github.com/kyma-project/telemetry-manager/test/e2e/logs/shared" name="TestServiceName_OTel" time="41.340000"></testcase>
		<testcase classname="github.com/kyma-project/telemetry-manager/test/e2e/logs/shared" name="TestSinglePipeline_OTel/log-agent/http" time="7.500000"></testcase>
		<testcase classname="github.com/kyma-project/telemetry-manager/test/e2e/logs/shared" name="TestSinglePipeline_OTel" time="7.510000"></testcase>
		<testcase classname="github.com/kyma-project/telemetry-manager/test/e2e/logs/shared" name="TestSinglePipelineV1Alpha1_OTel/log-gateway" time="17.440000"></testcase>
		<testcase classname="github.com/kyma-project/telemetry-manager/test/e2e/logs/shared" name="TestSinglePipelineV1Alpha1_OTel" time="17.440000"></testcase>
		<testcase classname="github.com/kyma-project/telemetry-manager/test/e2e/logs/shared" name="TestTransform_OTel/log-gateway" time="16.470000"></testcase>
		<testcase classname="github.com/kyma-project/telemetry-manager/test/e2e/logs/shared" name="TestTransform_OTel" time="16.470000"></testcase>
	</testsuite>
</testsuites>