<?xml version="1.0" encoding="UTF-8"?>
<testsuites tests="23" failures="0" errors="0" time="405.434385">
	<testsuite tests="23" failures="0" time="405.434000" name="github.com/kyma-project/telemetry-manager/test/e2e/misc" timestamp="2026-04-07T04:00:36Z">
		<properties>
			<property name="go.version" value="go1.26.1 linux/amd64"></property>
		</properties>
		<testcase classname="github.com/kyma-project/telemetry-manager/test/e2e/misc" name="TestLabelAnnotation/logs-otel" time="50.340000"></testcase>
		<testcase classname="github.com/kyma-project/telemetry-manager/test/e2e/misc" name="TestLabelAnnotation/logs" time="29.300000"></testcase>
		<testcase classname="github.com/kyma-project/telemetry-manager/test/e2e/misc" name="TestLabelAnnotation/metrics" time="39.930000"></testcase>
		<testcase classname="github.com/kyma-project/telemetry-manager/test/e2e/misc" name="TestLabelAnnotation/traces" time="16.640000"></testcase>
		<testcase classname="github.com/kyma-project/telemetry-manager/test/e2e/misc" name="TestLabelAnnotation" time="136.220000"></testcase>
		<testcase classname="github.com/kyma-project/telemetry-manager/test/e2e/misc" name="TestManager" time="18.130000"></testcase>
		<testcase classname="github.com/kyma-project/telemetry-manager/test/e2e/misc" name="TestOverrides" time="81.950000"></testcase>
		<testcase classname="github.com/kyma-project/telemetry-manager/test/e2e/misc" name="TestRBACPermissions" time="24.770000"></testcase>
		<testcase classname="github.com/kyma-project/telemetry-manager/test/e2e/misc" name="TestRBACRoles/view_role" time="0.010000"></testcase>
		<testcase classname="github.com/kyma-project/telemetry-manager/test/e2e/misc" name="TestRBACRoles/view_role_namespace-scoped" time="0.000000"></testcase>
		<testcase classname="github.com/kyma-project/telemetry-manager/test/e2e/misc" name="TestRBACRoles/edit_role" time="0.010000"></testcase>
		<testcase classname="github.com/kyma-project/telemetry-manager/test/e2e/misc" name="TestRBACRoles" time="1.450000"></testcase>
		<testcase classname="github.com/kyma-project/telemetry-manager/test/e2e/misc" name="TestTelemetryLogs" time="61.620000"></testcase>
		<testcase classname="github.com/kyma-project/telemetry-manager/test/e2e/misc" name="TestRejectTelemetryCRCreation/global_metric_collection_interval_zero" time="1.380000"></testcase>
		<testcase classname="github.com/kyma-project/telemetry-manager/test/e2e/misc" name="TestRejectTelemetryCRCreation/global_metric_collection_interval_negative" time="1.430000"></testcase>
		<testcase classname="github.com/kyma-project/telemetry-manager/test/e2e/misc" name="TestRejectTelemetryCRCreation/runtime_collection_interval_zero" time="1.450000"></testcase>
		<testcase classname="github.com/kyma-project/telemetry-manager/test/e2e/misc" name="TestRejectTelemetryCRCreation/prometheus_collection_interval_zero" time="1.470000"></testcase>
		<testcase classname="github.com/kyma-project/telemetry-manager/test/e2e/misc" name="TestRejectTelemetryCRCreation/istio_collection_interval_zero" time="1.530000"></testcase>
		<testcase classname="github.com/kyma-project/telemetry-manager/test/e2e/misc" name="TestRejectTelemetryCRCreation" time="27.350000"></testcase>
		<testcase classname="github.com/kyma-project/telemetry-manager/test/e2e/misc" name="TestTelemetryResources" time="34.920000"></testcase>
		<testcase classname="github.com/kyma-project/telemetry-manager/test/e2e/misc" name="TestTelemetry" time="10.900000"></testcase>
		<testcase classname="github.com/kyma-project/telemetry-manager/test/e2e/misc" name="TestTelemetryWarning" time="3.720000"></testcase>
		<testcase classname="github.com/kyma-project/telemetry-manager/test/e2e/misc" name="TestTelemetryDeletionBlocking" time="4.380000"></testcase>
	</testsuite>
</testsuites>