<?xml version="1.0" encoding="UTF-8"?>
<testsuites tests="11" failures="0" errors="0" time="605.406905">
	<testsuite tests="11" failures="0" time="605.407000" name="github.com/kyma-project/telemetry-manager/test/integration/istio" timestamp="2026-04-04T21:12:21Z">
		<properties>
			<property name="go.version" value="go1.26.1 linux/amd64"></property>
		</properties>
		<testcase classname="github.com/kyma-project/telemetry-manager/test/integration/istio" name="TestAccessLogsOTLP/istio" time="105.170000"></testcase>
		<testcase classname="github.com/kyma-project/telemetry-manager/test/integration/istio" name="TestAccessLogsOTLP/istio-experimental" time="64.230000"></testcase>
		<testcase classname="github.com/kyma-project/telemetry-manager/test/integration/istio" name="TestAccessLogsOTLP" time="169.400000"></testcase>
		<testcase classname="github.com/kyma-project/telemetry-manager/test/integration/istio" name="TestAccessLogsFluentBit" time="62.900000"></testcase>
		<testcase classname="github.com/kyma-project/telemetry-manager/test/integration/istio" name="TestMetricsEnvoyMultiPipeline" time="50.180000"></testcase>
		<testcase classname="github.com/kyma-project/telemetry-manager/test/integration/istio" name="TestMetricsIstioInputEnvoy" time="35.920000"></testcase>
		<testcase classname="github.com/kyma-project/telemetry-manager/test/integration/istio" name="TestMetricsIstioInput" time="88.140000"></testcase>
		<testcase classname="github.com/kyma-project/telemetry-manager/test/integration/istio" name="TestMetricsIstioSamePort" time="40.230000"></testcase>
		<testcase classname="github.com/kyma-project/telemetry-manager/test/integration/istio" name="TestMetricsOTLPInput" time="35.790000"></testcase>
		<testcase classname="github.com/kyma-project/telemetry-manager/test/integration/istio" name="TestMetricsPrometheusInput" time="95.190000"></testcase>
		<testcase classname="github.com/kyma-project/telemetry-manager/test/integration/istio" name="TestTracesRouting" time="27.610000"></testcase>
	</testsuite>
</testsuites>