<?xml version="1.0" encoding="UTF-8"?>
<testsuites tests="17" failures="2" errors="0" time="867.770393">
	<testsuite tests="17" failures="2" skipped="13" time="867.770000" name="github.com/kyma-project/telemetry-manager/test/selfmonitor" timestamp="2026-04-06T21:15:52Z">
		<properties>
			<property name="go.version" value="go1.26.1 linux/amd64"></property>
		</properties>
		<testcase classname="github.com/kyma-project/telemetry-manager/test/selfmonitor" name="TestBackpressure/fluent-bit-buffer-filling-up" time="704.610000">
			<failure message="Failed" type="">=== RUN   TestBackpressure/fluent-bit-buffer-filling-up&#xA;    suite.go:313: Label filter expression: &#34;backpressure and fluent-bit&#34;, test labels: [selfmonitor fluent-bit backpressure set-c]&#xA;2026/04/06 21:15:52 evaluating test labels: [selfmonitor fluent-bit backpressure set-c]&#xA;    suite.go:318: FIPS configuration: imagesAvailable=true, fipsMode=false (source: test override (WithOverrideFIPSMode))&#xA;    reconfigure.go:20: Setting up cluster: istio=false, fips=false, experimental=false, prerequisites=true, forceFresh=false, helmValues=[], chart=&#xA;    reconfigure.go:135: Detected Istio state: not installed&#xA;    reconfigure.go:81: Helm values changed.&#xA;        Current release values:&#xA;        &#xA;        New values:&#xA;        default:&#xA;            enabled: true&#xA;        experimental:&#xA;            enabled: false&#xA;        manager:&#xA;            container:&#xA;                env:&#xA;                    appLogLevel: debug&#xA;                    operateInFipsMode: false&#xA;                image:&#xA;                    pullPolicy: Always&#xA;                    repository: europe-docker.pkg.dev/kyma-project/prod/telemetry-manager:v20260402-15523d4a&#xA;        nameOverride: telemetry&#xA;    manager.go:235: Deploying telemetry manager from: /home/runner/work/telemetry-manager/telemetry-manager/helm&#xA;    manager.go:200: Running: helm [upgrade --install telemetry /home/runner/work/telemetry-manager/telemetry-manager/helm --namespace kyma-system --set experimental.enabled=false --set default.enabled=true --set nameOverride=telemetry --set manager.container.env.operateInFipsMode=false --set manager.container.env.appLogLevel=debug --wait --timeout 5m --set manager.container.image.repository=europe-docker.pkg.dev/kyma-project/prod/telemetry-manager:v20260402-15523d4a --set manager.container.image.pullPolicy=Always]&#xA;    manager.go:241: Telemetry manager deployed&#xA;    prerequisites.go:102: Deploying test prerequisites...&#xA;    reconfigure.go:52: Cluster setup complete&#xA;    selfmon_metrics.go:180: targets query failed (SD not ready yet): prometheus status: Failure&#xA;    selfmon_metrics.go:185: no active targets yet (kubernetes SD may still be connecting to API server)&#xA;    selfmon_metrics.go:185: no active targets yet (kubernetes SD may still be connecting to API server)&#xA;    selfmon_metrics.go:185: no active targets yet (kubernetes SD may still be connecting to API server)&#xA;    selfmon_metrics.go:185: no active targets yet (kubernetes SD may still be connecting to API server)&#xA;    selfmon_metrics.go:185: no active targets yet (kubernetes SD may still be connecting to API server)&#xA;    selfmon_metrics.go:185: no active targets yet (kubernetes SD may still be connecting to API server)&#xA;    selfmon_metrics.go:185: no active targets yet (kubernetes SD may still be connecting to API server)&#xA;    selfmon_metrics.go:185: no active targets yet (kubernetes SD may still be connecting to API server)&#xA;    selfmon_metrics.go:185: no active targets yet (kubernetes SD may still be connecting to API server)&#xA;    selfmon_metrics.go:185: no active targets yet (kubernetes SD may still be connecting to API server)&#xA;    selfmon_metrics.go:185: no active targets yet (kubernetes SD may still be connecting to API server)&#xA;    backpressure_test.go:174: No active targets after 1 minute, restarting selfmonitor pod to recover from potential CNI/iptables race&#xA;    backpressure_test.go:174: deleted selfmon pod telemetry-self-monitor-585db857dd-tp6mw for restart&#xA;    selfmon_metrics.go:189: prometheus SD ready: 1 active targets discovered&#xA;    backpressure_test.go:176: Waiting for pipeline selfmonitor-fluent-bit-buffer-filling-up to be healthy — watching self-monitor metrics for component fluent-bit&#xA;    backpressure_test.go:176: --- self-monitor metrics [21:17:33] ---&#xA;    backpressure_test.go:176: selfmon metric [sum by (pipeline_name) (rate(fluentbit_output_dropped_records_total{service=&#34;telemetry-fluent-bit-metrics&#34;}[5m]))]: (no data)&#xA;    backpressure_test.go:176: selfmon metric [sum by (pipeline_name) (rate(fluentbit_output_proc_bytes_total{service=&#34;telemetry-fluent-bit-metrics&#34;}[5m]))]: (no data)&#xA;    backpressure_test.go:176: selfmon metric [sum by (pipeline_name) (rate(fluentbit_input_bytes_total{service=&#34;telemetry-fluent-bit-metrics&#34;}[5m]))]: (no data)&#xA;    backpressure_test.go:176: selfmon metric [max by (pipeline_name) (fluentbit_input_storage_chunks_down{service=&#34;telemetry-fluent-bit-metrics&#34;})]: (no data)&#xA;    backpressure_test.go:177: Pipeline is healthy, enabling faults&#xA;    backpressure_test.go:179: Enabled faults on https://0.0.0.0:6550/api/v1/namespaces/backpressure-fluent-bit-buffer-filling-up-backend/services/http:fault-backend:9090/proxy/config: rules=429:98 default=200&#xA;    backpressure_test.go:181: Waiting for condition AgentBufferFillingUp[False] (need: max(fluentbit_input_storage_chunks_down) &gt; 300) — watching self-monitor metrics for component fluent-bit&#xA;    helpers.go:337: --- self-monitor metrics [21:17:33] (waiting for: need: max(fluentbit_input_storage_chunks_down) &gt; 300) ---&#xA;    helpers.go:337: selfmon metric [sum by (pipeline_name) (rate(fluentbit_output_dropped_records_total{service=&#34;telemetry-fluent-bit-metrics&#34;}[5m]))]: (no data)&#xA;    helpers.go:337: selfmon metric [sum by (pipeline_name) (rate(fluentbit_output_proc_bytes_total{service=&#34;telemetry-fluent-bit-metrics&#34;}[5m]))]: (no data)&#xA;    helpers.go:337: selfmon metric [sum by (pipeline_name) (rate(fluentbit_input_bytes_total{service=&#34;telemetry-fluent-bit-metrics&#34;}[5m]))]: (no data)&#xA;    helpers.go:337: selfmon metric [max by (pipeline_name) (fluentbit_input_storage_chunks_down{service=&#34;telemetry-fluent-bit-metrics&#34;})]: (no data)&#xA;    helpers.go:338: --- component workloads [fluent-bit] ---&#xA;    helpers.go:242:   daemonset telemetry-fluent-bit: ready=1/1&#xA;    helpers.go:337: --- self-monitor metrics [21:17:38] (waiting for: need: max(fluentbit_input_storage_chunks_down) &gt; 300) ---&#xA;    helpers.go:337: selfmon metric [sum by (pipeline_name) (rate(fluentbit_output_dropped_records_total{service=&#34;telemetry-fluent-bit-metrics&#34;}[5m]))]: (no data)&#xA;    helpers.go:337: selfmon metric [sum by (pipeline_name) (rate(fluentbit_output_proc_bytes_total{service=&#34;telemetry-fluent-bit-metrics&#34;}[5m]))]: (no data)&#xA;    helpers.go:337: selfmon metric [sum by (pipeline_name) (rate(fluentbit_input_bytes_total{service=&#34;telemetry-fluent-bit-metrics&#34;}[5m]))]: (no data)&#xA;    helpers.go:337: selfmon metric [max by (pipeline_name) (fluentbit_input_storage_chunks_down{service=&#34;telemetry-fluent-bit-metrics&#34;})]: (no data)&#xA;    helpers.go:338: --- component workloads [fluent-bit] ---&#xA;    helpers.go:242:   daemonset telemetry-fluent-bit: ready=1/1&#xA;    helpers.go:337: --- self-monitor metrics [21:17:43] (waiting for: need: max(fluentbit_input_storage_chunks_down) &gt; 300) ---&#xA;    helpers.go:337: selfmon metric [sum by (pipeline_name) (rate(fluentbit_output_dropped_records_total{service=&#34;telemetry-fluent-bit-metrics&#34;}[5m]))]: (no data)&#xA;    helpers.go:337: selfmon metric [sum by (pipeline_name) (rate(fluentbit_output_proc_bytes_total{service=&#34;telemetry-fluent-bit-metrics&#34;}[5m]))]: (no data)&#xA;    helpers.go:337: selfmon metric [sum by (pipeline_name) (rate(fluentbit_input_bytes_total{service=&#34;telemetry-fluent-bit-metrics&#34;}[5m]))]: (no data)&#xA;    helpers.go:337: selfmon metric [max by (pipeline_name) (fluentbit_input_storage_chunks_down{service=&#34;telemetry-fluent-bit-metrics&#34;})]: (no data)&#xA;    helpers.go:338: --- component workloads [fluent-bit] ---&#xA;    helpers.go:242:   daemonset telemetry-fluent-bit: ready=1/1&#xA;    helpers.go:337: --- self-monitor metrics [21:17:48] (waiting for: need: max(fluentbit_input_storage_chunks_down) &gt; 300) ---&#xA;    helpers.go:337: selfmon metric [sum by (pipeline_name) (rate(fluentbit_output_dropped_records_total{service=&#34;telemetry-fluent-bit-metrics&#34;}[5m]))]: (no data)&#xA;    helpers.go:337: selfmon metric [sum by (pipeline_name) (rate(fluentbit_output_proc_bytes_total{service=&#34;telemetry-fluent-bit-metrics&#34;}[5m]))]: (no data)&#xA;    helpers.go:337: selfmon metric [sum by (pipeline_name) (rate(fluentbit_input_bytes_total{service=&#34;telemetry-fluent-bit-metrics&#34;}[5m]))]: (no data)&#xA;    helpers.go:337: selfmon metric [max by (pipeline_name) (fluentbit_input_storage_chunks_down{service=&#34;telemetry-fluent-bit-metrics&#34;})]: (no data)&#xA;    helpers.go:338: --- component workloads [fluent-bit] ---&#xA;    helpers.go:242:   daemonset telemetry-fluent-bit: ready=1/1&#xA;    helpers.go:337: --- self-monitor metrics [21:17:53] (waiting for: need: max(fluentbit_input_storage_chunks_down) &gt; 300) ---&#xA;    helpers.go:337: selfmon metric [sum by (pipeline_name) (rate(fluentbit_output_dropped_records_total{service=&#34;telemetry-fluent-bit-metrics&#34;}[5m]))]: (no data)&#xA;    helpers.go:337: selfmon metric [sum by (pipeline_name) (rate(fluentbit_output_proc_bytes_total{service=&#34;telemetry-fluent-bit-metrics&#34;}[5m]))]: (no data)&#xA;    helpers.go:337: selfmon metric [sum by (pipeline_name) (rate(fluentbit_input_bytes_total{service=&#34;telemetry-fluent-bit-metrics&#34;}[5m]))]: (no data)&#xA;    helpers.go:337: selfmon metric [max by (pipeline_name) (fluentbit_input_storage_chunks_down{service=&#34;telemetry-fluent-bit-metrics&#34;})]: (no data)&#xA;    helpers.go:338: --- component workloads [fluent-bit] ---&#xA;    helpers.go:242:   daemonset telemetry-fluent-bit: ready=1/1&#xA;    helpers.go:337: --- self-monitor metrics [21:17:58] (waiting for: need: max(fluentbit_input_storage_chunks_down) &gt; 300) ---&#xA;    helpers.go:337: selfmon metric [sum by (pipeline_name) (rate(fluentbit_output_dropped_records_total{service=&#34;telemetry-fluent-bit-metrics&#34;}[5m]))]: (no data)&#xA;    helpers.go:337: selfmon metric [sum by (pipeline_name) (rate(fluentbit_output_proc_bytes_total{service=&#34;telemetry-fluent-bit-metrics&#34;}[5m]))]: (no data)&#xA;    helpers.go:337: selfmon metric [sum by (pipeline_name) (rate(fluentbit_input_bytes_total{service=&#34;telemetry-fluent-bit-metrics&#34;}[5m]))]: (no data)&#xA;    helpers.go:337: selfmon metric [max by (pipeline_name) (fluentbit_input_storage_chunks_down{service=&#34;telemetry-fluent-bit-metrics&#34;})]: (no data)&#xA;    helpers.go:338: --- component workloads [fluent-bit] ---&#xA;    helpers.go:242:   daemonset telemetry-fluent-bit: ready=1/1&#xA;    helpers.go:337: --- self-monitor metrics [21:18:03] (waiting for: need: max(fluentbit_input_storage_chunks_down) &gt; 300) ---&#xA;    helpers.go:337: selfmon metric [sum by (pipeline_name) (rate(fluentbit_output_dropped_records_total{service=&#34;telemetry-fluent-bit-metrics&#34;}[5m]))]: (no data)&#xA;    helpers.go:337: selfmon metric [sum by (pipeline_name) (rate(fluentbit_output_proc_bytes_total{service=&#34;telemetry-fluent-bit-metrics&#34;}[5m]))]: (no data)&#xA;    helpers.go:337: selfmon metric [sum by (pipeline_name) (rate(fluentbit_input_bytes_total{service=&#34;telemetry-fluent-bit-metrics&#34;}[5m]))]: (no data)&#xA;    helpers.go:337: selfmon metric [max by (pipeline_name) (fluentbit_input_storage_chunks_down{service=&#34;telemetry-fluent-bit-metrics&#34;})]: map[pipeline_name:selfmonitor-fluent-bit-buffer-filling-up]=228 map[]=0 &#xA;    helpers.go:338: --- component workloads [fluent-bit] ---&#xA;    helpers.go:242:   daemonset telemetry-fluent-bit: ready=1/1&#xA;    helpers.go:337: --- self-monitor metrics [21:18:08] (waiting for: need: max(fluentbit_input_storage_chunks_down) &gt; 300) ---&#xA;    helpers.go:337: selfmon metric [sum by (pipeline_name) (rate(fluentbit_output_dropped_records_total{service=&#34;telemetry-fluent-bit-metrics&#34;}[5m]))]: (no data)&#xA;    helpers.go:337: selfmon metric [sum by (pipeline_name) (rate(fluentbit_output_proc_bytes_total{service=&#34;telemetry-fluent-bit-metrics&#34;}[5m]))]: (no data)&#xA;    helpers.go:337: selfmon metric [sum by (pipeline_name) (rate(fluentbit_input_bytes_total{service=&#34;telemetry-fluent-bit-metrics&#34;}[5m]))]: (no data)&#xA;    helpers.go:337: selfmon metric [max by (pipeline_name) (fluentbit_input_storage_chunks_down{service=&#34;telemetry-fluent-bit-metrics&#34;})]: map[pipeline_name:selfmonitor-fluent-bit-buffer-filling-up]=228 map[]=0 &#xA;    helpers.go:338: --- component workloads [fluent-bit] ---&#xA;    helpers.go:242:   daemonset telemetry-fluent-bit: ready=1/1&#xA;    helpers.go:337: --- self-monitor metrics [21:18:13] (waiting for: need: max(fluentbit_input_storage_chunks_down) &gt; 300) ---&#xA;    helpers.go:337: selfmon metric [sum by (pipeline_name) (rate(fluentbit_output_dropped_records_total{service=&#34;telemetry-fluent-bit-metrics&#34;}[5m]))]: (no data)&#xA;    helpers.go:337: selfmon metric [sum by (pipeline_name) (rate(fluentbit_output_proc_bytes_total{service=&#34;telemetry-fluent-bit-metrics&#34;}[5m]))]: (no data)&#xA;    helpers.go:337: selfmon metric [sum by (pipeline_name) (rate(fluentbit_input_bytes_total{service=&#34;telemetry-fluent-bit-metrics&#34;}[5m]))]: (no data)&#xA;    helpers.go:337: selfmon metric [max by (pipeline_name) (fluentbit_input_storage_chunks_down{service=&#34;telemetry-fluent-bit-metrics&#34;})]: map[pipeline_name:selfmonitor-fluent-bit-buffer-filling-up]=228 map[]=0 &#xA;    helpers.go:338: --- component workloads [fluent-bit] ---&#xA;    helpers.go:242:   daemonset telemetry-fluent-bit: ready=1/1&#xA;    helpers.go:337: --- self-monitor metrics [21:18:18] (waiting for: need: max(fluentbit_input_storage_chunks_down) &gt; 300) ---&#xA;    helpers.go:337: selfmon metric [sum by (pipeline_name) (rate(fluentbit_output_dropped_records_total{service=&#34;telemetry-fluent-bit-metrics&#34;}[5m]))]: (no data)&#xA;    helpers.go:337: selfmon metric [sum by (pipeline_name) (rate(fluentbit_output_proc_bytes_total{service=&#34;telemetry-fluent-bit-metrics&#34;}[5m]))]: (no data)&#xA;    helpers.go:337: selfmon metric [sum by (pipeline_name) (rate(fluentbit_input_bytes_total{service=&#34;telemetry-fluent-bit-metrics&#34;}[5m]))]: (no data)&#xA;    helpers.go:337: selfmon metric [max by (pipeline_name) (fluentbit_input_storage_chunks_down{service=&#34;telemetry-fluent-bit-metrics&#34;})]: map[pipeline_name:selfmonitor-fluent-bit-buffer-filling-up]=228 map[]=0 &#xA;    helpers.go:338: --- component workloads [fluent-bit] ---&#xA;    helpers.go:242:   daemonset telemetry-fluent-bit: ready=1/1&#xA;    helpers.go:337: --- self-monitor metrics [21:18:23] (waiting for: need: max(fluentbit_input_storage_chunks_down) &gt; 300) ---&#xA;    helpers.go:337: selfmon metric [sum by (pipeline_name) (rate(fluentbit_output_dropped_records_total{service=&#34;telemetry-fluent-bit-metrics&#34;}[5m]))]: (no data)&#xA;    helpers.go:337: selfmon metric [sum by (pipeline_name) (rate(fluentbit_output_proc_bytes_total{service=&#34;telemetry-fluent-bit-metrics&#34;}[5m]))]: (no data)&#xA;    helpers.go:337: selfmon metric [sum by (pipeline_name) (rate(fluentbit_input_bytes_total{service=&#34;telemetry-fluent-bit-metrics&#34;}[5m]))]: (no data)&#xA;    helpers.go:337: selfmon metric [max by (pipeline_name) (fluentbit_input_storage_chunks_down{service=&#34;telemetry-fluent-bit-metrics&#34;})]: map[pipeline_name:selfmonitor-fluent-bit-buffer-filling-up]=228 map[]=0 &#xA;    helpers.go:338: --- component workloads [fluent-bit] ---&#xA;    helpers.go:242:   daemonset telemetry-fluent-bit: ready=1/1&#xA;    helpers.go:337: --- self-monitor metrics [21:18:28] (waiting for: need: max(fluentbit_input_storage_chunks_down) &gt; 300) ---&#xA;    helpers.go:337: selfmon metric [sum by (pipeline_name) (rate(fluentbit_output_dropped_records_total{service=&#34;telemetry-fluent-bit-metrics&#34;}[5m]))]: (no data)&#xA;    helpers.go:337: selfmon metric [sum by (pipeline_name) (rate(fluentbit_output_proc_bytes_total{service=&#34;telemetry-fluent-bit-metrics&#34;}[5m]))]: (no data)&#xA;    helpers.go:337: selfmon metric [sum by (pipeline_name) (rate(fluentbit_input_bytes_total{service=&#34;telemetry-fluent-bit-metrics&#34;}[5m]))]: (no data)&#xA;    helpers.go:337: selfmon metric [max by (pipeline_name) (fluentbit_input_storage_chunks_down{service=&#34;telemetry-fluent-bit-metrics&#34;})]: map[pipeline_name:selfmonitor-fluent-bit-buffer-filling-up]=228 map[]=0 &#xA;    helpers.go:338: --- component workloads [fluent-bit] ---&#xA;    helpers.go:242:   daemonset telemetry-fluent-bit: ready=1/1&#xA;    helpers.go:337: --- self-monitor metrics [21:18:33] (waiting for: need: max(fluentbit_input_storage_chunks_down) &gt; 300) ---&#xA;    helpers.go:337: selfmon metric [sum by (pipeline_name) (rate(fluentbit_output_dropped_records_total{service=&#34;telemetry-fluent-bit-metrics&#34;}[5m]))]: map[pipeline_name:selfmonitor-fluent-bit-buffer-filling-up]=0 &#xA;    helpers.go:337: selfmon metric [sum by (pipeline_name) (rate(fluentbit_output_proc_bytes_total{service=&#34;telemetry-fluent-bit-metrics&#34;}[5m]))]: map[pipeline_name:selfmonitor-fluent-bit-buffer-filling-up]=82071.17456433334 &#xA;    helpers.go:337: selfmon metric [sum by (pipeline_name) (rate(fluentbit_input_bytes_total{service=&#34;telemetry-fluent-bit-metrics&#34;}[5m]))]: map[pipeline_name:selfmonitor-fluent-bit-buffer-filling-up]=0 map[]=0 &#xA;    helpers.go:337: selfmon metric [max by (pipeline_name) (fluentbit_input_storage_chunks_down{service=&#34;telemetry-fluent-bit-metrics&#34;})]: map[pipeline_name:selfmonitor-fluent-bit-buffer-filling-up]=236 map[]=0 &#xA;    helpers.go:338: --- component workloads [fluent-bit] ---&#xA;    helpers.go:242:   daemonset telemetry-fluent-bit: ready=1/1&#xA;    helpers.go:337: --- self-monitor metrics [21:18:39] (waiting for: need: max(fluentbit_input_storage_chunks_down) &gt; 300) ---&#xA;    helpers.go:337: selfmon metric [sum by (pipeline_name) (rate(fluentbit_output_dropped_records_total{service=&#34;telemetry-fluent-bit-metrics&#34;}[5m]))]: map[pipeline_name:selfmonitor-fluent-bit-buffer-filling-up]=0 &#xA;    helpers.go:337: selfmon metric [sum by (pipeline_name) (rate(fluentbit_output_proc_bytes_total{service=&#34;telemetry-fluent-bit-metrics&#34;}[5m]))]: map[pipeline_name:selfmonitor-fluent-bit-buffer-filling-up]=90574.53711333332 &#xA;    helpers.go:337: selfmon metric [sum by (pipeline_name) (rate(fluentbit_input_bytes_total{service=&#34;telemetry-fluent-bit-metrics&#34;}[5m]))]: map[pipeline_name:selfmonitor-fluent-bit-buffer-filling-up]=0 map[]=0 &#xA;    helpers.go:337: selfmon metric [max by (pipeline_name) (fluentbit_input_storage_chunks_down{service=&#34;telemetry-fluent-bit-metrics&#34;})]: map[pipeline_name:selfmonitor-fluent-bit-buffer-filling-up]=236 map[]=0 &#xA;    helpers.go:338: --- component workloads [fluent-bit] ---&#xA;    helpers.go:242:   daemonset telemetry-fluent-bit: ready=1/1&#xA;    helpers.go:337: --- self-monitor metrics [21:18:44] (waiting for: need: max(fluentbit_input_storage_chunks_down) &gt; 300) ---&#xA;    helpers.go:337: selfmon metric [sum by (pipeline_name) (rate(fluentbit_output_dropped_records_total{service=&#34;telemetry-fluent-bit-metrics&#34;}[5m]))]: map[pipeline_name:selfmonitor-fluent-bit-buffer-filling-up]=0 &#xA;    helpers.go:337: selfmon metric [sum by (pipeline_name) (rate(fluentbit_output_proc_bytes_total{service=&#34;telemetry-fluent-bit-metrics&#34;}[5m]))]: map[pipeline_name:selfmonitor-fluent-bit-buffer-filling-up]=99072.84715933334 &#xA;    helpers.go:337: selfmon metric [sum by (pipeline_name) (rate(fluentbit_input_bytes_total{service=&#34;telemetry-fluent-bit-metrics&#34;}[5m]))]: map[pipeline_name:selfmonitor-fluent-bit-buffer-filling-up]=0 map[]=0 &#xA;    helpers.go:337: selfmon metric [max by (pipeline_name) (fluentbit_input_storage_chunks_down{service=&#34;telemetry-fluent-bit-metrics&#34;})]: map[pipeline_name:selfmonitor-fluent-bit-buffer-filling-up]=236 map[]=0 &#xA;    helpers.go:338: --- component workloads [fluent-bit] ---&#xA;    helpers.go:242:   daemonset telemetry-fluent-bit: ready=1/1&#xA;    helpers.go:337: --- self-monitor metrics [21:18:49] (waiting for: need: max(fluentbit_input_storage_chunks_down) &gt; 300) ---&#xA;    helpers.go:337: selfmon metric [sum by (pipeline_name) (rate(fluentbit_output_dropped_records_total{service=&#34;telemetry-fluent-bit-metrics&#34;}[5m]))]: map[pipeline_name:selfmonitor-fluent-bit-buffer-filling-up]=0 &#xA;    helpers.go:337: selfmon metric [sum by (pipeline_name) (rate(fluentbit_output_proc_bytes_total{service=&#34;telemetry-fluent-bit-metrics&#34;}[5m]))]: map[pipeline_name:selfmonitor-fluent-bit-buffer-filling-up]=107549.26302566667 &#xA;    helpers.go:337: selfmon metric [sum by (pipeline_name) (rate(fluentbit_input_bytes_total{service=&#34;telemetry-fluent-bit-metrics&#34;}[5m]))]: map[pipeline_name:selfmonitor-fluent-bit-buffer-filling-up]=0 map[]=0 &#xA;    helpers.go:337: selfmon metric [max by (pipeline_name) (fluentbit_input_storage_chunks_down{service=&#34;telemetry-fluent-bit-metrics&#34;})]: map[pipeline_name:selfmonitor-fluent-bit-buffer-filling-up]=236 map[]=0 &#xA;    helpers.go:338: --- component workloads [fluent-bit] ---&#xA;    helpers.go:242:   daemonset telemetry-fluent-bit: ready=1/1&#xA;    helpers.go:337: --- self-monitor metrics [21:18:54] (waiting for: need: max(fluentbit_input_storage_chunks_down) &gt; 300) ---&#xA;    helpers.go:337: selfmon metric [sum by (pipeline_name) (rate(fluentbit_output_dropped_records_total{service=&#34;telemetry-fluent-bit-metrics&#34;}[5m]))]: map[pipeline_name:selfmonitor-fluent-bit-buffer-filling-up]=0 &#xA;    helpers.go:337: selfmon metric [sum by (pipeline_name) (rate(fluentbit_output_proc_bytes_total{service=&#34;telemetry-fluent-bit-metrics&#34;}[5m]))]: map[pipeline_name:selfmonitor-fluent-bit-buffer-filling-up]=116066.09891599997 &#xA;    helpers.go:337: selfmon metric [sum by (pipeline_name) (rate(fluentbit_input_bytes_total{service=&#34;telemetry-fluent-bit-metrics&#34;}[5m]))]: map[pipeline_name:selfmonitor-fluent-bit-buffer-filling-up]=0 map[]=0 &#xA;    helpers.go:337: selfmon metric [max by (pipeline_name) (fluentbit_input_storage_chunks_down{service=&#34;telemetry-fluent-bit-metrics&#34;})]: map[pipeline_name:selfmonitor-fluent-bit-buffer-filling-up]=236 map[]=0 &#xA;    helpers.go:338: --- component workloads [fluent-bit] ---&#xA;    helpers.go:242:   daemonset telemetry-fluent-bit: ready=1/1&#xA;    helpers.go:337: --- self-monitor metrics [21:18:59] (waiting for: need: max(fluentbit_input_storage_chunks_down) &gt; 300) ---&#xA;    helpers.go:337: selfmon metric [sum by (pipeline_name) (rate(fluentbit_output_dropped_records_total{service=&#34;telemetry-fluent-bit-metrics&#34;}[5m]))]: map[pipeline_name:selfmonitor-fluent-bit-buffer-filling-up]=0 &#xA;    helpers.go:337: selfmon metric [sum by (pipeline_name) (rate(fluentbit_output_proc_bytes_total{service=&#34;telemetry-fluent-bit-metrics&#34;}[5m]))]: map[pipeline_name:selfmonitor-fluent-bit-buffer-filling-up]=124576.19813566667 &#xA;    helpers.go:337: selfmon metric [sum by (pipeline_name) (rate(fluentbit_input_bytes_total{service=&#34;telemetry-fluent-bit-metrics&#34;}[5m]))]: map[pipeline_name:selfmonitor-fluent-bit-buffer-filling-up]=0 map[]=0 &#xA;    helpers.go:337: selfmon metric [max by (pipeline_name) (fluentbit_input_storage_chunks_down{service=&#34;telemetry-fluent-bit-metrics&#34;})]: map[pipeline_name:selfmonitor-fluent-bit-buffer-filling-up]=236 map[]=0 &#xA;    helpers.go:338: --- component workloads [fluent-bit] ---&#xA;    helpers.go:242:   daemonset telemetry-fluent-bit: ready=1/1&#xA;    helpers.go:337: --- self-monitor metrics [21:19:04] (waiting for: need: max(fluentbit_input_storage_chunks_down) &gt; 300) ---&#xA;    helpers.go:337: selfmon metric [sum by (pipeline_name) (rate(fluentbit_output_dropped_records_total{service=&#34;telemetry-fluent-bit-metrics&#34;}[5m]))]: map[pipeline_name:selfmonitor-fluent-bit-buffer-filling-up]=31.687425000000005 &#xA;    helpers.go:337: selfmon metric [sum by (pipeline_name) (rate(fluentbit_output_proc_bytes_total{service=&#34;telemetry-fluent-bit-metrics&#34;}[5m]))]: map[pipeline_name:selfmonitor-fluent-bit-buffer-filling-up]=167007.18888300002 &#xA;    helpers.go:337: selfmon metric [sum by (pipeline_name) (rate(fluentbit_input_bytes_total{service=&#34;telemetry-fluent-bit-metrics&#34;}[5m]))]: map[pipeline_name:selfmonitor-fluent-bit-buffer-filling-up]=1889940.364226889 map[]=0 &#xA;    helpers.go:337: selfmon metric [max by (pipeline_name) (fluentbit_input_storage_chunks_down{service=&#34;telemetry-fluent-bit-metrics&#34;})]: map[pipeline_name:selfmonitor-fluent-bit-buffer-filling-up]=463 map[]=0 &#xA;    helpers.go:338: --- component workloads [fluent-bit] ---&#xA;    helpers.go:242:   daemonset telemetry-fluent-bit: ready=1/1&#xA;    helpers.go:337: --- self-monitor metrics [21:19:09] (waiting for: need: max(fluentbit_input_storage_chunks_down) &gt; 300) ---&#xA;    helpers.go:337: selfmon metric [sum by (pipeline_name) (rate(fluentbit_output_dropped_records_total{service=&#34;telemetry-fluent-bit-metrics&#34;}[5m]))]: map[pipeline_name:selfmonitor-fluent-bit-buffer-filling-up]=34.18173 &#xA;    helpers.go:337: selfmon metric [sum by (pipeline_name) (rate(fluentbit_output_proc_bytes_total{service=&#34;telemetry-fluent-bit-metrics&#34;}[5m]))]: map[pipeline_name:selfmonitor-fluent-bit-buffer-filling-up]=177665.1987225 &#xA;    helpers.go:337: selfmon metric [sum by (pipeline_name) (rate(fluentbit_input_bytes_total{service=&#34;telemetry-fluent-bit-metrics&#34;}[5m]))]: map[pipeline_name:selfmonitor-fluent-bit-buffer-filling-up]=2010566.7143453334 map[]=0 &#xA;    helpers.go:337: selfmon metric [max by (pipeline_name) (fluentbit_input_storage_chunks_down{service=&#34;telemetry-fluent-bit-metrics&#34;})]: map[pipeline_name:selfmonitor-fluent-bit-buffer-filling-up]=463 map[]=0 &#xA;    helpers.go:338: --- component workloads [fluent-bit] ---&#xA;    helpers.go:242:   daemonset telemetry-fluent-bit: ready=1/1&#xA;    helpers.go:337: --- self-monitor metrics [21:19:14] (waiting for: need: max(fluentbit_input_storage_chunks_down) &gt; 300) ---&#xA;    helpers.go:337: selfmon metric [sum by (pipeline_name) (rate(fluentbit_output_dropped_records_total{service=&#34;telemetry-fluent-bit-metrics&#34;}[5m]))]: map[pipeline_name:selfmonitor-fluent-bit-buffer-filling-up]=36.678509999999996 &#xA;    helpers.go:337: selfmon metric [sum by (pipeline_name) (rate(fluentbit_output_proc_bytes_total{service=&#34;telemetry-fluent-bit-metrics&#34;}[5m]))]: map[pipeline_name:selfmonitor-fluent-bit-buffer-filling-up]=188318.98170899999 &#xA;    helpers.go:337: selfmon metric [sum by (pipeline_name) (rate(fluentbit_input_bytes_total{service=&#34;telemetry-fluent-bit-metrics&#34;}[5m]))]: map[pipeline_name:selfmonitor-fluent-bit-buffer-filling-up]=2131121.320004944 map[]=0 &#xA;    helpers.go:337: selfmon metric [max by (pipeline_name) (fluentbit_input_storage_chunks_down{service=&#34;telemetry-fluent-bit-metrics&#34;})]: map[pipeline_name:selfmonitor-fluent-bit-buffer-filling-up]=463 map[]=0 &#xA;    helpers.go:338: --- component workloads [fluent-bit] ---&#xA;    helpers.go:242:   daemonset telemetry-fluent-bit: ready=1/1&#xA;    helpers.go:337: --- self-monitor metrics [21:19:19] (waiting for: need: max(fluentbit_input_storage_chunks_down) &gt; 300) ---&#xA;    helpers.go:337: selfmon metric [sum by (pipeline_name) (rate(fluentbit_output_dropped_records_total{service=&#34;telemetry-fluent-bit-metrics&#34;}[5m]))]: map[pipeline_name:selfmonitor-fluent-bit-buffer-filling-up]=39.17133 &#xA;    helpers.go:337: selfmon metric [sum by (pipeline_name) (rate(fluentbit_output_proc_bytes_total{service=&#34;telemetry-fluent-bit-metrics&#34;}[5m]))]: map[pipeline_name:selfmonitor-fluent-bit-buffer-filling-up]=198955.8572835 &#xA;    helpers.go:337: selfmon metric [sum by (pipeline_name) (rate(fluentbit_input_bytes_total{service=&#34;telemetry-fluent-bit-metrics&#34;}[5m]))]: map[pipeline_name:selfmonitor-fluent-bit-buffer-filling-up]=2251460.6922880556 map[]=0 &#xA;    helpers.go:337: selfmon metric [max by (pipeline_name) (fluentbit_input_storage_chunks_down{service=&#34;telemetry-fluent-bit-metrics&#34;})]: map[pipeline_name:selfmonitor-fluent-bit-buffer-filling-up]=463 map[]=0 &#xA;    helpers.go:338: --- component workloads [fluent-bit] ---&#xA;    helpers.go:242:   daemonset telemetry-fluent-bit: ready=1/1&#xA;    helpers.go:337: --- self-monitor metrics [21:19:24] (waiting for: need: max(fluentbit_input_storage_chunks_down) &gt; 300) ---&#xA;    helpers.go:337: selfmon metric [sum by (pipeline_name) (rate(fluentbit_output_dropped_records_total{service=&#34;telemetry-fluent-bit-metrics&#34;}[5m]))]: map[pipeline_name:selfmonitor-fluent-bit-buffer-filling-up]=41.67108 &#xA;    helpers.go:337: selfmon metric [sum by (pipeline_name) (rate(fluentbit_output_proc_bytes_total{service=&#34;telemetry-fluent-bit-metrics&#34;}[5m]))]: map[pipeline_name:selfmonitor-fluent-bit-buffer-filling-up]=209635.00138800003 &#xA;    helpers.go:337: selfmon metric [sum by (pipeline_name) (rate(fluentbit_input_bytes_total{service=&#34;telemetry-fluent-bit-metrics&#34;}[5m]))]: map[pipeline_name:selfmonitor-fluent-bit-buffer-filling-up]=2372445.764700667 map[]=0 &#xA;    helpers.go:337: selfmon metric [max by (pipeline_name) (fluentbit_input_storage_chunks_down{service=&#34;telemetry-fluent-bit-metrics&#34;})]: map[pipeline_name:selfmonitor-fluent-bit-buffer-filling-up]=463 map[]=0 &#xA;    helpers.go:338: --- component workloads [fluent-bit] ---&#xA;    helpers.go:242:   daemonset telemetry-fluent-bit: ready=1/1&#xA;    helpers.go:337: --- self-monitor metrics [21:19:29] (waiting for: need: max(fluentbit_input_storage_chunks_down) &gt; 300) ---&#xA;    helpers.go:337: selfmon metric [sum by (pipeline_name) (rate(fluentbit_output_dropped_records_total{service=&#34;telemetry-fluent-bit-metrics&#34;}[5m]))]: map[pipeline_name:selfmonitor-fluent-bit-buffer-filling-up]=44.173305000000006 &#xA;    helpers.go:337: selfmon metric [sum by (pipeline_name) (rate(fluentbit_output_proc_bytes_total{service=&#34;telemetry-fluent-bit-metrics&#34;}[5m]))]: map[pipeline_name:selfmonitor-fluent-bit-buffer-filling-up]=220316.25891899999 &#xA;    helpers.go:337: selfmon metric [sum by (pipeline_name) (rate(fluentbit_input_bytes_total{service=&#34;telemetry-fluent-bit-metrics&#34;}[5m]))]: map[pipeline_name:selfmonitor-fluent-bit-buffer-filling-up]=2493263.4333760003 map[]=0 &#xA;    helpers.go:337: selfmon metric [max by (pipeline_name) (fluentbit_input_storage_chunks_down{service=&#34;telemetry-fluent-bit-metrics&#34;})]: map[pipeline_name:selfmonitor-fluent-bit-buffer-filling-up]=463 map[]=0 &#xA;    helpers.go:338: --- component workloads [fluent-bit] ---&#xA;    helpers.go:242:   daemonset telemetry-fluent-bit: ready=1/1&#xA;    helpers.go:337: --- self-monitor metrics [21:19:34] (waiting for: need: max(fluentbit_input_storage_chunks_down) &gt; 300) ---&#xA;    helpers.go:337: selfmon metric [sum by (pipeline_name) (rate(fluentbit_output_dropped_records_total{service=&#34;telemetry-fluent-bit-metrics&#34;}[5m]))]: map[pipeline_name:selfmonitor-fluent-bit-buffer-filling-up]=31.115700000000004 &#xA;    helpers.go:337: selfmon metric [sum by (pipeline_name) (rate(fluentbit_output_proc_bytes_total{service=&#34;telemetry-fluent-bit-metrics&#34;}[5m]))]: map[pipeline_name:selfmonitor-fluent-bit-buffer-filling-up]=262866.4905059259 &#xA;    helpers.go:337: selfmon metric [sum by (pipeline_name) (rate(fluentbit_input_bytes_total{service=&#34;telemetry-fluent-bit-metrics&#34;}[5m]))]: map[pipeline_name:selfmonitor-fluent-bit-buffer-filling-up]=1742688.8482747409 map[]=0 &#xA;    helpers.go:337: selfmon metric [max by (pipeline_name) (fluentbit_input_storage_chunks_down{service=&#34;telemetry-fluent-bit-metrics&#34;})]: map[pipeline_name:selfmonitor-fluent-bit-buffer-filling-up]=484 map[]=0 &#xA;    helpers.go:338: --- component workloads [fluent-bit] ---&#xA;    helpers.go:242:   daemonset telemetry-fluent-bit: ready=1/1&#xA;    helpers.go:337: --- self-monitor metrics [21:19:39] (waiting for: need: max(fluentbit_input_storage_chunks_down) &gt; 300) ---&#xA;    helpers.go:337: selfmon metric [sum by (pipeline_name) (rate(fluentbit_output_dropped_records_total{service=&#34;telemetry-fluent-bit-metrics&#34;}[5m]))]: map[pipeline_name:selfmonitor-fluent-bit-buffer-filling-up]=32.78187 &#xA;    helpers.go:337: selfmon metric [sum by (pipeline_name) (rate(fluentbit_output_proc_bytes_total{service=&#34;telemetry-fluent-bit-metrics&#34;}[5m]))]: map[pipeline_name:selfmonitor-fluent-bit-buffer-filling-up]=275007.2633 &#xA;    helpers.go:337: selfmon metric [sum by (pipeline_name) (rate(fluentbit_input_bytes_total{service=&#34;telemetry-fluent-bit-metrics&#34;}[5m]))]: map[pipeline_name:selfmonitor-fluent-bit-buffer-filling-up]=1823138.3014465184 map[]=0 &#xA;    helpers.go:337: selfmon metric [max by (pipeline_name) (fluentbit_input_storage_chunks_down{service=&#34;telemetry-fluent-bit-metrics&#34;})]: map[pipeline_name:selfmonitor-fluent-bit-buffer-filling-up]=484 map[]=0 &#xA;    helpers.go:338: --- component workloads [fluent-bit] ---&#xA;    helpers.go:242:   daemonset telemetry-fluent-bit: ready=1/1&#xA;    helpers.go:337: --- self-monitor metrics [21:19:44] (waiting for: need: max(fluentbit_input_storage_chunks_down) &gt; 300) ---&#xA;    helpers.go:337: selfmon metric [sum by (pipeline_name) (rate(fluentbit_output_dropped_records_total{service=&#34;telemetry-fluent-bit-metrics&#34;}[5m]))]: map[pipeline_name:selfmonitor-fluent-bit-buffer-filling-up]=34.444410000000005 &#xA;    helpers.go:337: selfmon metric [sum by (pipeline_name) (rate(fluentbit_output_proc_bytes_total{service=&#34;telemetry-fluent-bit-metrics&#34;}[5m]))]: map[pipeline_name:selfmonitor-fluent-bit-buffer-filling-up]=287157.65635777777 &#xA;    helpers.go:337: selfmon metric [sum by (pipeline_name) (rate(fluentbit_input_bytes_total{service=&#34;telemetry-fluent-bit-metrics&#34;}[5m]))]: map[pipeline_name:selfmonitor-fluent-bit-buffer-filling-up]=1903715.3003228887 map[]=0 &#xA;    helpers.go:337: selfmon metric [max by (pipeline_name) (fluentbit_input_storage_chunks_down{service=&#34;telemetry-fluent-bit-metrics&#34;})]: map[pipeline_name:selfmonitor-fluent-bit-buffer-filling-up]=484 map[]=0 &#xA;    helpers.go:338: --- component workloads [fluent-bit] ---&#xA;    helpers.go:242:   daemonset telemetry-fluent-bit: ready=1/1&#xA;    helpers.go:337: --- self-monitor metrics [21:19:49] (waiting for: need: max(fluentbit_input_storage_chunks_down) &gt; 300) ---&#xA;    helpers.go:337: selfmon metric [sum by (pipeline_name) (rate(fluentbit_output_dropped_records_total{service=&#34;telemetry-fluent-bit-metrics&#34;}[5m]))]: map[pipeline_name:selfmonitor-fluent-bit-buffer-filling-up]=36.11256 &#xA;    helpers.go:337: selfmon metric [sum by (pipeline_name) (rate(fluentbit_output_proc_bytes_total{service=&#34;telemetry-fluent-bit-metrics&#34;}[5m]))]: map[pipeline_name:selfmonitor-fluent-bit-buffer-filling-up]=299281.59369037044 &#xA;    helpers.go:337: selfmon metric [sum by (pipeline_name) (rate(fluentbit_input_bytes_total{service=&#34;telemetry-fluent-bit-metrics&#34;}[5m]))]: map[pipeline_name:selfmonitor-fluent-bit-buffer-filling-up]=1984069.0942162224 map[]=0 &#xA;    helpers.go:337: selfmon metric [max by (pipeline_name) (fluentbit_input_storage_chunks_down{service=&#34;telemetry-fluent-bit-metrics&#34;})]: map[pipeline_name:selfmonitor-fluent-bit-buffer-filling-up]=484 map[]=0 &#xA;    helpers.go:338: --- component workloads [fluent-bit] ---&#xA;    helpers.go:242:   daemonset telemetry-fluent-bit: ready=1/1&#xA;    helpers.go:337: --- self-monitor metrics [21:19:54] (waiting for: need: max(fluentbit_input_storage_chunks_down) &gt; 300) ---&#xA;    helpers.go:337: selfmon metric [sum by (pipeline_name) (rate(fluentbit_output_dropped_records_total{service=&#34;telemetry-fluent-bit-metrics&#34;}[5m]))]: map[pipeline_name:selfmonitor-fluent-bit-buffer-filling-up]=37.78070999999999 &#xA;    helpers.go:337: selfmon metric [sum by (pipeline_name) (rate(fluentbit_output_proc_bytes_total{service=&#34;telemetry-fluent-bit-metrics&#34;}[5m]))]: map[pipeline_name:selfmonitor-fluent-bit-buffer-filling-up]=311444.01207777776 &#xA;    helpers.go:337: selfmon metric [sum by (pipeline_name) (rate(fluentbit_input_bytes_total{service=&#34;telemetry-fluent-bit-metrics&#34;}[5m]))]: map[pipeline_name:selfmonitor-fluent-bit-buffer-filling-up]=2064773.6387971852 map[]=0 &#xA;    helpers.go:337: selfmon metric [max by (pipeline_name) (fluentbit_input_storage_chunks_down{service=&#34;telemetry-fluent-bit-metrics&#34;})]: map[pipeline_name:selfmonitor-fluent-bit-buffer-filling-up]=484 map[]=0 &#xA;    helpers.go:338: --- component workloads [fluent-bit] ---&#xA;    helpers.go:242:   daemonset telemetry-fluent-bit: ready=1/1&#xA;    helpers.go:337: --- self-monitor metrics [21:19:59] (waiting for: need: max(fluentbit_input_storage_chunks_down) &gt; 300) ---&#xA;    helpers.go:337: selfmon metric [sum by (pipeline_name) (rate(fluentbit_output_dropped_records_total{service=&#34;telemetry-fluent-bit-metrics&#34;}[5m]))]: map[pipeline_name:selfmonitor-fluent-bit-buffer-filling-up]=39.458099999999995 &#xA;    helpers.go:337: selfmon metric [sum by (pipeline_name) (rate(fluentbit_output_proc_bytes_total{service=&#34;telemetry-fluent-bit-metrics&#34;}[5m]))]: map[pipeline_name:selfmonitor-fluent-bit-buffer-filling-up]=323673.7723111111 &#xA;    helpers.go:337: selfmon metric [sum by (pipeline_name) (rate(fluentbit_input_bytes_total{service=&#34;telemetry-fluent-bit-metrics&#34;}[5m]))]: map[pipeline_name:selfmonitor-fluent-bit-buffer-filling-up]=2145781.104426556 map[]=0 &#xA;    helpers.go:337: selfmon metric [max by (pipeline_name) (fluentbit_input_storage_chunks_down{service=&#34;telemetry-fluent-bit-metrics&#34;})]: map[pipeline_name:selfmonitor-fluent-bit-buffer-filling-up]=484 map[]=0 &#xA;    helpers.go:338: --- component workloads [fluent-bit] ---&#xA;    helpers.go:242:   daemonset telemetry-fluent-bit: ready=1/1&#xA;    helpers.go:337: --- self-monitor metrics [21:20:04] (waiting for: need: max(fluentbit_input_storage_chunks_down) &gt; 300) ---&#xA;    helpers.go:337: selfmon metric [sum by (pipeline_name) (rate(fluentbit_output_dropped_records_total{service=&#34;telemetry-fluent-bit-metrics&#34;}[5m]))]: map[pipeline_name:selfmonitor-fluent-bit-buffer-filling-up]=663.36186 &#xA;    helpers.go:337: selfmon metric [sum by (pipeline_name) (rate(fluentbit_output_proc_bytes_total{service=&#34;telemetry-fluent-bit-metrics&#34;}[5m]))]: map[pipeline_name:selfmonitor-fluent-bit-buffer-filling-up]=332091.536942 &#xA;    helpers.go:337: selfmon metric [sum by (pipeline_name) (rate(fluentbit_input_bytes_total{service=&#34;telemetry-fluent-bit-metrics&#34;}[5m]))]: map[pipeline_name:selfmonitor-fluent-bit-buffer-filling-up]=3329238.7846454447 map[]=0 &#xA;    helpers.go:337: selfmon metric [max by (pipeline_name) (fluentbit_input_storage_chunks_down{service=&#34;telemetry-fluent-bit-metrics&#34;})]: map[pipeline_name:selfmonitor-fluent-bit-buffer-filling-up]=470 map[]=0 &#xA;    helpers.go:338: --- component workloads [fluent-bit] ---&#xA;    helpers.go:242:   daemonset telemetry-fluent-bit: ready=1/1&#xA;    helpers.go:337: --- self-monitor metrics [21:20:09] (waiting for: need: max(fluentbit_input_storage_chunks_down) &gt; 300) ---&#xA;    helpers.go:337: selfmon metric [sum by (pipeline_name) (rate(fluentbit_output_dropped_records_total{service=&#34;telemetry-fluent-bit-metrics&#34;}[5m]))]: map[pipeline_name:selfmonitor-fluent-bit-buffer-filling-up]=690.14355 &#xA;    helpers.go:337: selfmon metric [sum by (pipeline_name) (rate(fluentbit_output_proc_bytes_total{service=&#34;telemetry-fluent-bit-metrics&#34;}[5m]))]: map[pipeline_name:selfmonitor-fluent-bit-buffer-filling-up]=344057.706716 &#xA;    helpers.go:337: selfmon metric [sum by (pipeline_name) (rate(fluentbit_input_bytes_total{service=&#34;telemetry-fluent-bit-metrics&#34;}[5m]))]: map[pipeline_name:selfmonitor-fluent-bit-buffer-filling-up]=3449243.789394639 map[]=0 &#xA;    helpers.go:337: selfmon metric [max by (pipeline_name) (fluentbit_input_storage_chunks_down{service=&#34;telemetry-fluent-bit-metrics&#34;})]: map[pipeline_name:selfmonitor-fluent-bit-buffer-filling-up]=470 map[]=0 &#xA;    helpers.go:338: --- component workloads [fluent-bit] ---&#xA;    helpers.go:242:   daemonset telemetry-fluent-bit: ready=1/1&#xA;    helpers.go:337: --- self-monitor metrics [21:20:14] (waiting for: need: max(fluentbit_input_storage_chunks_down) &gt; 300) ---&#xA;    helpers.go:337: selfmon metric [sum by (pipeline_name) (rate(fluentbit_output_dropped_records_total{service=&#34;telemetry-fluent-bit-metrics&#34;}[5m]))]: map[pipeline_name:selfmonitor-fluent-bit-buffer-filling-up]=717.0370300000001 &#xA;    helpers.go:337: selfmon metric [sum by (pipeline_name) (rate(fluentbit_output_proc_bytes_total{service=&#34;telemetry-fluent-bit-metrics&#34;}[5m]))]: map[pipeline_name:selfmonitor-fluent-bit-buffer-filling-up]=356073.824724 &#xA;    helpers.go:337: selfmon metric [sum by (pipeline_name) (rate(fluentbit_input_bytes_total{service=&#34;telemetry-fluent-bit-metrics&#34;}[5m]))]: map[pipeline_name:selfmonitor-fluent-bit-buffer-filling-up]=3569725.666803277 map[]=0 &#xA;    helpers.go:337: selfmon metric [max by (pipeline_name) (fluentbit_input_storage_chunks_down{service=&#34;telemetry-fluent-bit-metrics&#34;})]: map[pipeline_name:selfmonitor-fluent-bit-buffer-filling-up]=470 map[]=0 &#xA;    helpers.go:338: --- component workloads [fluent-bit] ---&#xA;    helpers.go:242:   daemonset telemetry-fluent-bit: ready=1/1&#xA;    helpers.go:337: --- self-monitor metrics [21:20:19] (waiting for: need: max(fluentbit_input_storage_chunks_down) &gt; 300) ---&#xA;    helpers.go:337: selfmon metric [sum by (pipeline_name) (rate(fluentbit_output_dropped_records_total{service=&#34;telemetry-fluent-bit-metrics&#34;}[5m]))]: map[pipeline_name:selfmonitor-fluent-bit-buffer-filling-up]=743.8985700000001 &#xA;    helpers.go:337: selfmon metric [sum by (pipeline_name) (rate(fluentbit_output_proc_bytes_total{service=&#34;telemetry-fluent-bit-metrics&#34;}[5m]))]: map[pipeline_name:selfmonitor-fluent-bit-buffer-filling-up]=368073.2933206667 &#xA;    helpers.go:337: selfmon metric [sum by (pipeline_name) (rate(fluentbit_input_bytes_total{service=&#34;telemetry-fluent-bit-metrics&#34;}[5m]))]: map[pipeline_name:selfmonitor-fluent-bit-buffer-filling-up]=3690159.856945972 map[]=0 &#xA;    helpers.go:337: selfmon metric [max by (pipeline_name) (fluentbit_input_storage_chunks_down{service=&#34;telemetry-fluent-bit-metrics&#34;})]: map[pipeline_name:selfmonitor-fluent-bit-buffer-filling-up]=470 map[]=0 &#xA;    helpers.go:338: --- component workloads [fluent-bit] ---&#xA;    helpers.go:242:   daemonset telemetry-fluent-bit: ready=1/1&#xA;    helpers.go:337: --- self-monitor metrics [21:20:25] (waiting for: need: max(fluentbit_input_storage_chunks_down) &gt; 300) ---&#xA;    helpers.go:337: selfmon metric [sum by (pipeline_name) (rate(fluentbit_output_dropped_records_total{service=&#34;telemetry-fluent-bit-metrics&#34;}[5m]))]: map[pipeline_name:selfmonitor-fluent-bit-buffer-filling-up]=770.79205 &#xA;    helpers.go:337: selfmon metric [sum by (pipeline_name) (rate(fluentbit_output_proc_bytes_total{service=&#34;telemetry-fluent-bit-metrics&#34;}[5m]))]: map[pipeline_name:selfmonitor-fluent-bit-buffer-filling-up]=380089.4113286667 &#xA;    helpers.go:337: selfmon metric [sum by (pipeline_name) (rate(fluentbit_input_bytes_total{service=&#34;telemetry-fluent-bit-metrics&#34;}[5m]))]: map[pipeline_name:selfmonitor-fluent-bit-buffer-filling-up]=3810570.2034556945 map[]=0 &#xA;    helpers.go:337: selfmon metric [max by (pipeline_name) (fluentbit_input_storage_chunks_down{service=&#34;telemetry-fluent-bit-metrics&#34;})]: map[pipeline_name:selfmonitor-fluent-bit-buffer-filling-up]=470 map[]=0 &#xA;    helpers.go:338: --- component workloads [fluent-bit] ---&#xA;    helpers.go:242:   daemonset telemetry-fluent-bit: ready=1/1&#xA;    helpers.go:337: --- self-monitor metrics [21:20:30] (waiting for: need: max(fluentbit_input_storage_chunks_down) &gt; 300) ---&#xA;    helpers.go:337: selfmon metric [sum by (pipeline_name) (rate(fluentbit_output_dropped_records_total{service=&#34;telemetry-fluent-bit-metrics&#34;}[5m]))]: map[pipeline_name:selfmonitor-fluent-bit-buffer-filling-up]=797.6269733333334 &#xA;    helpers.go:337: selfmon metric [sum by (pipeline_name) (rate(fluentbit_output_proc_bytes_total{service=&#34;telemetry-fluent-bit-metrics&#34;}[5m]))]: map[pipeline_name:selfmonitor-fluent-bit-buffer-filling-up]=392081.7444633333 &#xA;    helpers.go:337: selfmon metric [sum by (pipeline_name) (rate(fluentbit_input_bytes_total{service=&#34;telemetry-fluent-bit-metrics&#34;}[5m]))]: map[pipeline_name:selfmonitor-fluent-bit-buffer-filling-up]=3930670.582736778 map[]=0 &#xA;    helpers.go:337: selfmon metric [max by (pipeline_name) (fluentbit_input_storage_chunks_down{service=&#34;telemetry-fluent-bit-metrics&#34;})]: map[pipeline_name:selfmonitor-fluent-bit-buffer-filling-up]=470 map[]=0 &#xA;    helpers.go:338: --- component workloads [fluent-bit] ---&#xA;    helpers.go:242:   daemonset telemetry-fluent-bit: ready=1/1&#xA;    helpers.go:337: --- self-monitor metrics [21:20:35] (waiting for: need: max(fluentbit_input_storage_chunks_down) &gt; 300) ---&#xA;    helpers.go:337: selfmon metric [sum by (pipeline_name) (rate(fluentbit_output_dropped_records_total{service=&#34;telemetry-fluent-bit-metrics&#34;}[5m]))]: map[pipeline_name:selfmonitor-fluent-bit-buffer-filling-up]=659.573776 &#xA;    helpers.go:337: selfmon metric [sum by (pipeline_name) (rate(fluentbit_output_proc_bytes_total{service=&#34;telemetry-fluent-bit-metrics&#34;}[5m]))]: map[pipeline_name:selfmonitor-fluent-bit-buffer-filling-up]=445522.81441126665 &#xA;    helpers.go:337: selfmon metric [sum by (pipeline_name) (rate(fluentbit_input_bytes_total{service=&#34;telemetry-fluent-bit-metrics&#34;}[5m]))]: map[pipeline_name:selfmonitor-fluent-bit-buffer-filling-up]=3241017.3426482226 map[]=0 &#xA;    helpers.go:337: selfmon metric [max by (pipeline_name) (fluentbit_input_storage_chunks_down{service=&#34;telemetry-fluent-bit-metrics&#34;})]: map[pipeline_name:selfmonitor-fluent-bit-buffer-filling-up]=481 map[]=0 &#xA;    helpers.go:338: --- component workloads [fluent-bit] ---&#xA;    helpers.go:242:   daemonset telemetry-fluent-bit: ready=1/1&#xA;    helpers.go:337: --- self-monitor metrics [21:20:40] (waiting for: need: max(fluentbit_input_storage_chunks_down) &gt; 300) ---&#xA;    helpers.go:337: selfmon metric [sum by (pipeline_name) (rate(fluentbit_output_dropped_records_total{service=&#34;telemetry-fluent-bit-metrics&#34;}[5m]))]: map[pipeline_name:selfmonitor-fluent-bit-buffer-filling-up]=681.1311466666667 &#xA;    helpers.go:337: selfmon metric [sum by (pipeline_name) (rate(fluentbit_output_proc_bytes_total{service=&#34;telemetry-fluent-bit-metrics&#34;}[5m]))]: map[pipeline_name:selfmonitor-fluent-bit-buffer-filling-up]=458784.46685773326 &#xA;    helpers.go:337: selfmon metric [sum by (pipeline_name) (rate(fluentbit_input_bytes_total{service=&#34;telemetry-fluent-bit-metrics&#34;}[5m]))]: map[pipeline_name:selfmonitor-fluent-bit-buffer-filling-up]=3337231.1704177335 map[]=0 &#xA;    helpers.go:337: selfmon metric [max by (pipeline_name) (fluentbit_input_storage_chunks_down{service=&#34;telemetry-fluent-bit-metrics&#34;})]: map[pipeline_name:selfmonitor-fluent-bit-buffer-filling-up]=481 map[]=0 &#xA;    helpers.go:338: --- component workloads [fluent-bit] ---&#xA;    helpers.go:242:   daemonset telemetry-fluent-bit: ready=1/1&#xA;    helpers.go:337: --- self-monitor metrics [21:20:45] (waiting for: need: max(fluentbit_input_storage_chunks_down) &gt; 300) ---&#xA;    helpers.go:337: selfmon metric [sum by (pipeline_name) (rate(fluentbit_output_dropped_records_total{service=&#34;telemetry-fluent-bit-metrics&#34;}[5m]))]: map[pipeline_name:selfmonitor-fluent-bit-buffer-filling-up]=702.61612 &#xA;    helpers.go:337: selfmon metric [sum by (pipeline_name) (rate(fluentbit_output_proc_bytes_total{service=&#34;telemetry-fluent-bit-metrics&#34;}[5m]))]: map[pipeline_name:selfmonitor-fluent-bit-buffer-filling-up]=472019.89495686657 &#xA;    helpers.go:337: selfmon metric [sum by (pipeline_name) (rate(fluentbit_input_bytes_total{service=&#34;telemetry-fluent-bit-metrics&#34;}[5m]))]: map[pipeline_name:selfmonitor-fluent-bit-buffer-filling-up]=3433540.3727191333 map[]=0 &#xA;    helpers.go:337: selfmon metric [max by (pipeline_name) (fluentbit_input_storage_chunks_down{service=&#34;telemetry-fluent-bit-metrics&#34;})]: map[pipeline_name:selfmonitor-fluent-bit-buffer-filling-up]=481 map[]=0 &#xA;    helpers.go:338: --- component workloads [fluent-bit] ---&#xA;    helpers.go:242:   daemonset telemetry-fluent-bit: ready=1/1&#xA;    helpers.go:337: --- self-monitor metrics [21:20:50] (waiting for: need: max(fluentbit_input_storage_chunks_down) &gt; 300) ---&#xA;    helpers.go:337: selfmon metric [sum by (pipeline_name) (rate(fluentbit_output_dropped_records_total{service=&#34;telemetry-fluent-bit-metrics&#34;}[5m]))]: map[pipeline_name:selfmonitor-fluent-bit-buffer-filling-up]=724.1096106666668 &#xA;    helpers.go:337: selfmon metric [sum by (pipeline_name) (rate(fluentbit_output_proc_bytes_total{service=&#34;telemetry-fluent-bit-metrics&#34;}[5m]))]: map[pipeline_name:selfmonitor-fluent-bit-buffer-filling-up]=485257.9454907333 &#xA;    helpers.go:337: selfmon metric [sum by (pipeline_name) (rate(fluentbit_input_bytes_total{service=&#34;telemetry-fluent-bit-metrics&#34;}[5m]))]: map[pipeline_name:selfmonitor-fluent-bit-buffer-filling-up]=3529754.2004886437 map[]=0 &#xA;    helpers.go:337: selfmon metric [max by (pipeline_name) (fluentbit_input_storage_chunks_down{service=&#34;telemetry-fluent-bit-metrics&#34;})]: map[pipeline_name:selfmonitor-fluent-bit-buffer-filling-up]=481 map[]=0 &#xA;    helpers.go:338: --- component workloads [fluent-bit] ---&#xA;    helpers.go:242:   daemonset telemetry-fluent-bit: ready=1/1&#xA;    helpers.go:337: --- self-monitor metrics [21:20:55] (waiting for: need: max(fluentbit_input_storage_chunks_down) &gt; 300) ---&#xA;    helpers.go:337: selfmon metric [sum by (pipeline_name) (rate(fluentbit_output_dropped_records_total{service=&#34;telemetry-fluent-bit-metrics&#34;}[5m]))]: map[pipeline_name:selfmonitor-fluent-bit-buffer-filling-up]=745.6286533333333 &#xA;    helpers.go:337: selfmon metric [sum by (pipeline_name) (rate(fluentbit_output_proc_bytes_total{service=&#34;telemetry-fluent-bit-metrics&#34;}[5m]))]: map[pipeline_name:selfmonitor-fluent-bit-buffer-filling-up]=498511.730633 &#xA;    helpers.go:337: selfmon metric [sum by (pipeline_name) (rate(fluentbit_input_bytes_total{service=&#34;telemetry-fluent-bit-metrics&#34;}[5m]))]: map[pipeline_name:selfmonitor-fluent-bit-buffer-filling-up]=3626349.526385711 map[]=0 &#xA;    helpers.go:337: selfmon metric [max by (pipeline_name) (fluentbit_input_storage_chunks_down{service=&#34;telemetry-fluent-bit-metrics&#34;})]: map[pipeline_name:selfmonitor-fluent-bit-buffer-filling-up]=481 map[]=0 &#xA;    helpers.go:338: --- component workloads [fluent-bit] ---&#xA;    helpers.go:242:   daemonset telemetry-fluent-bit: ready=1/1&#xA;    helpers.go:337: --- self-monitor metrics [21:21:00] (waiting for: need: max(fluentbit_input_storage_chunks_down) &gt; 300) ---&#xA;    helpers.go:337: selfmon metric [sum by (pipeline_name) (rate(fluentbit_output_dropped_records_total{service=&#34;telemetry-fluent-bit-metrics&#34;}[5m]))]: map[pipeline_name:selfmonitor-fluent-bit-buffer-filling-up]=1225.5888983333336 &#xA;    helpers.go:337: selfmon metric [sum by (pipeline_name) (rate(fluentbit_output_proc_bytes_total{service=&#34;telemetry-fluent-bit-metrics&#34;}[5m]))]: map[pipeline_name:selfmonitor-fluent-bit-buffer-filling-up]=542726.2136351111 &#xA;    helpers.go:337: selfmon metric [sum by (pipeline_name) (rate(fluentbit_input_bytes_total{service=&#34;telemetry-fluent-bit-metrics&#34;}[5m]))]: map[pipeline_name:selfmonitor-fluent-bit-buffer-filling-up]=4639885.333902778 map[]=0 &#xA;    helpers.go:337: selfmon metric [max by (pipeline_name) (fluentbit_input_storage_chunks_down{service=&#34;telemetry-fluent-bit-metrics&#34;})]: map[pipeline_name:selfmonitor-fluent-bit-buffer-filling-up]=456 map[]=0 &#xA;    helpers.go:338: --- component workloads [fluent-bit] ---&#xA;    helpers.go:242:   daemonset telemetry-fluent-bit: ready=1/1&#xA;    helpers.go:337: --- self-monitor metrics [21:21:05] (waiting for: need: max(fluentbit_input_storage_chunks_down) &gt; 300) ---&#xA;    helpers.go:337: selfmon metric [sum by (pipeline_name) (rate(fluentbit_output_dropped_records_total{service=&#34;telemetry-fluent-bit-metrics&#34;}[5m]))]: map[pipeline_name:selfmonitor-fluent-bit-buffer-filling-up]=1259.91992 &#xA;    helpers.go:337: selfmon metric [sum by (pipeline_name) (rate(fluentbit_output_proc_bytes_total{service=&#34;telemetry-fluent-bit-metrics&#34;}[5m]))]: map[pipeline_name:selfmonitor-fluent-bit-buffer-filling-up]=556871.1810568519 &#xA;    helpers.go:337: selfmon metric [sum by (pipeline_name) (rate(fluentbit_input_bytes_total{service=&#34;telemetry-fluent-bit-metrics&#34;}[5m]))]: map[pipeline_name:selfmonitor-fluent-bit-buffer-filling-up]=4762450.585741204 map[]=0 &#xA;    helpers.go:337: selfmon metric [max by (pipeline_name) (fluentbit_input_storage_chunks_down{service=&#34;telemetry-fluent-bit-metrics&#34;})]: map[pipeline_name:selfmonitor-fluent-bit-buffer-filling-up]=456 map[]=0 &#xA;    helpers.go:338: --- component workloads [fluent-bit] ---&#xA;    helpers.go:242:   daemonset telemetry-fluent-bit: ready=1/1&#xA;    helpers.go:337: --- self-monitor metrics [21:21:10] (waiting for: need: max(fluentbit_input_storage_chunks_down) &gt; 300) ---&#xA;    helpers.go:337: selfmon metric [sum by (pipeline_name) (rate(fluentbit_output_dropped_records_total{service=&#34;telemetry-fluent-bit-metrics&#34;}[5m]))]: map[pipeline_name:selfmonitor-fluent-bit-buffer-filling-up]=1294.9789280555553 &#xA;    helpers.go:337: selfmon metric [sum by (pipeline_name) (rate(fluentbit_output_proc_bytes_total{service=&#34;telemetry-fluent-bit-metrics&#34;}[5m]))]: map[pipeline_name:selfmonitor-fluent-bit-buffer-filling-up]=571096.8020482408 &#xA;    helpers.go:337: selfmon metric [sum by (pipeline_name) (rate(fluentbit_input_bytes_total{service=&#34;telemetry-fluent-bit-metrics&#34;}[5m]))]: map[pipeline_name:selfmonitor-fluent-bit-buffer-filling-up]=4882519.358153241 map[]=0 &#xA;    helpers.go:337: selfmon metric [max by (pipeline_name) (fluentbit_input_storage_chunks_down{service=&#34;telemetry-fluent-bit-metrics&#34;})]: map[pipeline_name:selfmonitor-fluent-bit-buffer-filling-up]=456 map[]=0 &#xA;    helpers.go:338: --- component workloads [fluent-bit] ---&#xA;    helpers.go:242:   daemonset telemetry-fluent-bit: ready=1/1&#xA;    helpers.go:337: --- self-monitor metrics [21:21:15] (waiting for: need: max(fluentbit_input_storage_chunks_down) &gt; 300) ---&#xA;    helpers.go:337: selfmon metric [sum by (pipeline_name) (rate(fluentbit_output_dropped_records_total{service=&#34;telemetry-fluent-bit-metrics&#34;}[5m]))]: map[pipeline_name:selfmonitor-fluent-bit-buffer-filling-up]=1329.2963425 &#xA;    helpers.go:337: selfmon metric [sum by (pipeline_name) (rate(fluentbit_output_proc_bytes_total{service=&#34;telemetry-fluent-bit-metrics&#34;}[5m]))]: map[pipeline_name:selfmonitor-fluent-bit-buffer-filling-up]=585136.0854821666 &#xA;    helpers.go:337: selfmon metric [sum by (pipeline_name) (rate(fluentbit_input_bytes_total{service=&#34;telemetry-fluent-bit-metrics&#34;}[5m]))]: map[pipeline_name:selfmonitor-fluent-bit-buffer-filling-up]=5002611.906559815 map[]=0 &#xA;    helpers.go:337: selfmon metric [max by (pipeline_name) (fluentbit_input_storage_chunks_down{service=&#34;telemetry-fluent-bit-metrics&#34;})]: map[pipeline_name:selfmonitor-fluent-bit-buffer-filling-up]=456 map[]=0 &#xA;    helpers.go:338: --- component workloads [fluent-bit] ---&#xA;    helpers.go:242:   daemonset telemetry-fluent-bit: ready=1/1&#xA;    helpers.go:337: --- self-monitor metrics [21:21:20] (waiting for: need: max(fluentbit_input_storage_chunks_down) &gt; 300) ---&#xA;    helpers.go:337: selfmon metric [sum by (pipeline_name) (rate(fluentbit_output_dropped_records_total{service=&#34;telemetry-fluent-bit-metrics&#34;}[5m]))]: map[pipeline_name:selfmonitor-fluent-bit-buffer-filling-up]=1363.640971388889 &#xA;    helpers.go:337: selfmon metric [sum by (pipeline_name) (rate(fluentbit_output_proc_bytes_total{service=&#34;telemetry-fluent-bit-metrics&#34;}[5m]))]: map[pipeline_name:selfmonitor-fluent-bit-buffer-filling-up]=599158.6819706481 &#xA;    helpers.go:337: selfmon metric [sum by (pipeline_name) (rate(fluentbit_input_bytes_total{service=&#34;telemetry-fluent-bit-metrics&#34;}[5m]))]: map[pipeline_name:selfmonitor-fluent-bit-buffer-filling-up]=5122300.263059259 map[]=0 &#xA;    helpers.go:337: selfmon metric [max by (pipeline_name) (fluentbit_input_storage_chunks_down{service=&#34;telemetry-fluent-bit-metrics&#34;})]: map[pipeline_name:selfmonitor-fluent-bit-buffer-filling-up]=456 map[]=0 &#xA;    helpers.go:338: --- component workloads [fluent-bit] ---&#xA;    helpers.go:242:   daemonset telemetry-fluent-bit: ready=1/1&#xA;    helpers.go:337: --- self-monitor metrics [21:21:25] (waiting for: need: max(fluentbit_input_storage_chunks_down) &gt; 300) ---&#xA;    helpers.go:337: selfmon metric [sum by (pipeline_name) (rate(fluentbit_output_dropped_records_total{service=&#34;telemetry-fluent-bit-metrics&#34;}[5m]))]: map[pipeline_name:selfmonitor-fluent-bit-buffer-filling-up]=1397.890349722222 &#xA;    helpers.go:337: selfmon metric [sum by (pipeline_name) (rate(fluentbit_output_proc_bytes_total{service=&#34;telemetry-fluent-bit-metrics&#34;}[5m]))]: map[pipeline_name:selfmonitor-fluent-bit-buffer-filling-up]=613175.7161439814 &#xA;    helpers.go:337: selfmon metric [sum by (pipeline_name) (rate(fluentbit_input_bytes_total{service=&#34;telemetry-fluent-bit-metrics&#34;}[5m]))]: map[pipeline_name:selfmonitor-fluent-bit-buffer-filling-up]=5242202.603509536 map[]=0 &#xA;    helpers.go:337: selfmon metric [max by (pipeline_name) (fluentbit_input_storage_chunks_down{service=&#34;telemetry-fluent-bit-metrics&#34;})]: map[pipeline_name:selfmonitor-fluent-bit-buffer-filling-up]=456 map[]=0 &#xA;    helpers.go:338: --- component workloads [fluent-bit] ---&#xA;    helpers.go:242:   daemonset telemetry-fluent-bit: ready=1/1&#xA;    helpers.go:337: --- self-monitor metrics [21:21:30] (waiting for: need: max(fluentbit_input_storage_chunks_down) &gt; 300) ---&#xA;    helpers.go:337: selfmon metric [sum by (pipeline_name) (rate(fluentbit_output_dropped_records_total{service=&#34;telemetry-fluent-bit-metrics&#34;}[5m]))]: map[pipeline_name:selfmonitor-fluent-bit-buffer-filling-up]=1227.6591399999998 &#xA;    helpers.go:337: selfmon metric [sum by (pipeline_name) (rate(fluentbit_output_proc_bytes_total{service=&#34;telemetry-fluent-bit-metrics&#34;}[5m]))]: map[pipeline_name:selfmonitor-fluent-bit-buffer-filling-up]=604574.0961261905 &#xA;    helpers.go:337: selfmon metric [sum by (pipeline_name) (rate(fluentbit_input_bytes_total{service=&#34;telemetry-fluent-bit-metrics&#34;}[5m]))]: map[pipeline_name:selfmonitor-fluent-bit-buffer-filling-up]=4596273.366780555 map[]=0 &#xA;    helpers.go:337: selfmon metric [max by (pipeline_name) (fluentbit_input_storage_chunks_down{service=&#34;telemetry-fluent-bit-metrics&#34;})]: map[pipeline_name:selfmonitor-fluent-bit-buffer-filling-up]=473 map[]=0 &#xA;    helpers.go:338: --- component workloads [fluent-bit] ---&#xA;    helpers.go:242:   daemonset telemetry-fluent-bit: ready=1/1&#xA;    helpers.go:337: --- self-monitor metrics [21:21:35] (waiting for: need: max(fluentbit_input_storage_chunks_down) &gt; 300) ---&#xA;    helpers.go:337: selfmon metric [sum by (pipeline_name) (rate(fluentbit_output_dropped_records_total{service=&#34;telemetry-fluent-bit-metrics&#34;}[5m]))]: map[pipeline_name:selfmonitor-fluent-bit-buffer-filling-up]=1257.1090566666664 &#xA;    helpers.go:337: selfmon metric [sum by (pipeline_name) (rate(fluentbit_output_proc_bytes_total{service=&#34;telemetry-fluent-bit-metrics&#34;}[5m]))]: map[pipeline_name:selfmonitor-fluent-bit-buffer-filling-up]=618117.1992572382 &#xA;    helpers.go:337: selfmon metric [sum by (pipeline_name) (rate(fluentbit_input_bytes_total{service=&#34;telemetry-fluent-bit-metrics&#34;}[5m]))]: map[pipeline_name:selfmonitor-fluent-bit-buffer-filling-up]=4699270.975115 map[]=0 &#xA;    helpers.go:337: selfmon metric [max by (pipeline_name) (fluentbit_input_storage_chunks_down{service=&#34;telemetry-fluent-bit-metrics&#34;})]: map[pipeline_name:selfmonitor-fluent-bit-buffer-filling-up]=473 map[]=0 &#xA;    helpers.go:338: --- component workloads [fluent-bit] ---&#xA;    helpers.go:242:   daemonset telemetry-fluent-bit: ready=1/1&#xA;    helpers.go:337: --- self-monitor metrics [21:21:40] (waiting for: need: max(fluentbit_input_storage_chunks_down) &gt; 300) ---&#xA;    helpers.go:337: selfmon metric [sum by (pipeline_name) (rate(fluentbit_output_dropped_records_total{service=&#34;telemetry-fluent-bit-metrics&#34;}[5m]))]: map[pipeline_name:selfmonitor-fluent-bit-buffer-filling-up]=1286.6756066666667 &#xA;    helpers.go:337: selfmon metric [sum by (pipeline_name) (rate(fluentbit_output_proc_bytes_total{service=&#34;telemetry-fluent-bit-metrics&#34;}[5m]))]: map[pipeline_name:selfmonitor-fluent-bit-buffer-filling-up]=631695.1520202539 &#xA;    helpers.go:337: selfmon metric [sum by (pipeline_name) (rate(fluentbit_input_bytes_total{service=&#34;telemetry-fluent-bit-metrics&#34;}[5m]))]: map[pipeline_name:selfmonitor-fluent-bit-buffer-filling-up]=4802370.480568888 map[]=0 &#xA;    helpers.go:337: selfmon metric [max by (pipeline_name) (fluentbit_input_storage_chunks_down{service=&#34;telemetry-fluent-bit-metrics&#34;})]: map[pipeline_name:selfmonitor-fluent-bit-buffer-filling-up]=473 map[]=0 &#xA;    helpers.go:338: --- component workloads [fluent-bit] ---&#xA;    helpers.go:242:   daemonset telemetry-fluent-bit: ready=1/1&#xA;    helpers.go:337: --- self-monitor metrics [21:21:45] (waiting for: need: max(fluentbit_input_storage_chunks_down) &gt; 300) ---&#xA;    helpers.go:337: selfmon metric [sum by (pipeline_name) (rate(fluentbit_output_dropped_records_total{service=&#34;telemetry-fluent-bit-metrics&#34;}[5m]))]: map[pipeline_name:selfmonitor-fluent-bit-buffer-filling-up]=1316.0672066666666 &#xA;    helpers.go:337: selfmon metric [sum by (pipeline_name) (rate(fluentbit_output_proc_bytes_total{service=&#34;telemetry-fluent-bit-metrics&#34;}[5m]))]: map[pipeline_name:selfmonitor-fluent-bit-buffer-filling-up]=645211.4477420952 &#xA;    helpers.go:337: selfmon metric [sum by (pipeline_name) (rate(fluentbit_input_bytes_total{service=&#34;telemetry-fluent-bit-metrics&#34;}[5m]))]: map[pipeline_name:selfmonitor-fluent-bit-buffer-filling-up]=4905388.468327222 map[]=0 &#xA;    helpers.go:337: selfmon metric [max by (pipeline_name) (fluentbit_input_storage_chunks_down{service=&#34;telemetry-fluent-bit-metrics&#34;})]: map[pipeline_name:selfmonitor-fluent-bit-buffer-filling-up]=473 map[]=0 &#xA;    helpers.go:338: --- component workloads [fluent-bit] ---&#xA;    helpers.go:242:   daemonset telemetry-fluent-bit: ready=1/1&#xA;    helpers.go:337: --- self-monitor metrics [21:21:50] (waiting for: need: max(fluentbit_input_storage_chunks_down) &gt; 300) ---&#xA;    helpers.go:337: selfmon metric [sum by (pipeline_name) (rate(fluentbit_output_dropped_records_total{service=&#34;telemetry-fluent-bit-metrics&#34;}[5m]))]: map[pipeline_name:selfmonitor-fluent-bit-buffer-filling-up]=1345.5287866666665 &#xA;    helpers.go:337: selfmon metric [sum by (pipeline_name) (rate(fluentbit_output_proc_bytes_total{service=&#34;telemetry-fluent-bit-metrics&#34;}[5m]))]: map[pipeline_name:selfmonitor-fluent-bit-buffer-filling-up]=658762.5930959048 &#xA;    helpers.go:337: selfmon metric [sum by (pipeline_name) (rate(fluentbit_input_bytes_total{service=&#34;telemetry-fluent-bit-metrics&#34;}[5m]))]: map[pipeline_name:selfmonitor-fluent-bit-buffer-filling-up]=5008121.144151111 map[]=0 &#xA;    helpers.go:337: selfmon metric [max by (pipeline_name) (fluentbit_input_storage_chunks_down{service=&#34;telemetry-fluent-bit-metrics&#34;})]: map[pipeline_name:selfmonitor-fluent-bit-buffer-filling-up]=473 map[]=0 &#xA;    helpers.go:338: --- component workloads [fluent-bit] ---&#xA;    helpers.go:242:   daemonset telemetry-fluent-bit: ready=1/1&#xA;    helpers.go:337: --- self-monitor metrics [21:21:56] (waiting for: need: max(fluentbit_input_storage_chunks_down) &gt; 300) ---&#xA;    helpers.go:337: selfmon metric [sum by (pipeline_name) (rate(fluentbit_output_dropped_records_total{service=&#34;telemetry-fluent-bit-metrics&#34;}[5m]))]: map[pipeline_name:selfmonitor-fluent-bit-buffer-filling-up]=1375.03702 &#xA;    helpers.go:337: selfmon metric [sum by (pipeline_name) (rate(fluentbit_output_proc_bytes_total{service=&#34;telemetry-fluent-bit-metrics&#34;}[5m]))]: map[pipeline_name:selfmonitor-fluent-bit-buffer-filling-up]=672316.4191906349 &#xA;    helpers.go:337: selfmon metric [sum by (pipeline_name) (rate(fluentbit_input_bytes_total{service=&#34;telemetry-fluent-bit-metrics&#34;}[5m]))]: map[pipeline_name:selfmonitor-fluent-bit-buffer-filling-up]=5111200.270181111 map[]=0 &#xA;    helpers.go:337: selfmon metric [max by (pipeline_name) (fluentbit_input_storage_chunks_down{service=&#34;telemetry-fluent-bit-metrics&#34;})]: map[pipeline_name:selfmonitor-fluent-bit-buffer-filling-up]=473 map[]=0 &#xA;    helpers.go:338: --- component workloads [fluent-bit] ---&#xA;    helpers.go:242:   daemonset telemetry-fluent-bit: ready=1/1&#xA;    helpers.go:337: --- self-monitor metrics [21:22:01] (waiting for: need: max(fluentbit_input_storage_chunks_down) &gt; 300) ---&#xA;    helpers.go:337: selfmon metric [sum by (pipeline_name) (rate(fluentbit_output_dropped_records_total{service=&#34;telemetry-fluent-bit-metrics&#34;}[5m]))]: map[pipeline_name:selfmonitor-fluent-bit-buffer-filling-up]=1855.9309475 &#xA;    helpers.go:337: selfmon metric [sum by (pipeline_name) (rate(fluentbit_output_proc_bytes_total{service=&#34;telemetry-fluent-bit-metrics&#34;}[5m]))]: map[pipeline_name:selfmonitor-fluent-bit-buffer-filling-up]=718765.4275712501 &#xA;    helpers.go:337: selfmon metric [sum by (pipeline_name) (rate(fluentbit_input_bytes_total{service=&#34;telemetry-fluent-bit-metrics&#34;}[5m]))]: map[pipeline_name:selfmonitor-fluent-bit-buffer-filling-up]=6118459.841739111 map[]=0 &#xA;    helpers.go:337: selfmon metric [max by (pipeline_name) (fluentbit_input_storage_chunks_down{service=&#34;telemetry-fluent-bit-metrics&#34;})]: map[pipeline_name:selfmonitor-fluent-bit-buffer-filling-up]=480 map[]=0 &#xA;    helpers.go:338: --- component workloads [fluent-bit] ---&#xA;    helpers.go:242:   daemonset telemetry-fluent-bit: ready=1/1&#xA;    helpers.go:337: --- self-monitor metrics [21:22:06] (waiting for: need: max(fluentbit_input_storage_chunks_down) &gt; 300) ---&#xA;    helpers.go:337: selfmon metric [sum by (pipeline_name) (rate(fluentbit_output_dropped_records_total{service=&#34;telemetry-fluent-bit-metrics&#34;}[5m]))]: map[pipeline_name:selfmonitor-fluent-bit-buffer-filling-up]=1894.702139375 &#xA;    helpers.go:337: selfmon metric [sum by (pipeline_name) (rate(fluentbit_output_proc_bytes_total{service=&#34;telemetry-fluent-bit-metrics&#34;}[5m]))]: map[pipeline_name:selfmonitor-fluent-bit-buffer-filling-up]=732914.0657243055 &#xA;    helpers.go:337: selfmon metric [sum by (pipeline_name) (rate(fluentbit_input_bytes_total{service=&#34;telemetry-fluent-bit-metrics&#34;}[5m]))]: map[pipeline_name:selfmonitor-fluent-bit-buffer-filling-up]=6239016.739093333 map[]=0 &#xA;    helpers.go:337: selfmon metric [max by (pipeline_name) (fluentbit_input_storage_chunks_down{service=&#34;telemetry-fluent-bit-metrics&#34;})]: map[pipeline_name:selfmonitor-fluent-bit-buffer-filling-up]=480 map[]=0 &#xA;    helpers.go:338: --- component workloads [fluent-bit] ---&#xA;    helpers.go:242:   daemonset telemetry-fluent-bit: ready=1/1&#xA;    helpers.go:337: --- self-monitor metrics [21:22:11] (waiting for: need: max(fluentbit_input_storage_chunks_down) &gt; 300) ---&#xA;    helpers.go:337: selfmon metric [sum by (pipeline_name) (rate(fluentbit_output_dropped_records_total{service=&#34;telemetry-fluent-bit-metrics&#34;}[5m]))]: map[pipeline_name:selfmonitor-fluent-bit-buffer-filling-up]=1933.5812216666664 &#xA;    helpers.go:337: selfmon metric [sum by (pipeline_name) (rate(fluentbit_output_proc_bytes_total{service=&#34;telemetry-fluent-bit-metrics&#34;}[5m]))]: map[pipeline_name:selfmonitor-fluent-bit-buffer-filling-up]=747087.9893704861 &#xA;    helpers.go:337: selfmon metric [sum by (pipeline_name) (rate(fluentbit_input_bytes_total{service=&#34;telemetry-fluent-bit-metrics&#34;}[5m]))]: map[pipeline_name:selfmonitor-fluent-bit-buffer-filling-up]=6359549.721173334 map[]=0 &#xA;    helpers.go:337: selfmon metric [max by (pipeline_name) (fluentbit_input_storage_chunks_down{service=&#34;telemetry-fluent-bit-metrics&#34;})]: map[pipeline_name:selfmonitor-fluent-bit-buffer-filling-up]=480 map[]=0 &#xA;    helpers.go:338: --- component workloads [fluent-bit] ---&#xA;    helpers.go:242:   daemonset telemetry-fluent-bit: ready=1/1&#xA;    helpers.go:337: --- self-monitor metrics [21:22:16] (waiting for: need: max(fluentbit_input_storage_chunks_down) &gt; 300) ---&#xA;    helpers.go:337: selfmon metric [sum by (pipeline_name) (rate(fluentbit_output_dropped_records_total{service=&#34;telemetry-fluent-bit-metrics&#34;}[5m]))]: map[pipeline_name:selfmonitor-fluent-bit-buffer-filling-up]=1972.3986522916668 &#xA;    helpers.go:337: selfmon metric [sum by (pipeline_name) (rate(fluentbit_output_proc_bytes_total{service=&#34;telemetry-fluent-bit-metrics&#34;}[5m]))]: map[pipeline_name:selfmonitor-fluent-bit-buffer-filling-up]=761253.4845189584 &#xA;    helpers.go:337: selfmon metric [sum by (pipeline_name) (rate(fluentbit_input_bytes_total{service=&#34;telemetry-fluent-bit-metrics&#34;}[5m]))]: map[pipeline_name:selfmonitor-fluent-bit-buffer-filling-up]=6480537.093463555 map[]=0 &#xA;    helpers.go:337: selfmon metric [max by (pipeline_name) (fluentbit_input_storage_chunks_down{service=&#34;telemetry-fluent-bit-metrics&#34;})]: map[pipeline_name:selfmonitor-fluent-bit-buffer-filling-up]=480 map[]=0 &#xA;    helpers.go:338: --- component workloads [fluent-bit] ---&#xA;    helpers.go:242:   daemonset telemetry-fluent-bit: ready=1/1&#xA;    helpers.go:337: --- self-monitor metrics [21:22:21] (waiting for: need: max(fluentbit_input_storage_chunks_down) &gt; 300) ---&#xA;    helpers.go:337: selfmon metric [sum by (pipeline_name) (rate(fluentbit_output_dropped_records_total{service=&#34;telemetry-fluent-bit-metrics&#34;}[5m]))]: map[pipeline_name:selfmonitor-fluent-bit-buffer-filling-up]=2011.4858089583333 &#xA;    helpers.go:337: selfmon metric [sum by (pipeline_name) (rate(fluentbit_output_proc_bytes_total{service=&#34;telemetry-fluent-bit-metrics&#34;}[5m]))]: map[pipeline_name:selfmonitor-fluent-bit-buffer-filling-up]=775514.5026414583 &#xA;    helpers.go:337: selfmon metric [sum by (pipeline_name) (rate(fluentbit_input_bytes_total{service=&#34;telemetry-fluent-bit-metrics&#34;}[5m]))]: map[pipeline_name:selfmonitor-fluent-bit-buffer-filling-up]=6601596.211576445 map[]=0 &#xA;    helpers.go:337: selfmon metric [max by (pipeline_name) (fluentbit_input_storage_chunks_down{service=&#34;telemetry-fluent-bit-metrics&#34;})]: map[pipeline_name:selfmonitor-fluent-bit-buffer-filling-up]=480 map[]=0 &#xA;    helpers.go:338: --- component workloads [fluent-bit] ---&#xA;    helpers.go:242:   daemonset telemetry-fluent-bit: ready=1/1&#xA;    helpers.go:337: --- self-monitor metrics [21:22:26] (waiting for: need: max(fluentbit_input_storage_chunks_down) &gt; 300) ---&#xA;    helpers.go:337: selfmon metric [sum by (pipeline_name) (rate(fluentbit_output_dropped_records_total{service=&#34;telemetry-fluent-bit-metrics&#34;}[5m]))]: map[pipeline_name:selfmonitor-fluent-bit-buffer-filling-up]=2050.4419558333334 &#xA;    helpers.go:337: selfmon metric [sum by (pipeline_name) (rate(fluentbit_output_proc_bytes_total{service=&#34;telemetry-fluent-bit-metrics&#34;}[5m]))]: map[pipeline_name:selfmonitor-fluent-bit-buffer-filling-up]=789679.9977899306 &#xA;    helpers.go:337: selfmon metric [sum by (pipeline_name) (rate(fluentbit_input_bytes_total{service=&#34;telemetry-fluent-bit-metrics&#34;}[5m]))]: map[pipeline_name:selfmonitor-fluent-bit-buffer-filling-up]=6722272.685301777 map[]=0 &#xA;    helpers.go:337: selfmon metric [max by (pipeline_name) (fluentbit_input_storage_chunks_down{service=&#34;telemetry-fluent-bit-metrics&#34;})]: map[pipeline_name:selfmonitor-fluent-bit-buffer-filling-up]=480 map[]=0 &#xA;    helpers.go:338: --- component workloads [fluent-bit] ---&#xA;    helpers.go:242:   daemonset telemetry-fluent-bit: ready=1/1&#xA;    helpers.go:337: --- self-monitor metrics [21:22:31] (waiting for: need: max(fluentbit_input_storage_chunks_down) &gt; 300) ---&#xA;    helpers.go:337: selfmon metric [sum by (pipeline_name) (rate(fluentbit_output_dropped_records_total{service=&#34;telemetry-fluent-bit-metrics&#34;}[5m]))]: map[pipeline_name:selfmonitor-fluent-bit-buffer-filling-up]=1857.2290007111058 &#xA;    helpers.go:337: selfmon metric [sum by (pipeline_name) (rate(fluentbit_output_proc_bytes_total{service=&#34;telemetry-fluent-bit-metrics&#34;}[5m]))]: map[pipeline_name:selfmonitor-fluent-bit-buffer-filling-up]=815497.2444648559 &#xA;    helpers.go:337: selfmon metric [sum by (pipeline_name) (rate(fluentbit_input_bytes_total{service=&#34;telemetry-fluent-bit-metrics&#34;}[5m]))]: map[pipeline_name:selfmonitor-fluent-bit-buffer-filling-up]=6377359.219561337 map[]=0 &#xA;    helpers.go:337: selfmon metric [max by (pipeline_name) (fluentbit_input_storage_chunks_down{service=&#34;telemetry-fluent-bit-metrics&#34;})]: map[pipeline_name:selfmonitor-fluent-bit-buffer-filling-up]=472 map[]=0 &#xA;    helpers.go:338: --- component workloads [fluent-bit] ---&#xA;    helpers.go:242:   daemonset telemetry-fluent-bit: ready=1/1&#xA;    helpers.go:337: --- self-monitor metrics [21:22:36] (waiting for: need: max(fluentbit_input_storage_chunks_down) &gt; 300) ---&#xA;    helpers.go:337: selfmon metric [sum by (pipeline_name) (rate(fluentbit_output_dropped_records_total{service=&#34;telemetry-fluent-bit-metrics&#34;}[5m]))]: map[pipeline_name:selfmonitor-fluent-bit-buffer-filling-up]=1891.7468281716433 &#xA;    helpers.go:337: selfmon metric [sum by (pipeline_name) (rate(fluentbit_output_proc_bytes_total{service=&#34;telemetry-fluent-bit-metrics&#34;}[5m]))]: map[pipeline_name:selfmonitor-fluent-bit-buffer-filling-up]=815497.244464856 &#xA;    helpers.go:337: selfmon metric [sum by (pipeline_name) (rate(fluentbit_input_bytes_total{service=&#34;telemetry-fluent-bit-metrics&#34;}[5m]))]: map[pipeline_name:selfmonitor-fluent-bit-buffer-filling-up]=6377359.219561337 map[]=0 &#xA;    helpers.go:337: selfmon metric [max by (pipeline_name) (fluentbit_input_storage_chunks_down{service=&#34;telemetry-fluent-bit-metrics&#34;})]: map[pipeline_name:selfmonitor-fluent-bit-buffer-filling-up]=472 map[]=0 &#xA;    helpers.go:338: --- component workloads [fluent-bit] ---&#xA;    helpers.go:242:   daemonset telemetry-fluent-bit: ready=1/1&#xA;    helpers.go:337: --- self-monitor metrics [21:22:41] (waiting for: need: max(fluentbit_input_storage_chunks_down) &gt; 300) ---&#xA;    helpers.go:337: selfmon metric [sum by (pipeline_name) (rate(fluentbit_output_dropped_records_total{service=&#34;telemetry-fluent-bit-metrics&#34;}[5m]))]: map[pipeline_name:selfmonitor-fluent-bit-buffer-filling-up]=1926.4427591277104 &#xA;    helpers.go:337: selfmon metric [sum by (pipeline_name) (rate(fluentbit_output_proc_bytes_total{service=&#34;telemetry-fluent-bit-metrics&#34;}[5m]))]: map[pipeline_name:selfmonitor-fluent-bit-buffer-filling-up]=815497.2444648559 &#xA;    helpers.go:337: selfmon metric [sum by (pipeline_name) (rate(fluentbit_input_bytes_total{service=&#34;telemetry-fluent-bit-metrics&#34;}[5m]))]: map[pipeline_name:selfmonitor-fluent-bit-buffer-filling-up]=6377359.219561337 map[]=0 &#xA;    helpers.go:337: selfmon metric [max by (pipeline_name) (fluentbit_input_storage_chunks_down{service=&#34;telemetry-fluent-bit-metrics&#34;})]: map[pipeline_name:selfmonitor-fluent-bit-buffer-filling-up]=472 map[]=0 &#xA;    helpers.go:338: --- component workloads [fluent-bit] ---&#xA;    helpers.go:242:   daemonset telemetry-fluent-bit: ready=1/1&#xA;    helpers.go:337: --- self-monitor metrics [21:22:46] (waiting for: need: max(fluentbit_input_storage_chunks_down) &gt; 300) ---&#xA;    helpers.go:337: selfmon metric [sum by (pipeline_name) (rate(fluentbit_output_dropped_records_total{service=&#34;telemetry-fluent-bit-metrics&#34;}[5m]))]: map[pipeline_name:selfmonitor-fluent-bit-buffer-filling-up]=1961.289393041533 &#xA;    helpers.go:337: selfmon metric [sum by (pipeline_name) (rate(fluentbit_output_proc_bytes_total{service=&#34;telemetry-fluent-bit-metrics&#34;}[5m]))]: map[pipeline_name:selfmonitor-fluent-bit-buffer-filling-up]=815497.2444648559 &#xA;    helpers.go:337: selfmon metric [sum by (pipeline_name) (rate(fluentbit_input_bytes_total{service=&#34;telemetry-fluent-bit-metrics&#34;}[5m]))]: map[pipeline_name:selfmonitor-fluent-bit-buffer-filling-up]=6377359.219561337 map[]=0 &#xA;    helpers.go:337: selfmon metric [max by (pipeline_name) (fluentbit_input_storage_chunks_down{service=&#34;telemetry-fluent-bit-metrics&#34;})]: map[pipeline_name:selfmonitor-fluent-bit-buffer-filling-up]=472 map[]=0 &#xA;    helpers.go:338: --- component workloads [fluent-bit] ---&#xA;    helpers.go:242:   daemonset telemetry-fluent-bit: ready=1/1&#xA;    helpers.go:337: --- self-monitor metrics [21:22:51] (waiting for: need: max(fluentbit_input_storage_chunks_down) &gt; 300) ---&#xA;    helpers.go:337: selfmon metric [sum by (pipeline_name) (rate(fluentbit_output_dropped_records_total{service=&#34;telemetry-fluent-bit-metrics&#34;}[5m]))]: map[pipeline_name:selfmonitor-fluent-bit-buffer-filling-up]=1995.8414711742876 &#xA;    helpers.go:337: selfmon metric [sum by (pipeline_name) (rate(fluentbit_output_proc_bytes_total{service=&#34;telemetry-fluent-bit-metrics&#34;}[5m]))]: map[pipeline_name:selfmonitor-fluent-bit-buffer-filling-up]=815497.2444648559 &#xA;    helpers.go:337: selfmon metric [sum by (pipeline_name) (rate(fluentbit_input_bytes_total{service=&#34;telemetry-fluent-bit-metrics&#34;}[5m]))]: map[pipeline_name:selfmonitor-fluent-bit-buffer-filling-up]=6377359.219561337 map[]=0 &#xA;    helpers.go:337: selfmon metric [max by (pipeline_name) (fluentbit_input_storage_chunks_down{service=&#34;telemetry-fluent-bit-metrics&#34;})]: map[pipeline_name:selfmonitor-fluent-bit-buffer-filling-up]=472 map[]=0 &#xA;    helpers.go:338: --- component workloads [fluent-bit] ---&#xA;    helpers.go:
[...]
34;source&#34;:&#34;head.go:884&#34;,&#34;msg&#34;:&#34;WAL replay completed&#34;,&#34;component&#34;:&#34;tsdb&#34;,&#34;checkpoint_replay_duration&#34;:&#34;1.944094ms&#34;,&#34;wal_replay_duration&#34;:&#34;251.35µs&#34;,&#34;wbl_replay_duration&#34;:&#34;180ns&#34;,&#34;chunk_snapshot_load_duration&#34;:&#34;0s&#34;,&#34;mmap_chunk_replay_duration&#34;:&#34;1.503µs&#34;,&#34;total_replay_duration&#34;:&#34;2.278939ms&#34;}&#xA;        {&#34;time&#34;:&#34;2026-04-06T21:17:25.749022722Z&#34;,&#34;level&#34;:&#34;INFO&#34;,&#34;source&#34;:&#34;main.go:1371&#34;,&#34;msg&#34;:&#34;filesystem information&#34;,&#34;fs_type&#34;:&#34;EXT4_SUPER_MAGIC&#34;}&#xA;        {&#34;time&#34;:&#34;2026-04-06T21:17:25.749709185Z&#34;,&#34;level&#34;:&#34;INFO&#34;,&#34;source&#34;:&#34;main.go:1374&#34;,&#34;msg&#34;:&#34;TSDB started&#34;}&#xA;        {&#34;time&#34;:&#34;2026-04-06T21:17:25.749730986Z&#34;,&#34;level&#34;:&#34;DEBUG&#34;,&#34;source&#34;:&#34;main.go:1375&#34;,&#34;msg&#34;:&#34;TSDB options&#34;,&#34;MinBlockDuration&#34;:&#34;2h&#34;,&#34;MaxBlockDuration&#34;:&#34;12m&#34;,&#34;MaxBytes&#34;:&#34;50MiB&#34;,&#34;NoLockfile&#34;:false,&#34;RetentionDuration&#34;:&#34;2h&#34;,&#34;WALSegmentSize&#34;:&#34;0B&#34;,&#34;WALCompressionType&#34;:&#34;snappy&#34;,&#34;BlockReloadInterval&#34;:&#34;1m&#34;,&#34;EnableSTAsZeroSample&#34;:false,&#34;EnableSTStorage&#34;:false}&#xA;        {&#34;time&#34;:&#34;2026-04-06T21:17:25.749837855Z&#34;,&#34;level&#34;:&#34;INFO&#34;,&#34;source&#34;:&#34;main.go:1564&#34;,&#34;msg&#34;:&#34;Loading configuration file&#34;,&#34;filename&#34;:&#34;/etc/prometheus/prometheus.yml&#34;}&#xA;        {&#34;time&#34;:&#34;2026-04-06T21:17:25.752012209Z&#34;,&#34;level&#34;:&#34;INFO&#34;,&#34;source&#34;:&#34;kubernetes.go:313&#34;,&#34;msg&#34;:&#34;Using pod service account via in-cluster config&#34;,&#34;component&#34;:&#34;discovery manager scrape&#34;,&#34;discovery&#34;:&#34;kubernetes&#34;,&#34;config&#34;:&#34;kubernetes-service-endpoints&#34;}&#xA;        {&#34;time&#34;:&#34;2026-04-06T21:17:25.752422506Z&#34;,&#34;level&#34;:&#34;DEBUG&#34;,&#34;source&#34;:&#34;manager.go:325&#34;,&#34;msg&#34;:&#34;Starting provider&#34;,&#34;component&#34;:&#34;discovery manager scrape&#34;,&#34;provider&#34;:&#34;kubernetes/0&#34;,&#34;subs&#34;:&#34;map[kubernetes-service-endpoints:{}]&#34;}&#xA;        {&#34;time&#34;:&#34;2026-04-06T21:17:25.752968777Z&#34;,&#34;level&#34;:&#34;DEBUG+1&#34;,&#34;source&#34;:&#34;reflector.go:367&#34;,&#34;msg&#34;:&#34;Starting reflector&#34;,&#34;component&#34;:&#34;k8s_client_runtime&#34;,&#34;type&#34;:&#34;*v1.Endpoints&#34;,&#34;resyncPeriod&#34;:&#34;0s&#34;,&#34;reflector&#34;:&#34;pkg/mod/k8s.io/client-go@v0.35.0/tools/cache/reflector.go:289&#34;}&#xA;        {&#34;time&#34;:&#34;2026-04-06T21:17:25.753236638Z&#34;,&#34;level&#34;:&#34;DEBUG+1&#34;,&#34;source&#34;:&#34;reflector.go:411&#34;,&#34;msg&#34;:&#34;Listing and watching&#34;,&#34;component&#34;:&#34;k8s_client_runtime&#34;,&#34;type&#34;:&#34;*v1.Endpoints&#34;,&#34;reflector&#34;:&#34;pkg/mod/k8s.io/client-go@v0.35.0/tools/cache/reflector.go:289&#34;}&#xA;        {&#34;time&#34;:&#34;2026-04-06T21:17:25.753081077Z&#34;,&#34;level&#34;:&#34;DEBUG+1&#34;,&#34;source&#34;:&#34;reflector.go:367&#34;,&#34;msg&#34;:&#34;Starting reflector&#34;,&#34;component&#34;:&#34;k8s_client_runtime&#34;,&#34;type&#34;:&#34;*v1.Service&#34;,&#34;resyncPeriod&#34;:&#34;0s&#34;,&#34;reflector&#34;:&#34;pkg/mod/k8s.io/client-go@v0.35.0/tools/cache/reflector.go:289&#34;}&#xA;        {&#34;time&#34;:&#34;2026-04-06T21:17:25.753404452Z&#34;,&#34;level&#34;:&#34;DEBUG+1&#34;,&#34;source&#34;:&#34;reflector.go:411&#34;,&#34;msg&#34;:&#34;Listing and watching&#34;,&#34;component&#34;:&#34;k8s_client_runtime&#34;,&#34;type&#34;:&#34;*v1.Service&#34;,&#34;reflector&#34;:&#34;pkg/mod/k8s.io/client-go@v0.35.0/tools/cache/reflector.go:289&#34;}&#xA;        {&#34;time&#34;:&#34;2026-04-06T21:17:25.753188368Z&#34;,&#34;level&#34;:&#34;DEBUG+1&#34;,&#34;source&#34;:&#34;reflector.go:367&#34;,&#34;msg&#34;:&#34;Starting reflector&#34;,&#34;component&#34;:&#34;k8s_client_runtime&#34;,&#34;type&#34;:&#34;*v1.Pod&#34;,&#34;resyncPeriod&#34;:&#34;0s&#34;,&#34;reflector&#34;:&#34;pkg/mod/k8s.io/client-go@v0.35.0/tools/cache/reflector.go:289&#34;}&#xA;        {&#34;time&#34;:&#34;2026-04-06T21:17:25.753950803Z&#34;,&#34;level&#34;:&#34;DEBUG+1&#34;,&#34;source&#34;:&#34;reflector.go:411&#34;,&#34;msg&#34;:&#34;Listing and watching&#34;,&#34;component&#34;:&#34;k8s_client_runtime&#34;,&#34;type&#34;:&#34;*v1.Pod&#34;,&#34;reflector&#34;:&#34;pkg/mod/k8s.io/client-go@v0.35.0/tools/cache/reflector.go:289&#34;}&#xA;        {&#34;time&#34;:&#34;2026-04-06T21:17:25.756194506Z&#34;,&#34;level&#34;:&#34;DEBUG&#34;,&#34;source&#34;:&#34;manager.go:325&#34;,&#34;msg&#34;:&#34;Starting provider&#34;,&#34;component&#34;:&#34;discovery manager notify&#34;,&#34;provider&#34;:&#34;static/0&#34;,&#34;subs&#34;:&#34;map[config-0:{}]&#34;}&#xA;        {&#34;time&#34;:&#34;2026-04-06T21:17:25.758873674Z&#34;,&#34;level&#34;:&#34;DEBUG&#34;,&#34;source&#34;:&#34;manager.go:365&#34;,&#34;msg&#34;:&#34;Discoverer channel closed&#34;,&#34;component&#34;:&#34;discovery manager notify&#34;,&#34;provider&#34;:&#34;static/0&#34;}&#xA;        {&#34;time&#34;:&#34;2026-04-06T21:17:25.759656076Z&#34;,&#34;level&#34;:&#34;INFO&#34;,&#34;source&#34;:&#34;main.go:1604&#34;,&#34;msg&#34;:&#34;Completed loading of configuration file&#34;,&#34;db_storage&#34;:&#34;1.533µs&#34;,&#34;remote_storage&#34;:&#34;1.623µs&#34;,&#34;web_handler&#34;:&#34;471ns&#34;,&#34;query_engine&#34;:&#34;751ns&#34;,&#34;scrape&#34;:&#34;209.732µs&#34;,&#34;scrape_sd&#34;:&#34;648.653µs&#34;,&#34;notify&#34;:&#34;3.671582ms&#34;,&#34;notify_sd&#34;:&#34;209.331µs&#34;,&#34;rules&#34;:&#34;3.246368ms&#34;,&#34;tracing&#34;:&#34;4.618µs&#34;,&#34;filename&#34;:&#34;/etc/prometheus/prometheus.yml&#34;,&#34;totalDuration&#34;:&#34;9.823301ms&#34;}&#xA;        {&#34;time&#34;:&#34;2026-04-06T21:17:25.760005009Z&#34;,&#34;level&#34;:&#34;INFO&#34;,&#34;source&#34;:&#34;main.go:1335&#34;,&#34;msg&#34;:&#34;Server is ready to receive web requests.&#34;}&#xA;        {&#34;time&#34;:&#34;2026-04-06T21:17:25.760113541Z&#34;,&#34;level&#34;:&#34;INFO&#34;,&#34;source&#34;:&#34;manager.go:202&#34;,&#34;msg&#34;:&#34;Starting rule manager...&#34;,&#34;component&#34;:&#34;rule manager&#34;}&#xA;        {&#34;time&#34;:&#34;2026-04-06T21:17:25.76392434Z&#34;,&#34;level&#34;:&#34;DEBUG&#34;,&#34;source&#34;:&#34;reflector.go:978&#34;,&#34;msg&#34;:&#34;Exiting watch because received the bookmark that marks the end of initial events stream&#34;,&#34;component&#34;:&#34;k8s_client_runtime&#34;,&#34;reflector&#34;:&#34;pkg/mod/k8s.io/client-go@v0.35.0/tools/cache/reflector.go:289&#34;,&#34;totalItems&#34;:6,&#34;duration&#34;:&#34;10.473843ms&#34;}&#xA;        {&#34;time&#34;:&#34;2026-04-06T21:17:25.764290134Z&#34;,&#34;level&#34;:&#34;DEBUG+2&#34;,&#34;source&#34;:&#34;reflector.go:446&#34;,&#34;msg&#34;:&#34;Caches populated&#34;,&#34;component&#34;:&#34;k8s_client_runtime&#34;,&#34;type&#34;:&#34;*v1.Service&#34;,&#34;reflector&#34;:&#34;pkg/mod/k8s.io/client-go@v0.35.0/tools/cache/reflector.go:289&#34;}&#xA;        {&#34;time&#34;:&#34;2026-04-06T21:17:25.765981636Z&#34;,&#34;level&#34;:&#34;INFO&#34;,&#34;source&#34;:&#34;warnings.go:107&#34;,&#34;msg&#34;:&#34;Warning: v1 Endpoints is deprecated in v1.33+; use discovery.k8s.io/v1 EndpointSlice&#34;,&#34;component&#34;:&#34;k8s_client_runtime&#34;}&#xA;        {&#34;time&#34;:&#34;2026-04-06T21:17:25.769233313Z&#34;,&#34;level&#34;:&#34;DEBUG&#34;,&#34;source&#34;:&#34;reflector.go:978&#34;,&#34;msg&#34;:&#34;Exiting watch because received the bookmark that marks the end of initial events stream&#34;,&#34;component&#34;:&#34;k8s_client_runtime&#34;,&#34;reflector&#34;:&#34;pkg/mod/k8s.io/client-go@v0.35.0/tools/cache/reflector.go:289&#34;,&#34;totalItems&#34;:6,&#34;duration&#34;:&#34;15.935931ms&#34;}&#xA;        {&#34;time&#34;:&#34;2026-04-06T21:17:25.770235186Z&#34;,&#34;level&#34;:&#34;DEBUG+2&#34;,&#34;source&#34;:&#34;reflector.go:446&#34;,&#34;msg&#34;:&#34;Caches populated&#34;,&#34;component&#34;:&#34;k8s_client_runtime&#34;,&#34;type&#34;:&#34;*v1.Endpoints&#34;,&#34;reflector&#34;:&#34;pkg/mod/k8s.io/client-go@v0.35.0/tools/cache/reflector.go:289&#34;}&#xA;        {&#34;time&#34;:&#34;2026-04-06T21:17:25.772935343Z&#34;,&#34;level&#34;:&#34;DEBUG&#34;,&#34;source&#34;:&#34;reflector.go:978&#34;,&#34;msg&#34;:&#34;Exiting watch because received the bookmark that marks the end of initial events stream&#34;,&#34;component&#34;:&#34;k8s_client_runtime&#34;,&#34;reflector&#34;:&#34;pkg/mod/k8s.io/client-go@v0.35.0/tools/cache/reflector.go:289&#34;,&#34;totalItems&#34;:5,&#34;duration&#34;:&#34;18.938384ms&#34;}&#xA;        {&#34;time&#34;:&#34;2026-04-06T21:17:25.773850423Z&#34;,&#34;level&#34;:&#34;DEBUG+2&#34;,&#34;source&#34;:&#34;reflector.go:446&#34;,&#34;msg&#34;:&#34;Caches populated&#34;,&#34;component&#34;:&#34;k8s_client_runtime&#34;,&#34;type&#34;:&#34;*v1.Pod&#34;,&#34;reflector&#34;:&#34;pkg/mod/k8s.io/client-go@v0.35.0/tools/cache/reflector.go:289&#34;}&#xA;        {&#34;time&#34;:&#34;2026-04-06T21:17:30.735445703Z&#34;,&#34;level&#34;:&#34;DEBUG&#34;,&#34;source&#34;:&#34;sendloop.go:187&#34;,&#34;msg&#34;:&#34;Starting send loop&#34;,&#34;component&#34;:&#34;notifier&#34;,&#34;alertmanager&#34;:&#34;https://telemetry-manager-webhook.kyma-system.svc/api/v2/alerts&#34;}&#xA;        {&#34;time&#34;:&#34;2026-04-06T21:18:16.870692899Z&#34;,&#34;level&#34;:&#34;DEBUG&#34;,&#34;source&#34;:&#34;group.go:743&#34;,&#34;msg&#34;:&#34;&#39;for&#39; state restoration completed&#34;,&#34;component&#34;:&#34;rule manager&#34;,&#34;file&#34;:&#34;/etc/prometheus/alerting_rules.yml&#34;,&#34;group&#34;:&#34;default&#34;,&#34;duration_seconds&#34;:0.000002915}&#xA;        {&#34;time&#34;:&#34;2026-04-06T21:24:17.761719903Z&#34;,&#34;level&#34;:&#34;DEBUG&#34;,&#34;source&#34;:&#34;reflector.go:991&#34;,&#34;msg&#34;:&#34;Watch close&#34;,&#34;component&#34;:&#34;k8s_client_runtime&#34;,&#34;reflector&#34;:&#34;pkg/mod/k8s.io/client-go@v0.35.0/tools/cache/reflector.go:289&#34;,&#34;type&#34;:&#34;*v1.Pod&#34;,&#34;totalItems&#34;:12}&#xA;        {&#34;time&#34;:&#34;2026-04-06T21:25:24.761646088Z&#34;,&#34;level&#34;:&#34;DEBUG&#34;,&#34;source&#34;:&#34;reflector.go:991&#34;,&#34;msg&#34;:&#34;Watch close&#34;,&#34;component&#34;:&#34;k8s_client_runtime&#34;,&#34;reflector&#34;:&#34;pkg/mod/k8s.io/client-go@v0.35.0/tools/cache/reflector.go:289&#34;,&#34;type&#34;:&#34;*v1.Service&#34;,&#34;totalItems&#34;:8}&#xA;        {&#34;time&#34;:&#34;2026-04-06T21:26:57.764219169Z&#34;,&#34;level&#34;:&#34;DEBUG&#34;,&#34;source&#34;:&#34;reflector.go:991&#34;,&#34;msg&#34;:&#34;Watch close&#34;,&#34;component&#34;:&#34;k8s_client_runtime&#34;,&#34;reflector&#34;:&#34;pkg/mod/k8s.io/client-go@v0.35.0/tools/cache/reflector.go:289&#34;,&#34;type&#34;:&#34;*v1.Endpoints&#34;,&#34;totalItems&#34;:13}&#xA;        {&#34;time&#34;:&#34;2026-04-06T21:26:57.765713181Z&#34;,&#34;level&#34;:&#34;INFO&#34;,&#34;source&#34;:&#34;warnings.go:107&#34;,&#34;msg&#34;:&#34;Warning: v1 Endpoints is deprecated in v1.33+; use discovery.k8s.io/v1 EndpointSlice&#34;,&#34;component&#34;:&#34;k8s_client_runtime&#34;}&#xA;--- FAIL: TestBackpressure/fluent-bit-buffer-filling-up (704.61s)&#xA;</failure>
		</testcase>
		<testcase classname="github.com/kyma-project/telemetry-manager/test/selfmonitor" name="TestBackpressure" time="867.710000">
			<failure message="Failed" type="">=== RUN   TestBackpressure&#xA;--- FAIL: TestBackpressure (867.71s)&#xA;</failure>
		</testcase>
		<testcase classname="github.com/kyma-project/telemetry-manager/test/selfmonitor" name="TestBackpressure/log-agent" time="0.000000">
			<skipped message="=== RUN   TestBackpressure/log-agent&#xA;    suite.go:313: Label filter expression: &#34;backpressure and fluent-bit&#34;, test labels: [selfmonitor log-agent backpressure set-b]&#xA;2026/04/06 21:15:52 evaluating test labels: [selfmonitor log-agent backpressure set-b]&#xA;    suite.go:313: Test skipped: label filter &#39;backpressure and fluent-bit&#39; not satisfied&#xA;--- SKIP: TestBackpressure/log-agent (0.00s)&#xA;"></skipped>
		</testcase>
		<testcase classname="github.com/kyma-project/telemetry-manager/test/selfmonitor" name="TestBackpressure/log-gateway" time="0.000000">
			<skipped message="=== RUN   TestBackpressure/log-gateway&#xA;    suite.go:313: Label filter expression: &#34;backpressure and fluent-bit&#34;, test labels: [selfmonitor log-gateway backpressure set-a]&#xA;2026/04/06 21:15:52 evaluating test labels: [selfmonitor log-gateway backpressure set-a]&#xA;    suite.go:313: Test skipped: label filter &#39;backpressure and fluent-bit&#39; not satisfied&#xA;--- SKIP: TestBackpressure/log-gateway (0.00s)&#xA;"></skipped>
		</testcase>
		<testcase classname="github.com/kyma-project/telemetry-manager/test/selfmonitor" name="TestBackpressure/metric-gateway" time="0.000000">
			<skipped message="=== RUN   TestBackpressure/metric-gateway&#xA;    suite.go:313: Label filter expression: &#34;backpressure and fluent-bit&#34;, test labels: [selfmonitor metric-gateway backpressure set-c]&#xA;2026/04/06 21:30:20 evaluating test labels: [selfmonitor metric-gateway backpressure set-c]&#xA;    suite.go:313: Test skipped: label filter &#39;backpressure and fluent-bit&#39; not satisfied&#xA;--- SKIP: TestBackpressure/metric-gateway (0.00s)&#xA;"></skipped>
		</testcase>
		<testcase classname="github.com/kyma-project/telemetry-manager/test/selfmonitor" name="TestBackpressure/metric-agent" time="0.000000">
			<skipped message="=== RUN   TestBackpressure/metric-agent&#xA;    suite.go:313: Label filter expression: &#34;backpressure and fluent-bit&#34;, test labels: [selfmonitor metric-agent backpressure istio set-c]&#xA;2026/04/06 21:30:20 evaluating test labels: [selfmonitor metric-agent backpressure istio set-c]&#xA;    suite.go:313: Test skipped: label filter &#39;backpressure and fluent-bit&#39; not satisfied&#xA;--- SKIP: TestBackpressure/metric-agent (0.00s)&#xA;"></skipped>
		</testcase>
		<testcase classname="github.com/kyma-project/telemetry-manager/test/selfmonitor" name="TestBackpressure/traces" time="0.000000">
			<skipped message="=== RUN   TestBackpressure/traces&#xA;    suite.go:313: Label filter expression: &#34;backpressure and fluent-bit&#34;, test labels: [selfmonitor traces backpressure set-a]&#xA;2026/04/06 21:30:20 evaluating test labels: [selfmonitor traces backpressure set-a]&#xA;    suite.go:313: Test skipped: label filter &#39;backpressure and fluent-bit&#39; not satisfied&#xA;--- SKIP: TestBackpressure/traces (0.00s)&#xA;"></skipped>
		</testcase>
		<testcase classname="github.com/kyma-project/telemetry-manager/test/selfmonitor" name="TestHealthy" time="0.000000">
			<skipped message="=== RUN   TestHealthy&#xA;    suite.go:313: Label filter expression: &#34;backpressure and fluent-bit&#34;, test labels: [selfmonitor healthy log-agent log-gateway fluent-bit metric-gateway metric-agent traces set-c]&#xA;2026/04/06 21:30:20 evaluating test labels: [selfmonitor healthy log-agent log-gateway fluent-bit metric-gateway metric-agent traces set-c]&#xA;    suite.go:313: Test skipped: label filter &#39;backpressure and fluent-bit&#39; not satisfied&#xA;--- SKIP: TestHealthy (0.00s)&#xA;"></skipped>
		</testcase>
		<testcase classname="github.com/kyma-project/telemetry-manager/test/selfmonitor" name="TestOutage/log-agent" time="0.000000">
			<skipped message="=== RUN   TestOutage/log-agent&#xA;    suite.go:313: Label filter expression: &#34;backpressure and fluent-bit&#34;, test labels: [selfmonitor log-agent outage set-a]&#xA;2026/04/06 21:30:20 evaluating test labels: [selfmonitor log-agent outage set-a]&#xA;    suite.go:313: Test skipped: label filter &#39;backpressure and fluent-bit&#39; not satisfied&#xA;--- SKIP: TestOutage/log-agent (0.00s)&#xA;"></skipped>
		</testcase>
		<testcase classname="github.com/kyma-project/telemetry-manager/test/selfmonitor" name="TestOutage/log-gateway" time="0.000000">
			<skipped message="=== RUN   TestOutage/log-gateway&#xA;    suite.go:313: Label filter expression: &#34;backpressure and fluent-bit&#34;, test labels: [selfmonitor log-gateway outage set-c]&#xA;2026/04/06 21:30:20 evaluating test labels: [selfmonitor log-gateway outage set-c]&#xA;    suite.go:313: Test skipped: label filter &#39;backpressure and fluent-bit&#39; not satisfied&#xA;--- SKIP: TestOutage/log-gateway (0.00s)&#xA;"></skipped>
		</testcase>
		<testcase classname="github.com/kyma-project/telemetry-manager/test/selfmonitor" name="TestOutage/fluent-bit-no-logs-delivered" time="0.000000">
			<skipped message="=== RUN   TestOutage/fluent-bit-no-logs-delivered&#xA;    suite.go:313: Label filter expression: &#34;backpressure and fluent-bit&#34;, test labels: [selfmonitor fluent-bit outage set-b]&#xA;2026/04/06 21:30:20 evaluating test labels: [selfmonitor fluent-bit outage set-b]&#xA;    suite.go:313: Test skipped: label filter &#39;backpressure and fluent-bit&#39; not satisfied&#xA;--- SKIP: TestOutage/fluent-bit-no-logs-delivered (0.00s)&#xA;"></skipped>
		</testcase>
		<testcase classname="github.com/kyma-project/telemetry-manager/test/selfmonitor" name="TestOutage/fluent-bit-all-data-dropped" time="0.000000">
			<skipped message="=== RUN   TestOutage/fluent-bit-all-data-dropped&#xA;    suite.go:313: Label filter expression: &#34;backpressure and fluent-bit&#34;, test labels: [selfmonitor fluent-bit outage set-a]&#xA;2026/04/06 21:30:20 evaluating test labels: [selfmonitor fluent-bit outage set-a]&#xA;    suite.go:313: Test skipped: label filter &#39;backpressure and fluent-bit&#39; not satisfied&#xA;--- SKIP: TestOutage/fluent-bit-all-data-dropped (0.00s)&#xA;"></skipped>
		</testcase>
		<testcase classname="github.com/kyma-project/telemetry-manager/test/selfmonitor" name="TestOutage/metric-gateway" time="0.000000">
			<skipped message="=== RUN   TestOutage/metric-gateway&#xA;    suite.go:313: Label filter expression: &#34;backpressure and fluent-bit&#34;, test labels: [selfmonitor metric-gateway outage set-a]&#xA;2026/04/06 21:30:20 evaluating test labels: [selfmonitor metric-gateway outage set-a]&#xA;    suite.go:313: Test skipped: label filter &#39;backpressure and fluent-bit&#39; not satisfied&#xA;--- SKIP: TestOutage/metric-gateway (0.00s)&#xA;"></skipped>
		</testcase>
		<testcase classname="github.com/kyma-project/telemetry-manager/test/selfmonitor" name="TestOutage/metric-agent" time="0.000000">
			<skipped message="=== RUN   TestOutage/metric-agent&#xA;    suite.go:313: Label filter expression: &#34;backpressure and fluent-bit&#34;, test labels: [selfmonitor metric-agent outage istio set-a]&#xA;2026/04/06 21:30:20 evaluating test labels: [selfmonitor metric-agent outage istio set-a]&#xA;    suite.go:313: Test skipped: label filter &#39;backpressure and fluent-bit&#39; not satisfied&#xA;--- SKIP: TestOutage/metric-agent (0.00s)&#xA;"></skipped>
		</testcase>
		<testcase classname="github.com/kyma-project/telemetry-manager/test/selfmonitor" name="TestOutage/traces" time="0.000000">
			<skipped message="=== RUN   TestOutage/traces&#xA;    suite.go:313: Label filter expression: &#34;backpressure and fluent-bit&#34;, test labels: [selfmonitor traces outage set-a]&#xA;2026/04/06 21:30:20 evaluating test labels: [selfmonitor traces outage set-a]&#xA;    suite.go:313: Test skipped: label filter &#39;backpressure and fluent-bit&#39; not satisfied&#xA;--- SKIP: TestOutage/traces (0.00s)&#xA;"></skipped>
		</testcase>
		<testcase classname="github.com/kyma-project/telemetry-manager/test/selfmonitor" name="TestBackpressure/fluent-bit-data-dropped" time="163.100000"></testcase>
		<testcase classname="github.com/kyma-project/telemetry-manager/test/selfmonitor" name="TestOutage" time="0.000000"></testcase>
	</testsuite>
</testsuites>