<?xml version="1.0" encoding="UTF-8"?>
<testsuites tests="50" failures="0" errors="0" time="563.594537">
	<testsuite tests="50" failures="0" skipped="1" time="563.595000" name="github.com/kyma-project/telemetry-manager/test/e2e/traces" timestamp="2026-04-06T15:20:46Z">
		<properties>
			<property name="go.version" value="go1.26.1 linux/amd64"></property>
		</properties>
		<testcase classname="github.com/kyma-project/telemetry-manager/test/e2e/traces" name="TestMultiPipelineMaxPipeline/unlimited-pipelines-experimental" time="0.000000">
			<skipped message="=== RUN   TestMultiPipelineMaxPipeline/unlimited-pipelines-experimental&#xA;    suite.go:313: Label filter expression: &#34;not experimental&#34;, test labels: [traces max-pipeline experimental set-c]&#xA;2026/04/06 15:24:53 evaluating test labels: [traces max-pipeline experimental set-c]&#xA;    suite.go:313: Test skipped: label filter &#39;not experimental&#39; not satisfied&#xA;--- SKIP: TestMultiPipelineMaxPipeline/unlimited-pipelines-experimental (0.00s)&#xA;"></skipped>
		</testcase>
		<testcase classname="github.com/kyma-project/telemetry-manager/test/e2e/traces" name="TestEndpointInvalid" time="20.430000"></testcase>
		<testcase classname="github.com/kyma-project/telemetry-manager/test/e2e/traces" name="TestEndpointWithPathValidation" time="1.490000"></testcase>
		<testcase classname="github.com/kyma-project/telemetry-manager/test/e2e/traces" name="TestEnrichmentValuesEmpty" time="34.460000"></testcase>
		<testcase classname="github.com/kyma-project/telemetry-manager/test/e2e/traces" name="TestEnrichmentValuesPredefined" time="26.330000"></testcase>
		<testcase classname="github.com/kyma-project/telemetry-manager/test/e2e/traces" name="TestExtractLabels" time="15.640000"></testcase>
		<testcase classname="github.com/kyma-project/telemetry-manager/test/e2e/traces" name="TestFilterInvalid" time="1.770000"></testcase>
		<testcase classname="github.com/kyma-project/telemetry-manager/test/e2e/traces" name="TestFilter" time="17.720000"></testcase>
		<testcase classname="github.com/kyma-project/telemetry-manager/test/e2e/traces" name="TestMTLSAboutToExpireCert" time="15.760000"></testcase>
		<testcase classname="github.com/kyma-project/telemetry-manager/test/e2e/traces" name="TestMTLSCertKeyPairDontMatch" time="3.130000"></testcase>
		<testcase classname="github.com/kyma-project/telemetry-manager/test/e2e/traces" name="TestMTLSExpiredCert" time="33.270000"></testcase>
		<testcase classname="github.com/kyma-project/telemetry-manager/test/e2e/traces" name="TestMTLSInvalidCA" time="3.130000"></testcase>
		<testcase classname="github.com/kyma-project/telemetry-manager/test/e2e/traces" name="TestMTLSInvalidCert" time="3.070000"></testcase>
		<testcase classname="github.com/kyma-project/telemetry-manager/test/e2e/traces" name="TestMTLS" time="16.760000"></testcase>
		<testcase classname="github.com/kyma-project/telemetry-manager/test/e2e/traces" name="TestMultiPipelineBroken" time="16.280000"></testcase>
		<testcase classname="github.com/kyma-project/telemetry-manager/test/e2e/traces" name="TestMultiPipelineFanout" time="17.090000"></testcase>
		<testcase classname="github.com/kyma-project/telemetry-manager/test/e2e/traces" name="TestMultiPipelineMaxPipeline/max-pipeline-limit" time="20.700000"></testcase>
		<testcase classname="github.com/kyma-project/telemetry-manager/test/e2e/traces" name="TestMultiPipelineMaxPipeline" time="20.700000"></testcase>
		<testcase classname="github.com/kyma-project/telemetry-manager/test/e2e/traces" name="TestNoisyFilters" time="34.020000"></testcase>
		<testcase classname="github.com/kyma-project/telemetry-manager/test/e2e/traces" name="TestOAuth2" time="31.410000"></testcase>
		<testcase classname="github.com/kyma-project/telemetry-manager/test/e2e/traces" name="TestRejectTracePipelineCreation/no-output" time="1.820000"></testcase>
		<testcase classname="github.com/kyma-project/telemetry-manager/test/e2e/traces" name="TestRejectTracePipelineCreation/valuefrom-accepts-only-one-option" time="1.800000"></testcase>
		<testcase classname="github.com/kyma-project/telemetry-manager/test/e2e/traces" name="TestRejectTracePipelineCreation/secretkeyref-requires-key" time="1.940000"></testcase>
		<testcase classname="github.com/kyma-project/telemetry-manager/test/e2e/traces" name="TestRejectTracePipelineCreation/secretkeyref-requires-namespace" time="1.790000"></testcase>
		<testcase classname="github.com/kyma-project/telemetry-manager/test/e2e/traces" name="TestRejectTracePipelineCreation/secretkeyref-requires-name" time="1.760000"></testcase>
		<testcase classname="github.com/kyma-project/telemetry-manager/test/e2e/traces" name="TestRejectTracePipelineCreation/otlp-output-with-default-proto-and-path" time="1.790000"></testcase>
		<testcase classname="github.com/kyma-project/telemetry-manager/test/e2e/traces" name="TestRejectTracePipelineCreation/otlp-output-with-grpc-proto-and-path" time="1.830000"></testcase>
		<testcase classname="github.com/kyma-project/telemetry-manager/test/e2e/traces" name="TestRejectTracePipelineCreation/otlp-output-with-non-valid-proto" time="1.790000"></testcase>
		<testcase classname="github.com/kyma-project/telemetry-manager/test/e2e/traces" name="TestRejectTracePipelineCreation/otlp-output-basic-auth-secretref-missing-password-key" time="1.780000"></testcase>
		<testcase classname="github.com/kyma-project/telemetry-manager/test/e2e/traces" name="TestRejectTracePipelineCreation/otlp-output-basic-auth-secretref-missing-user-key" time="1.810000"></testcase>
		<testcase classname="github.com/kyma-project/telemetry-manager/test/e2e/traces" name="TestRejectTracePipelineCreation/otlp-output-tls-missing-key" time="1.810000"></testcase>
		<testcase classname="github.com/kyma-project/telemetry-manager/test/e2e/traces" name="TestRejectTracePipelineCreation/otlp-output-tls-missing-cert" time="1.910000"></testcase>
		<testcase classname="github.com/kyma-project/telemetry-manager/test/e2e/traces" name="TestRejectTracePipelineCreation/otlp-output-oauth2-invalid-token-url" time="1.790000"></testcase>
		<testcase classname="github.com/kyma-project/telemetry-manager/test/e2e/traces" name="TestRejectTracePipelineCreation/otlp-output-oauth2-missing-client-id" time="1.770000"></testcase>
		<testcase classname="github.com/kyma-project/telemetry-manager/test/e2e/traces" name="TestRejectTracePipelineCreation/otlp-output-oauth2-insecure" time="1.850000"></testcase>
		<testcase classname="github.com/kyma-project/telemetry-manager/test/e2e/traces" name="TestRejectTracePipelineCreation" time="27.250000"></testcase>
		<testcase classname="github.com/kyma-project/telemetry-manager/test/e2e/traces" name="TestResources" time="44.140000"></testcase>
		<testcase classname="github.com/kyma-project/telemetry-manager/test/e2e/traces" name="TestSecretMissing" time="3.860000"></testcase>
		<testcase classname="github.com/kyma-project/telemetry-manager/test/e2e/traces" name="TestSecretRotation" time="28.930000"></testcase>
		<testcase classname="github.com/kyma-project/telemetry-manager/test/e2e/traces" name="TestServiceEnrichment" time="16.680000"></testcase>
		<testcase classname="github.com/kyma-project/telemetry-manager/test/e2e/traces" name="TestServiceName" time="16.600000"></testcase>
		<testcase classname="github.com/kyma-project/telemetry-manager/test/e2e/traces" name="TestSinglePipeline/grpc" time="36.230000"></testcase>
		<testcase classname="github.com/kyma-project/telemetry-manager/test/e2e/traces" name="TestSinglePipeline/http" time="16.079000"></testcase>
		<testcase classname="github.com/kyma-project/telemetry-manager/test/e2e/traces" name="TestSinglePipeline" time="52.310000"></testcase>
		<testcase classname="github.com/kyma-project/telemetry-manager/test/e2e/traces" name="TestSinglePipelineV1Alpha1" time="16.110000"></testcase>
		<testcase classname="github.com/kyma-project/telemetry-manager/test/e2e/traces" name="TestTransformInvalid" time="1.910000"></testcase>
		<testcase classname="github.com/kyma-project/telemetry-manager/test/e2e/traces" name="TestTransform/with-where" time="14.090000"></testcase>
		<testcase classname="github.com/kyma-project/telemetry-manager/test/e2e/traces" name="TestTransform/cond-and-stmts" time="14.310000"></testcase>
		<testcase classname="github.com/kyma-project/telemetry-manager/test/e2e/traces" name="TestTransform/infer-context" time="12.510000"></testcase>
		<testcase classname="github.com/kyma-project/telemetry-manager/test/e2e/traces" name="TestTransform" time="43.290000"></testcase>
	</testsuite>
</testsuites>