<?xml version="1.0" encoding="UTF-8"?>
<testsuites tests="50" failures="0" errors="0" time="599.189560">
	<testsuite tests="50" failures="0" skipped="1" time="599.190000" name="github.com/kyma-project/telemetry-manager/test/e2e/traces" timestamp="2026-04-07T15:34:37Z">
		<properties>
			<property name="go.version" value="go1.26.1 linux/amd64"></property>
		</properties>
		<testcase classname="github.com/kyma-project/telemetry-manager/test/e2e/traces" name="TestMultiPipelineMaxPipeline/unlimited-pipelines-experimental" time="0.000000">
			<skipped message="=== RUN   TestMultiPipelineMaxPipeline/unlimited-pipelines-experimental&#xA;    suite.go:313: Label filter expression: &#34;not experimental&#34;, test labels: [traces max-pipeline experimental set-c]&#xA;2026/04/07 15:39:38 evaluating test labels: [traces max-pipeline experimental set-c]&#xA;    suite.go:313: Test skipped: label filter &#39;not experimental&#39; not satisfied&#xA;--- SKIP: TestMultiPipelineMaxPipeline/unlimited-pipelines-experimental (0.00s)&#xA;"></skipped>
		</testcase>
		<testcase classname="github.com/kyma-project/telemetry-manager/test/e2e/traces" name="TestEndpointInvalid" time="22.560000"></testcase>
		<testcase classname="github.com/kyma-project/telemetry-manager/test/e2e/traces" name="TestEndpointWithPathValidation" time="1.620000"></testcase>
		<testcase classname="github.com/kyma-project/telemetry-manager/test/e2e/traces" name="TestEnrichmentValuesEmpty" time="65.209000"></testcase>
		<testcase classname="github.com/kyma-project/telemetry-manager/test/e2e/traces" name="TestEnrichmentValuesPredefined" time="45.130000"></testcase>
		<testcase classname="github.com/kyma-project/telemetry-manager/test/e2e/traces" name="TestExtractLabels" time="16.250000"></testcase>
		<testcase classname="github.com/kyma-project/telemetry-manager/test/e2e/traces" name="TestFilterInvalid" time="1.560000"></testcase>
		<testcase classname="github.com/kyma-project/telemetry-manager/test/e2e/traces" name="TestFilter" time="17.410000"></testcase>
		<testcase classname="github.com/kyma-project/telemetry-manager/test/e2e/traces" name="TestMTLSAboutToExpireCert" time="15.430000"></testcase>
		<testcase classname="github.com/kyma-project/telemetry-manager/test/e2e/traces" name="TestMTLSCertKeyPairDontMatch" time="3.590000"></testcase>
		<testcase classname="github.com/kyma-project/telemetry-manager/test/e2e/traces" name="TestMTLSExpiredCert" time="32.470000"></testcase>
		<testcase classname="github.com/kyma-project/telemetry-manager/test/e2e/traces" name="TestMTLSInvalidCA" time="3.270000"></testcase>
		<testcase classname="github.com/kyma-project/telemetry-manager/test/e2e/traces" name="TestMTLSInvalidCert" time="3.080000"></testcase>
		<testcase classname="github.com/kyma-project/telemetry-manager/test/e2e/traces" name="TestMTLS" time="16.590000"></testcase>
		<testcase classname="github.com/kyma-project/telemetry-manager/test/e2e/traces" name="TestMultiPipelineBroken" time="15.310000"></testcase>
		<testcase classname="github.com/kyma-project/telemetry-manager/test/e2e/traces" name="TestMultiPipelineFanout" time="17.750000"></testcase>
		<testcase classname="github.com/kyma-project/telemetry-manager/test/e2e/traces" name="TestMultiPipelineMaxPipeline/max-pipeline-limit" time="23.140000"></testcase>
		<testcase classname="github.com/kyma-project/telemetry-manager/test/e2e/traces" name="TestMultiPipelineMaxPipeline" time="23.140000"></testcase>
		<testcase classname="github.com/kyma-project/telemetry-manager/test/e2e/traces" name="TestNoisyFilters" time="32.220000"></testcase>
		<testcase classname="github.com/kyma-project/telemetry-manager/test/e2e/traces" name="TestOAuth2" time="32.119000"></testcase>
		<testcase classname="github.com/kyma-project/telemetry-manager/test/e2e/traces" name="TestRejectTracePipelineCreation/no-output" time="1.850000"></testcase>
		<testcase classname="github.com/kyma-project/telemetry-manager/test/e2e/traces" name="TestRejectTracePipelineCreation/valuefrom-accepts-only-one-option" time="1.750000"></testcase>
		<testcase classname="github.com/kyma-project/telemetry-manager/test/e2e/traces" name="TestRejectTracePipelineCreation/secretkeyref-requires-key" time="1.920000"></testcase>
		<testcase classname="github.com/kyma-project/telemetry-manager/test/e2e/traces" name="TestRejectTracePipelineCreation/secretkeyref-requires-namespace" time="1.780000"></testcase>
		<testcase classname="github.com/kyma-project/telemetry-manager/test/e2e/traces" name="TestRejectTracePipelineCreation/secretkeyref-requires-name" time="1.880000"></testcase>
		<testcase classname="github.com/kyma-project/telemetry-manager/test/e2e/traces" name="TestRejectTracePipelineCreation/otlp-output-with-default-proto-and-path" time="1.870000"></testcase>
		<testcase classname="github.com/kyma-project/telemetry-manager/test/e2e/traces" name="TestRejectTracePipelineCreation/otlp-output-with-grpc-proto-and-path" time="1.860000"></testcase>
		<testcase classname="github.com/kyma-project/telemetry-manager/test/e2e/traces" name="TestRejectTracePipelineCreation/otlp-output-with-non-valid-proto" time="1.840000"></testcase>
		<testcase classname="github.com/kyma-project/telemetry-manager/test/e2e/traces" name="TestRejectTracePipelineCreation/otlp-output-basic-auth-secretref-missing-password-key" time="1.900000"></testcase>
		<testcase classname="github.com/kyma-project/telemetry-manager/test/e2e/traces" name="TestRejectTracePipelineCreation/otlp-output-basic-auth-secretref-missing-user-key" time="1.840000"></testcase>
		<testcase classname="github.com/kyma-project/telemetry-manager/test/e2e/traces" name="TestRejectTracePipelineCreation/otlp-output-tls-missing-key" time="1.810000"></testcase>
		<testcase classname="github.com/kyma-project/telemetry-manager/test/e2e/traces" name="TestRejectTracePipelineCreation/otlp-output-tls-missing-cert" time="1.860000"></testcase>
		<testcase classname="github.com/kyma-project/telemetry-manager/test/e2e/traces" name="TestRejectTracePipelineCreation/otlp-output-oauth2-invalid-token-url" time="1.850000"></testcase>
		<testcase classname="github.com/kyma-project/telemetry-manager/test/e2e/traces" name="TestRejectTracePipelineCreation/otlp-output-oauth2-missing-client-id" time="1.780000"></testcase>
		<testcase classname="github.com/kyma-project/telemetry-manager/test/e2e/traces" name="TestRejectTracePipelineCreation/otlp-output-oauth2-insecure" time="1.790000"></testcase>
		<testcase classname="github.com/kyma-project/telemetry-manager/test/e2e/traces" name="TestRejectTracePipelineCreation" time="27.600000"></testcase>
		<testcase classname="github.com/kyma-project/telemetry-manager/test/e2e/traces" name="TestResources" time="44.100000"></testcase>
		<testcase classname="github.com/kyma-project/telemetry-manager/test/e2e/traces" name="TestSecretMissing" time="4.030000"></testcase>
		<testcase classname="github.com/kyma-project/telemetry-manager/test/e2e/traces" name="TestSecretRotation" time="28.530000"></testcase>
		<testcase classname="github.com/kyma-project/telemetry-manager/test/e2e/traces" name="TestServiceEnrichment" time="17.500000"></testcase>
		<testcase classname="github.com/kyma-project/telemetry-manager/test/e2e/traces" name="TestServiceName" time="17.310000"></testcase>
		<testcase classname="github.com/kyma-project/telemetry-manager/test/e2e/traces" name="TestSinglePipeline/grpc" time="16.570000"></testcase>
		<testcase classname="github.com/kyma-project/telemetry-manager/test/e2e/traces" name="TestSinglePipeline/http" time="16.530000"></testcase>
		<testcase classname="github.com/kyma-project/telemetry-manager/test/e2e/traces" name="TestSinglePipeline" time="33.100000"></testcase>
		<testcase classname="github.com/kyma-project/telemetry-manager/test/e2e/traces" name="TestSinglePipelineV1Alpha1" time="16.090000"></testcase>
		<testcase classname="github.com/kyma-project/telemetry-manager/test/e2e/traces" name="TestTransformInvalid" time="1.960000"></testcase>
		<testcase classname="github.com/kyma-project/telemetry-manager/test/e2e/traces" name="TestTransform/with-where" time="13.680000"></testcase>
		<testcase classname="github.com/kyma-project/telemetry-manager/test/e2e/traces" name="TestTransform/cond-and-stmts" time="14.040000"></testcase>
		<testcase classname="github.com/kyma-project/telemetry-manager/test/e2e/traces" name="TestTransform/infer-context" time="14.230000"></testcase>
		<testcase classname="github.com/kyma-project/telemetry-manager/test/e2e/traces" name="TestTransform" time="44.210000"></testcase>
	</testsuite>
</testsuites>