<?xml version="1.0" encoding="UTF-8"?>
<testsuites tests="11" failures="0" errors="0" time="600.418992">
	<testsuite tests="11" failures="0" time="600.419000" name="github.com/kyma-project/telemetry-manager/test/integration/istio" timestamp="2026-04-05T00:37:02Z">
		<properties>
			<property name="go.version" value="go1.26.1 linux/amd64"></property>
		</properties>
		<testcase classname="github.com/kyma-project/telemetry-manager/test/integration/istio" name="TestAccessLogsOTLP/istio" time="94.350000"></testcase>
		<testcase classname="github.com/kyma-project/telemetry-manager/test/integration/istio" name="TestAccessLogsOTLP/istio-experimental" time="68.730000"></testcase>
		<testcase classname="github.com/kyma-project/telemetry-manager/test/integration/istio" name="TestAccessLogsOTLP" time="163.080000"></testcase>
		<testcase classname="github.com/kyma-project/telemetry-manager/test/integration/istio" name="TestAccessLogsFluentBit" time="50.870000"></testcase>
		<testcase classname="github.com/kyma-project/telemetry-manager/test/integration/istio" name="TestMetricsEnvoyMultiPipeline" time="79.410000"></testcase>
		<testcase classname="github.com/kyma-project/telemetry-manager/test/integration/istio" name="TestMetricsIstioInputEnvoy" time="46.210000"></testcase>
		<testcase classname="github.com/kyma-project/telemetry-manager/test/integration/istio" name="TestMetricsIstioInput" time="66.060000"></testcase>
		<testcase classname="github.com/kyma-project/telemetry-manager/test/integration/istio" name="TestMetricsIstioSamePort" time="39.010000"></testcase>
		<testcase classname="github.com/kyma-project/telemetry-manager/test/integration/istio" name="TestMetricsOTLPInput" time="33.620000"></testcase>
		<testcase classname="github.com/kyma-project/telemetry-manager/test/integration/istio" name="TestMetricsPrometheusInput" time="95.180000"></testcase>
		<testcase classname="github.com/kyma-project/telemetry-manager/test/integration/istio" name="TestTracesRouting" time="26.930000"></testcase>
	</testsuite>
</testsuites>