<?xml version="1.0" encoding="UTF-8"?>
<testsuites tests="50" failures="0" errors="0" time="567.760184">
	<testsuite tests="50" failures="0" skipped="1" time="567.760000" name="github.com/kyma-project/telemetry-manager/test/e2e/traces" timestamp="2026-04-05T21:12:03Z">
		<properties>
			<property name="go.version" value="go1.26.1 linux/amd64"></property>
		</properties>
		<testcase classname="github.com/kyma-project/telemetry-manager/test/e2e/traces" name="TestMultiPipelineMaxPipeline/unlimited-pipelines-experimental" time="0.000000">
			<skipped message="=== RUN   TestMultiPipelineMaxPipeline/unlimited-pipelines-experimental&#xA;    suite.go:313: Label filter expression: &#34;not experimental&#34;, test labels: [traces max-pipeline experimental set-c]&#xA;2026/04/05 21:16:23 evaluating test labels: [traces max-pipeline experimental set-c]&#xA;    suite.go:313: Test skipped: label filter &#39;not experimental&#39; not satisfied&#xA;--- SKIP: TestMultiPipelineMaxPipeline/unlimited-pipelines-experimental (0.00s)&#xA;"></skipped>
		</testcase>
		<testcase classname="github.com/kyma-project/telemetry-manager/test/e2e/traces" name="TestEndpointInvalid" time="22.450000"></testcase>
		<testcase classname="github.com/kyma-project/telemetry-manager/test/e2e/traces" name="TestEndpointWithPathValidation" time="1.440000"></testcase>
		<testcase classname="github.com/kyma-project/telemetry-manager/test/e2e/traces" name="TestEnrichmentValuesEmpty" time="45.710000"></testcase>
		<testcase classname="github.com/kyma-project/telemetry-manager/test/e2e/traces" name="TestEnrichmentValuesPredefined" time="26.450000"></testcase>
		<testcase classname="github.com/kyma-project/telemetry-manager/test/e2e/traces" name="TestExtractLabels" time="15.820000"></testcase>
		<testcase classname="github.com/kyma-project/telemetry-manager/test/e2e/traces" name="TestFilterInvalid" time="1.560000"></testcase>
		<testcase classname="github.com/kyma-project/telemetry-manager/test/e2e/traces" name="TestFilter" time="16.230000"></testcase>
		<testcase classname="github.com/kyma-project/telemetry-manager/test/e2e/traces" name="TestMTLSAboutToExpireCert" time="16.149000"></testcase>
		<testcase classname="github.com/kyma-project/telemetry-manager/test/e2e/traces" name="TestMTLSCertKeyPairDontMatch" time="2.780000"></testcase>
		<testcase classname="github.com/kyma-project/telemetry-manager/test/e2e/traces" name="TestMTLSExpiredCert" time="32.220000"></testcase>
		<testcase classname="github.com/kyma-project/telemetry-manager/test/e2e/traces" name="TestMTLSInvalidCA" time="2.930000"></testcase>
		<testcase classname="github.com/kyma-project/telemetry-manager/test/e2e/traces" name="TestMTLSInvalidCert" time="3.040000"></testcase>
		<testcase classname="github.com/kyma-project/telemetry-manager/test/e2e/traces" name="TestMTLS" time="17.880000"></testcase>
		<testcase classname="github.com/kyma-project/telemetry-manager/test/e2e/traces" name="TestMultiPipelineBroken" time="17.190000"></testcase>
		<testcase classname="github.com/kyma-project/telemetry-manager/test/e2e/traces" name="TestMultiPipelineFanout" time="16.379000"></testcase>
		<testcase classname="github.com/kyma-project/telemetry-manager/test/e2e/traces" name="TestMultiPipelineMaxPipeline/max-pipeline-limit" time="22.110000"></testcase>
		<testcase classname="github.com/kyma-project/telemetry-manager/test/e2e/traces" name="TestMultiPipelineMaxPipeline" time="22.120000"></testcase>
		<testcase classname="github.com/kyma-project/telemetry-manager/test/e2e/traces" name="TestNoisyFilters" time="31.240000"></testcase>
		<testcase classname="github.com/kyma-project/telemetry-manager/test/e2e/traces" name="TestOAuth2" time="44.010000"></testcase>
		<testcase classname="github.com/kyma-project/telemetry-manager/test/e2e/traces" name="TestRejectTracePipelineCreation/no-output" time="1.730000"></testcase>
		<testcase classname="github.com/kyma-project/telemetry-manager/test/e2e/traces" name="TestRejectTracePipelineCreation/valuefrom-accepts-only-one-option" time="1.680000"></testcase>
		<testcase classname="github.com/kyma-project/telemetry-manager/test/e2e/traces" name="TestRejectTracePipelineCreation/secretkeyref-requires-key" time="1.800000"></testcase>
		<testcase classname="github.com/kyma-project/telemetry-manager/test/e2e/traces" name="TestRejectTracePipelineCreation/secretkeyref-requires-namespace" time="1.690000"></testcase>
		<testcase classname="github.com/kyma-project/telemetry-manager/test/e2e/traces" name="TestRejectTracePipelineCreation/secretkeyref-requires-name" time="1.790000"></testcase>
		<testcase classname="github.com/kyma-project/telemetry-manager/test/e2e/traces" name="TestRejectTracePipelineCreation/otlp-output-with-default-proto-and-path" time="1.680000"></testcase>
		<testcase classname="github.com/kyma-project/telemetry-manager/test/e2e/traces" name="TestRejectTracePipelineCreation/otlp-output-with-grpc-proto-and-path" time="1.700000"></testcase>
		<testcase classname="github.com/kyma-project/telemetry-manager/test/e2e/traces" name="TestRejectTracePipelineCreation/otlp-output-with-non-valid-proto" time="1.670000"></testcase>
		<testcase classname="github.com/kyma-project/telemetry-manager/test/e2e/traces" name="TestRejectTracePipelineCreation/otlp-output-basic-auth-secretref-missing-password-key" time="1.700000"></testcase>
		<testcase classname="github.com/kyma-project/telemetry-manager/test/e2e/traces" name="TestRejectTracePipelineCreation/otlp-output-basic-auth-secretref-missing-user-key" time="1.730000"></testcase>
		<testcase classname="github.com/kyma-project/telemetry-manager/test/e2e/traces" name="TestRejectTracePipelineCreation/otlp-output-tls-missing-key" time="1.660000"></testcase>
		<testcase classname="github.com/kyma-project/telemetry-manager/test/e2e/traces" name="TestRejectTracePipelineCreation/otlp-output-tls-missing-cert" time="1.700000"></testcase>
		<testcase classname="github.com/kyma-project/telemetry-manager/test/e2e/traces" name="TestRejectTracePipelineCreation/otlp-output-oauth2-invalid-token-url" time="1.660000"></testcase>
		<testcase classname="github.com/kyma-project/telemetry-manager/test/e2e/traces" name="TestRejectTracePipelineCreation/otlp-output-oauth2-missing-client-id" time="1.680000"></testcase>
		<testcase classname="github.com/kyma-project/telemetry-manager/test/e2e/traces" name="TestRejectTracePipelineCreation/otlp-output-oauth2-insecure" time="1.720000"></testcase>
		<testcase classname="github.com/kyma-project/telemetry-manager/test/e2e/traces" name="TestRejectTracePipelineCreation" time="25.590000"></testcase>
		<testcase classname="github.com/kyma-project/telemetry-manager/test/e2e/traces" name="TestResources" time="44.030000"></testcase>
		<testcase classname="github.com/kyma-project/telemetry-manager/test/e2e/traces" name="TestSecretMissing" time="3.860000"></testcase>
		<testcase classname="github.com/kyma-project/telemetry-manager/test/e2e/traces" name="TestSecretRotation" time="27.760000"></testcase>
		<testcase classname="github.com/kyma-project/telemetry-manager/test/e2e/traces" name="TestServiceEnrichment" time="16.770000"></testcase>
		<testcase classname="github.com/kyma-project/telemetry-manager/test/e2e/traces" name="TestServiceName" time="17.000000"></testcase>
		<testcase classname="github.com/kyma-project/telemetry-manager/test/e2e/traces" name="TestSinglePipeline/grpc" time="16.720000"></testcase>
		<testcase classname="github.com/kyma-project/telemetry-manager/test/e2e/traces" name="TestSinglePipeline/http" time="17.240000"></testcase>
		<testcase classname="github.com/kyma-project/telemetry-manager/test/e2e/traces" name="TestSinglePipeline" time="33.960000"></testcase>
		<testcase classname="github.com/kyma-project/telemetry-manager/test/e2e/traces" name="TestSinglePipelineV1Alpha1" time="16.790000"></testcase>
		<testcase classname="github.com/kyma-project/telemetry-manager/test/e2e/traces" name="TestTransformInvalid" time="1.800000"></testcase>
		<testcase classname="github.com/kyma-project/telemetry-manager/test/e2e/traces" name="TestTransform/with-where" time="13.930000"></testcase>
		<testcase classname="github.com/kyma-project/telemetry-manager/test/e2e/traces" name="TestTransform/cond-and-stmts" time="14.190000"></testcase>
		<testcase classname="github.com/kyma-project/telemetry-manager/test/e2e/traces" name="TestTransform/infer-context" time="14.090000"></testcase>
		<testcase classname="github.com/kyma-project/telemetry-manager/test/e2e/traces" name="TestTransform" time="44.560000"></testcase>
	</testsuite>
</testsuites>