<?xml version="1.0" encoding="UTF-8"?>
<testsuites tests="175" failures="0" errors="0" time="275.600692">
	<testsuite tests="3" failures="0" skipped="2" time="36.422000" name="github.com/kyma-project/telemetry-manager/test/e2e/logs/agent" timestamp="2026-04-06T00:36:26Z">
		<properties>
			<property name="go.version" value="go1.26.1 linux/amd64"></property>
		</properties>
		<testcase classname="github.com/kyma-project/telemetry-manager/test/e2e/logs/agent" name="TestSeverityParser" time="0.000000">
			<skipped message="=== RUN   TestSeverityParser&#xA;    suite.go:313: Label filter expression: &#34;not experimental and not fluent-bit and set-c&#34;, test labels: [log-agent set-b]&#xA;2026/04/06 00:37:02 evaluating test labels: [log-agent set-b]&#xA;    suite.go:313: Test skipped: label filter &#39;not experimental and not fluent-bit and set-c&#39; not satisfied&#xA;--- SKIP: TestSeverityParser (0.00s)&#xA;"></skipped>
		</testcase>
		<testcase classname="github.com/kyma-project/telemetry-manager/test/e2e/logs/agent" name="TestTraceParser" time="0.000000">
			<skipped message="=== RUN   TestTraceParser&#xA;    suite.go:313: Label filter expression: &#34;not experimental and not fluent-bit and set-c&#34;, test labels: [log-agent set-b]&#xA;2026/04/06 00:37:02 evaluating test labels: [log-agent set-b]&#xA;    suite.go:313: Test skipped: label filter &#39;not experimental and not fluent-bit and set-c&#39; not satisfied&#xA;--- SKIP: TestTraceParser (0.00s)&#xA;"></skipped>
		</testcase>
		<testcase classname="github.com/kyma-project/telemetry-manager/test/e2e/logs/agent" name="TestInstrumentationScope" time="36.410000"></testcase>
	</testsuite>
	<testsuite tests="9" failures="0" skipped="9" time="0.016000" name="github.com/kyma-project/telemetry-manager/test/e2e/logs/fluentbit" timestamp="2026-04-06T00:37:04Z">
		<properties>
			<property name="go.version" value="go1.26.1 linux/amd64"></property>
		</properties>
		<testcase classname="github.com/kyma-project/telemetry-manager/test/e2e/logs/fluentbit" name="TestAppName" time="0.000000">
			<skipped message="=== RUN   TestAppName&#xA;    suite.go:313: Label filter expression: &#34;not experimental and not fluent-bit and set-c&#34;, test labels: [fluent-bit set-c]&#xA;2026/04/06 00:37:04 evaluating test labels: [fluent-bit set-c]&#xA;    suite.go:313: Test skipped: label filter &#39;not experimental and not fluent-bit and set-c&#39; not satisfied&#xA;--- SKIP: TestAppName (0.00s)&#xA;"></skipped>
		</testcase>
		<testcase classname="github.com/kyma-project/telemetry-manager/test/e2e/logs/fluentbit" name="TestBasePayloadWithHTTPOutput" time="0.000000">
			<skipped message="=== RUN   TestBasePayloadWithHTTPOutput&#xA;    suite.go:313: Label filter expression: &#34;not experimental and not fluent-bit and set-c&#34;, test labels: [fluent-bit set-b]&#xA;2026/04/06 00:37:04 evaluating test labels: [fluent-bit set-b]&#xA;    suite.go:313: Test skipped: label filter &#39;not experimental and not fluent-bit and set-c&#39; not satisfied&#xA;--- SKIP: TestBasePayloadWithHTTPOutput (0.00s)&#xA;"></skipped>
		</testcase>
		<testcase classname="github.com/kyma-project/telemetry-manager/test/e2e/logs/fluentbit" name="TestCustomClusterName" time="0.000000">
			<skipped message="=== RUN   TestCustomClusterName&#xA;    suite.go:313: Label filter expression: &#34;not experimental and not fluent-bit and set-c&#34;, test labels: [fluent-bit set-b]&#xA;2026/04/06 00:37:04 evaluating test labels: [fluent-bit set-b]&#xA;    suite.go:313: Test skipped: label filter &#39;not experimental and not fluent-bit and set-c&#39; not satisfied&#xA;--- SKIP: TestCustomClusterName (0.00s)&#xA;"></skipped>
		</testcase>
		<testcase classname="github.com/kyma-project/telemetry-manager/test/e2e/logs/fluentbit" name="TestCustomFilterDenied" time="0.000000">
			<skipped message="=== RUN   TestCustomFilterDenied&#xA;    suite.go:313: Label filter expression: &#34;not experimental and not fluent-bit and set-c&#34;, test labels: [fluent-bit set-a]&#xA;2026/04/06 00:37:04 evaluating test labels: [fluent-bit set-a]&#xA;    suite.go:313: Test skipped: label filter &#39;not experimental and not fluent-bit and set-c&#39; not satisfied&#xA;--- SKIP: TestCustomFilterDenied (0.00s)&#xA;"></skipped>
		</testcase>
		<testcase classname="github.com/kyma-project/telemetry-manager/test/e2e/logs/fluentbit" name="TestCustomOutputDenied" time="0.000000">
			<skipped message="=== RUN   TestCustomOutputDenied&#xA;    suite.go:313: Label filter expression: &#34;not experimental and not fluent-bit and set-c&#34;, test labels: [fluent-bit set-a]&#xA;2026/04/06 00:37:04 evaluating test labels: [fluent-bit set-a]&#xA;    suite.go:313: Test skipped: label filter &#39;not experimental and not fluent-bit and set-c&#39; not satisfied&#xA;--- SKIP: TestCustomOutputDenied (0.00s)&#xA;"></skipped>
		</testcase>
		<testcase classname="github.com/kyma-project/telemetry-manager/test/e2e/logs/fluentbit" name="TestCustomFilterAllowed" time="0.000000">
			<skipped message="=== RUN   TestCustomFilterAllowed&#xA;    suite.go:313: Label filter expression: &#34;not experimental and not fluent-bit and set-c&#34;, test labels: [fluent-bit set-b]&#xA;2026/04/06 00:37:04 evaluating test labels: [fluent-bit set-b]&#xA;    suite.go:313: Test skipped: label filter &#39;not experimental and not fluent-bit and set-c&#39; not satisfied&#xA;--- SKIP: TestCustomFilterAllowed (0.00s)&#xA;"></skipped>
		</testcase>
		<testcase classname="github.com/kyma-project/telemetry-manager/test/e2e/logs/fluentbit" name="TestCustomOutput" time="0.000000">
			<skipped message="=== RUN   TestCustomOutput&#xA;    suite.go:313: Label filter expression: &#34;not experimental and not fluent-bit and set-c&#34;, test labels: [fluent-bit set-c]&#xA;2026/04/06 00:37:04 evaluating test labels: [fluent-bit set-c]&#xA;    suite.go:313: Test skipped: label filter &#39;not experimental and not fluent-bit and set-c&#39; not satisfied&#xA;--- SKIP: TestCustomOutput (0.00s)&#xA;"></skipped>
		</testcase>
		<testcase classname="github.com/kyma-project/telemetry-manager/test/e2e/logs/fluentbit" name="TestDedot" time="0.000000">
			<skipped message="=== RUN   TestDedot&#xA;    suite.go:313: Label filter expression: &#34;not experimental and not fluent-bit and set-c&#34;, test labels: [fluent-bit set-c]&#xA;2026/04/06 00:37:04 evaluating test labels: [fluent-bit set-c]&#xA;    suite.go:313: Test skipped: label filter &#39;not experimental and not fluent-bit and set-c&#39; not satisfied&#xA;--- SKIP: TestDedot (0.00s)&#xA;"></skipped>
		</testcase>
		<testcase classname="github.com/kyma-project/telemetry-manager/test/e2e/logs/fluentbit" name="TestKeepAnnotations" time="0.000000">
			<skipped message="=== RUN   TestKeepAnnotations&#xA;    suite.go:313: Label filter expression: &#34;not experimental and not fluent-bit and set-c&#34;, test labels: [fluent-bit set-b]&#xA;2026/04/06 00:37:04 evaluating test labels: [fluent-bit set-b]&#xA;    suite.go:313: Test skipped: label filter &#39;not experimental and not fluent-bit and set-c&#39; not satisfied&#xA;--- SKIP: TestKeepAnnotations (0.00s)&#xA;"></skipped>
		</testcase>
	</testsuite>
	<testsuite tests="6" failures="0" skipped="4" time="0.016000" name="github.com/kyma-project/telemetry-manager/test/e2e/logs/gateway" timestamp="2026-04-06T00:37:05Z">
		<properties>
			<property name="go.version" value="go1.26.1 linux/amd64"></property>
		</properties>
		<testcase classname="github.com/kyma-project/telemetry-manager/test/e2e/logs/gateway" name="TestEnrichmentValuesEmpty/log-gateway" time="0.000000">
			<skipped message="=== RUN   TestEnrichmentValuesEmpty/log-gateway&#xA;    suite.go:313: Label filter expression: &#34;not experimental and not fluent-bit and set-c&#34;, test labels: [log-gateway set-b]&#xA;2026/04/06 00:37:05 evaluating test labels: [log-gateway set-b]&#xA;    suite.go:313: Test skipped: label filter &#39;not experimental and not fluent-bit and set-c&#39; not satisfied&#xA;--- SKIP: TestEnrichmentValuesEmpty/log-gateway (0.00s)&#xA;"></skipped>
		</testcase>
		<testcase classname="github.com/kyma-project/telemetry-manager/test/e2e/logs/gateway" name="TestEnrichmentValuesEmpty/log-gateway-experimental" time="0.000000">
			<skipped message="=== RUN   TestEnrichmentValuesEmpty/log-gateway-experimental&#xA;    suite.go:313: Label filter expression: &#34;not experimental and not fluent-bit and set-c&#34;, test labels: [log-gateway experimental set-a]&#xA;2026/04/06 00:37:05 evaluating test labels: [log-gateway experimental set-a]&#xA;    suite.go:313: Test skipped: label filter &#39;not experimental and not fluent-bit and set-c&#39; not satisfied&#xA;--- SKIP: TestEnrichmentValuesEmpty/log-gateway-experimental (0.00s)&#xA;"></skipped>
		</testcase>
		<testcase classname="github.com/kyma-project/telemetry-manager/test/e2e/logs/gateway" name="TestEnrichmentValuesPredefined/log-gateway" time="0.000000">
			<skipped message="=== RUN   TestEnrichmentValuesPredefined/log-gateway&#xA;    suite.go:313: Label filter expression: &#34;not experimental and not fluent-bit and set-c&#34;, test labels: [log-gateway set-b]&#xA;2026/04/06 00:37:05 evaluating test labels: [log-gateway set-b]&#xA;    suite.go:313: Test skipped: label filter &#39;not experimental and not fluent-bit and set-c&#39; not satisfied&#xA;--- SKIP: TestEnrichmentValuesPredefined/log-gateway (0.00s)&#xA;"></skipped>
		</testcase>
		<testcase classname="github.com/kyma-project/telemetry-manager/test/e2e/logs/gateway" name="TestEnrichmentValuesPredefined/log-gateway-experimental" time="0.000000">
			<skipped message="=== RUN   TestEnrichmentValuesPredefined/log-gateway-experimental&#xA;    suite.go:313: Label filter expression: &#34;not experimental and not fluent-bit and set-c&#34;, test labels: [log-gateway experimental set-c]&#xA;2026/04/06 00:37:05 evaluating test labels: [log-gateway experimental set-c]&#xA;    suite.go:313: Test skipped: label filter &#39;not experimental and not fluent-bit and set-c&#39; not satisfied&#xA;--- SKIP: TestEnrichmentValuesPredefined/log-gateway-experimental (0.00s)&#xA;"></skipped>
		</testcase>
		<testcase classname="github.com/kyma-project/telemetry-manager/test/e2e/logs/gateway" name="TestEnrichmentValuesEmpty" time="0.000000"></testcase>
		<testcase classname="github.com/kyma-project/telemetry-manager/test/e2e/logs/gateway" name="TestEnrichmentValuesPredefined" time="0.000000"></testcase>
	</testsuite>
	<testsuite tests="57" failures="0" skipped="31" time="44.373000" name="github.com/kyma-project/telemetry-manager/test/e2e/logs/misc" timestamp="2026-04-06T00:37:06Z">
		<properties>
			<property name="go.version" value="go1.26.1 linux/amd64"></property>
		</properties>
		<testcase classname="github.com/kyma-project/telemetry-manager/test/e2e/logs/misc" name="TestEndpointInvalid_OTel" time="0.000000">
			<skipped message="=== RUN   TestEndpointInvalid_OTel&#xA;    suite.go:313: Label filter expression: &#34;not experimental and not fluent-bit and set-c&#34;, test labels: [logs misc set-a]&#xA;2026/04/06 00:37:06 evaluating test labels: [logs misc set-a]&#xA;    suite.go:313: Test skipped: label filter &#39;not experimental and not fluent-bit and set-c&#39; not satisfied&#xA;--- SKIP: TestEndpointInvalid_OTel (0.00s)&#xA;"></skipped>
		</testcase>
		<testcase classname="github.com/kyma-project/telemetry-manager/test/e2e/logs/misc" name="TestEndpointInvalid_FluentBit" time="0.000000">
			<skipped message="=== RUN   TestEndpointInvalid_FluentBit&#xA;    suite.go:313: Label filter expression: &#34;not experimental and not fluent-bit and set-c&#34;, test labels: [fluent-bit set-a]&#xA;2026/04/06 00:37:06 evaluating test labels: [fluent-bit set-a]&#xA;    suite.go:313: Test skipped: label filter &#39;not experimental and not fluent-bit and set-c&#39; not satisfied&#xA;--- SKIP: TestEndpointInvalid_FluentBit (0.00s)&#xA;"></skipped>
		</testcase>
		<testcase classname="github.com/kyma-project/telemetry-manager/test/e2e/logs/misc" name="TestFilterInvalid" time="0.000000">
			<skipped message="=== RUN   TestFilterInvalid&#xA;    suite.go:313: Label filter expression: &#34;not experimental and not fluent-bit and set-c&#34;, test labels: [logs misc set-b]&#xA;2026/04/06 00:37:06 evaluating test labels: [logs misc set-b]&#xA;    suite.go:313: Test skipped: label filter &#39;not experimental and not fluent-bit and set-c&#39; not satisfied&#xA;--- SKIP: TestFilterInvalid (0.00s)&#xA;"></skipped>
		</testcase>
		<testcase classname="github.com/kyma-project/telemetry-manager/test/e2e/logs/misc" name="TestMTLSCertKeyDontMatch_FluentBit" time="0.000000">
			<skipped message="=== RUN   TestMTLSCertKeyDontMatch_FluentBit&#xA;    suite.go:313: Label filter expression: &#34;not experimental and not fluent-bit and set-c&#34;, test labels: [fluent-bit set-b]&#xA;2026/04/06 00:37:10 evaluating test labels: [fluent-bit set-b]&#xA;    suite.go:313: Test skipped: label filter &#39;not experimental and not fluent-bit and set-c&#39; not satisfied&#xA;--- SKIP: TestMTLSCertKeyDontMatch_FluentBit (0.00s)&#xA;"></skipped>
		</testcase>
		<testcase classname="github.com/kyma-project/telemetry-manager/test/e2e/logs/misc" name="TestMTLSExpiredCert_OTel" time="0.000000">
			<skipped message="=== RUN   TestMTLSExpiredCert_OTel&#xA;    suite.go:313: Label filter expression: &#34;not experimental and not fluent-bit and set-c&#34;, test labels: [logs misc mtls set-b]&#xA;2026/04/06 00:37:10 evaluating test labels: [logs misc mtls set-b]&#xA;    suite.go:313: Test skipped: label filter &#39;not experimental and not fluent-bit and set-c&#39; not satisfied&#xA;--- SKIP: TestMTLSExpiredCert_OTel (0.00s)&#xA;"></skipped>
		</testcase>
		<testcase classname="github.com/kyma-project/telemetry-manager/test/e2e/logs/misc" name="TestMTLSExpiredCert_FluentBit" time="0.000000">
			<skipped message="=== RUN   TestMTLSExpiredCert_FluentBit&#xA;    suite.go:313: Label filter expression: &#34;not experimental and not fluent-bit and set-c&#34;, test labels: [fluent-bit set-c]&#xA;2026/04/06 00:37:10 evaluating test labels: [fluent-bit set-c]&#xA;    suite.go:313: Test skipped: label filter &#39;not experimental and not fluent-bit and set-c&#39; not satisfied&#xA;--- SKIP: TestMTLSExpiredCert_FluentBit (0.00s)&#xA;"></skipped>
		</testcase>
		<testcase classname="github.com/kyma-project/telemetry-manager/test/e2e/logs/misc" name="TestMTLSInvalidCA_OTel" time="0.000000">
			<skipped message="=== RUN   TestMTLSInvalidCA_OTel&#xA;    suite.go:313: Label filter expression: &#34;not experimental and not fluent-bit and set-c&#34;, test labels: [logs misc mtls set-b]&#xA;2026/04/06 00:37:10 evaluating test labels: [logs misc mtls set-b]&#xA;    suite.go:313: Test skipped: label filter &#39;not experimental and not fluent-bit and set-c&#39; not satisfied&#xA;--- SKIP: TestMTLSInvalidCA_OTel (0.00s)&#xA;"></skipped>
		</testcase>
		<testcase classname="github.com/kyma-project/telemetry-manager/test/e2e/logs/misc" name="TestMTLSInvalidCA_FluentBit" time="0.000000">
			<skipped message="=== RUN   TestMTLSInvalidCA_FluentBit&#xA;    suite.go:313: Label filter expression: &#34;not experimental and not fluent-bit and set-c&#34;, test labels: [fluent-bit set-c]&#xA;2026/04/06 00:37:10 evaluating test labels: [fluent-bit set-c]&#xA;    suite.go:313: Test skipped: label filter &#39;not experimental and not fluent-bit and set-c&#39; not satisfied&#xA;--- SKIP: TestMTLSInvalidCA_FluentBit (0.00s)&#xA;"></skipped>
		</testcase>
		<testcase classname="github.com/kyma-project/telemetry-manager/test/e2e/logs/misc" name="TestMTLSInvalidCert_FluentBit" time="0.000000">
			<skipped message="=== RUN   TestMTLSInvalidCert_FluentBit&#xA;    suite.go:313: Label filter expression: &#34;not experimental and not fluent-bit and set-c&#34;, test labels: [fluent-bit set-c]&#xA;2026/04/06 00:37:12 evaluating test labels: [fluent-bit set-c]&#xA;    suite.go:313: Test skipped: label filter &#39;not experimental and not fluent-bit and set-c&#39; not satisfied&#xA;--- SKIP: TestMTLSInvalidCert_FluentBit (0.00s)&#xA;"></skipped>
		</testcase>
		<testcase classname="github.com/kyma-project/telemetry-manager/test/e2e/logs/misc" name="TestRejectLogPipelineCreation/no-output" time="0.000000">
			<skipped message="=== RUN   TestRejectLogPipelineCreation/no-output&#xA;    suite.go:313: Label filter expression: &#34;not experimental and not fluent-bit and set-c&#34;, test labels: [ logs misc set-a]&#xA;2026/04/06 00:37:12 evaluating test labels: [ logs misc set-a]&#xA;    suite.go:313: Test skipped: label filter &#39;not experimental and not fluent-bit and set-c&#39; not satisfied&#xA;--- SKIP: TestRejectLogPipelineCreation/no-output (0.00s)&#xA;"></skipped>
		</testcase>
		<testcase classname="github.com/kyma-project/telemetry-manager/test/e2e/logs/misc" name="TestRejectLogPipelineCreation/secretkeyref-requires-key" time="0.000000">
			<skipped message="=== RUN   TestRejectLogPipelineCreation/secretkeyref-requires-key&#xA;    suite.go:313: Label filter expression: &#34;not experimental and not fluent-bit and set-c&#34;, test labels: [ logs misc set-b]&#xA;2026/04/06 00:37:14 evaluating test labels: [ logs misc set-b]&#xA;    suite.go:313: Test skipped: label filter &#39;not experimental and not fluent-bit and set-c&#39; not satisfied&#xA;--- SKIP: TestRejectLogPipelineCreation/secretkeyref-requires-key (0.00s)&#xA;"></skipped>
		</testcase>
		<testcase classname="github.com/kyma-project/telemetry-manager/test/e2e/logs/misc" name="TestRejectLogPipelineCreation/secretkeyref-requires-namespace" time="0.000000">
			<skipped message="=== RUN   TestRejectLogPipelineCreation/secretkeyref-requires-namespace&#xA;    suite.go:313: Label filter expression: &#34;not experimental and not fluent-bit and set-c&#34;, test labels: [ logs misc set-b]&#xA;2026/04/06 00:37:14 evaluating test labels: [ logs misc set-b]&#xA;    suite.go:313: Test skipped: label filter &#39;not experimental and not fluent-bit and set-c&#39; not satisfied&#xA;--- SKIP: TestRejectLogPipelineCreation/secretkeyref-requires-namespace (0.00s)&#xA;"></skipped>
		</testcase>
		<testcase classname="github.com/kyma-project/telemetry-manager/test/e2e/logs/misc" name="TestRejectLogPipelineCreation/secretkeyref-requires-name" time="0.000000">
			<skipped message="=== RUN   TestRejectLogPipelineCreation/secretkeyref-requires-name&#xA;    suite.go:313: Label filter expression: &#34;not experimental and not fluent-bit and set-c&#34;, test labels: [ logs misc set-b]&#xA;2026/04/06 00:37:14 evaluating test labels: [ logs misc set-b]&#xA;    suite.go:313: Test skipped: label filter &#39;not experimental and not fluent-bit and set-c&#39; not satisfied&#xA;--- SKIP: TestRejectLogPipelineCreation/secretkeyref-requires-name (0.00s)&#xA;"></skipped>
		</testcase>
		<testcase classname="github.com/kyma-project/telemetry-manager/test/e2e/logs/misc" name="TestRejectLogPipelineCreation/otlp-output-with-grpc-proto-and-path" time="0.000000">
			<skipped message="=== RUN   TestRejectLogPipelineCreation/otlp-output-with-grpc-proto-and-path&#xA;    suite.go:313: Label filter expression: &#34;not experimental and not fluent-bit and set-c&#34;, test labels: [ logs misc set-b]&#xA;2026/04/06 00:37:15 evaluating test labels: [ logs misc set-b]&#xA;    suite.go:313: Test skipped: label filter &#39;not experimental and not fluent-bit and set-c&#39; not satisfied&#xA;--- SKIP: TestRejectLogPipelineCreation/otlp-output-with-grpc-proto-and-path (0.00s)&#xA;"></skipped>
		</testcase>
		<testcase classname="github.com/kyma-project/telemetry-manager/test/e2e/logs/misc" name="TestRejectLogPipelineCreation/otlp-output-tls-missing-cert" time="0.000000">
			<skipped message="=== RUN   TestRejectLogPipelineCreation/otlp-output-tls-missing-cert&#xA;    suite.go:313: Label filter expression: &#34;not experimental and not fluent-bit and set-c&#34;, test labels: [ logs misc set-a]&#xA;2026/04/06 00:37:22 evaluating test labels: [ logs misc set-a]&#xA;    suite.go:313: Test skipped: label filter &#39;not experimental and not fluent-bit and set-c&#39; not satisfied&#xA;--- SKIP: TestRejectLogPipelineCreation/otlp-output-tls-missing-cert (0.00s)&#xA;"></skipped>
		</testcase>
		<testcase classname="github.com/kyma-project/telemetry-manager/test/e2e/logs/misc" name="TestRejectLogPipelineCreation/otlp-output-oauth2-insecure" time="0.000000">
			<skipped message="=== RUN   TestRejectLogPipelineCreation/otlp-output-oauth2-insecure&#xA;    suite.go:313: Label filter expression: &#34;not experimental and not fluent-bit and set-c&#34;, test labels: [ logs misc set-b]&#xA;2026/04/06 00:37:25 evaluating test labels: [ logs misc set-b]&#xA;    suite.go:313: Test skipped: label filter &#39;not experimental and not fluent-bit and set-c&#39; not satisfied&#xA;--- SKIP: TestRejectLogPipelineCreation/otlp-output-oauth2-insecure (0.00s)&#xA;"></skipped>
		</testcase>
		<testcase classname="github.com/kyma-project/telemetry-manager/test/e2e/logs/misc" name="TestRejectLogPipelineCreation/otlp-input-namespaces-include-too-long" time="0.000000">
			<skipped message="=== RUN   TestRejectLogPipelineCreation/otlp-input-namespaces-include-too-long&#xA;    suite.go:313: Label filter expression: &#34;not experimental and not fluent-bit and set-c&#34;, test labels: [ logs misc set-a]&#xA;2026/04/06 00:37:28 evaluating test labels: [ logs misc set-a]&#xA;    suite.go:313: Test skipped: label filter &#39;not experimental and not fluent-bit and set-c&#39; not satisfied&#xA;--- SKIP: TestRejectLogPipelineCreation/otlp-input-namespaces-include-too-long (0.00s)&#xA;"></skipped>
		</testcase>
		<testcase classname="github.com/kyma-project/telemetry-manager/test/e2e/logs/misc" name="TestRejectLogPipelineCreation/otlp-input-namespaces-exclude-invalid" time="0.000000">
			<skipped message="=== RUN   TestRejectLogPipelineCreation/otlp-input-namespaces-exclude-invalid&#xA;    suite.go:313: Label filter expression: &#34;not experimental and not fluent-bit and set-c&#34;, test labels: [ logs misc set-a]&#xA;2026/04/06 00:37:28 evaluating test labels: [ logs misc set-a]&#xA;    suite.go:313: Test skipped: label filter &#39;not experimental and not fluent-bit and set-c&#39; not satisfied&#xA;--- SKIP: TestRejectLogPipelineCreation/otlp-input-namespaces-exclude-invalid (0.00s)&#xA;"></skipped>
		</testcase>
		<testcase classname="github.com/kyma-project/telemetry-manager/test/e2e/logs/misc" name="TestRejectLogPipelineCreation/otlp-input-namespaces-exclude-too-long" time="0.000000">
			<skipped message="=== RUN   TestRejectLogPipelineCreation/otlp-input-namespaces-exclude-too-long&#xA;    suite.go:313: Label filter expression: &#34;not experimental and not fluent-bit and set-c&#34;, test labels: [ logs misc set-a]&#xA;2026/04/06 00:37:28 evaluating test labels: [ logs misc set-a]&#xA;    suite.go:313: Test skipped: label filter &#39;not experimental and not fluent-bit and set-c&#39; not satisfied&#xA;--- SKIP: TestRejectLogPipelineCreation/otlp-input-namespaces-exclude-too-long (0.00s)&#xA;"></skipped>
		</testcase>
		<testcase classname="github.com/kyma-project/telemetry-manager/test/e2e/logs/misc" name="TestRejectLogPipelineCreation/http-output-tls-missing-key" time="0.000000">
			<skipped message="=== RUN   TestRejectLogPipelineCreation/http-output-tls-missing-key&#xA;    suite.go:313: Label filter expression: &#34;not experimental and not fluent-bit and set-c&#34;, test labels: [ logs misc set-a]&#xA;2026/04/06 00:37:28 evaluating test labels: [ logs misc set-a]&#xA;    suite.go:313: Test skipped: label filter &#39;not experimental and not fluent-bit and set-c&#39; not satisfied&#xA;--- SKIP: TestRejectLogPipelineCreation/http-output-tls-missing-key (0.00s)&#xA;"></skipped>
		</testcase>
		<testcase classname="github.com/kyma-project/telemetry-manager/test/e2e/logs/misc" name="TestRejectLogPipelineCreation/runtime-input-namespaces-exclude-system-not-exclusive" time="0.000000">
			<skipped message="=== RUN   TestRejectLogPipelineCreation/runtime-input-namespaces-exclude-system-not-exclusive&#xA;    suite.go:313: Label filter expression: &#34;not experimental and not fluent-bit and set-c&#34;, test labels: [ logs misc set-a]&#xA;2026/04/06 00:37:32 evaluating test labels: [ logs misc set-a]&#xA;    suite.go:313: Test skipped: label filter &#39;not experimental and not fluent-bit and set-c&#39; not satisfied&#xA;--- SKIP: TestRejectLogPipelineCreation/runtime-input-namespaces-exclude-system-not-exclusive (0.00s)&#xA;"></skipped>
		</testcase>
		<testcase classname="github.com/kyma-project/telemetry-manager/test/e2e/logs/misc" name="TestRejectLogPipelineCreation/runtime-input-namespaces-include-too-long" time="0.000000">
			<skipped message="=== RUN   TestRejectLogPipelineCreation/runtime-input-namespaces-include-too-long&#xA;    suite.go:313: Label filter expression: &#34;not experimental and not fluent-bit and set-c&#34;, test labels: [ logs misc set-a]&#xA;2026/04/06 00:37:35 evaluating test labels: [ logs misc set-a]&#xA;    suite.go:313: Test skipped: label filter &#39;not experimental and not fluent-bit and set-c&#39; not satisfied&#xA;--- SKIP: TestRejectLogPipelineCreation/runtime-input-namespaces-include-too-long (0.00s)&#xA;"></skipped>
		</testcase>
		<testcase classname="github.com/kyma-project/telemetry-manager/test/e2e/logs/misc" name="TestRejectLogPipelineCreation/runtime-input-namespaces-exclude-invalid" time="0.000000">
			<skipped message="=== RUN   TestRejectLogPipelineCreation/runtime-input-namespaces-exclude-invalid&#xA;    suite.go:313: Label filter expression: &#34;not experimental and not fluent-bit and set-c&#34;, test labels: [ logs misc set-b]&#xA;2026/04/06 00:37:35 evaluating test labels: [ logs misc set-b]&#xA;    suite.go:313: Test skipped: label filter &#39;not experimental and not fluent-bit and set-c&#39; not satisfied&#xA;--- SKIP: TestRejectLogPipelineCreation/runtime-input-namespaces-exclude-invalid (0.00s)&#xA;"></skipped>
		</testcase>
		<testcase classname="github.com/kyma-project/telemetry-manager/test/e2e/logs/misc" name="TestRejectLogPipelineCreation/runtime-input-namespaces-exclude-too-long" time="0.000000">
			<skipped message="=== RUN   TestRejectLogPipelineCreation/runtime-input-namespaces-exclude-too-long&#xA;    suite.go:313: Label filter expression: &#34;not experimental and not fluent-bit and set-c&#34;, test labels: [ logs misc set-a]&#xA;2026/04/06 00:37:35 evaluating test labels: [ logs misc set-a]&#xA;    suite.go:313: Test skipped: label filter &#39;not experimental and not fluent-bit and set-c&#39; not satisfied&#xA;--- SKIP: TestRejectLogPipelineCreation/runtime-input-namespaces-exclude-too-long (0.00s)&#xA;"></skipped>
		</testcase>
		<testcase classname="github.com/kyma-project/telemetry-manager/test/e2e/logs/misc" name="TestRejectLogPipelineCreation/files-content-required" time="0.000000">
			<skipped message="=== RUN   TestRejectLogPipelineCreation/files-content-required&#xA;    suite.go:313: Label filter expression: &#34;not experimental and not fluent-bit and set-c&#34;, test labels: [ logs misc set-b]&#xA;2026/04/06 00:37:37 evaluating test labels: [ logs misc set-b]&#xA;    suite.go:313: Test skipped: label filter &#39;not experimental and not fluent-bit and set-c&#39; not satisfied&#xA;--- SKIP: TestRejectLogPipelineCreation/files-content-required (0.00s)&#xA;"></skipped>
		</testcase>
		<testcase classname="github.com/kyma-project/telemetry-manager/test/e2e/logs/misc" name="TestRejectLogPipelineCreation/variables-valuefrom-required" time="0.000000">
			<skipped message="=== RUN   TestRejectLogPipelineCreation/variables-valuefrom-required&#xA;    suite.go:313: Label filter expression: &#34;not experimental and not fluent-bit and set-c&#34;, test labels: [ logs misc set-b]&#xA;2026/04/06 00:37:38 evaluating test labels: [ logs misc set-b]&#xA;    suite.go:313: Test skipped: label filter &#39;not experimental and not fluent-bit and set-c&#39; not satisfied&#xA;--- SKIP: TestRejectLogPipelineCreation/variables-valuefrom-required (0.00s)&#xA;"></skipped>
		</testcase>
		<testcase classname="github.com/kyma-project/telemetry-manager/test/e2e/logs/misc" name="TestRejectLogPipelineCreation/legacy-http-output-using-otlp-input" time="0.000000">
			<skipped message="=== RUN   TestRejectLogPipelineCreation/legacy-http-output-using-otlp-input&#xA;    suite.go:313: Label filter expression: &#34;not experimental and not fluent-bit and set-c&#34;, test labels: [ logs misc set-b]&#xA;2026/04/06 00:37:40 evaluating test labels: [ logs misc set-b]&#xA;    suite.go:313: Test skipped: label filter &#39;not experimental and not fluent-bit and set-c&#39; not satisfied&#xA;--- SKIP: TestRejectLogPipelineCreation/legacy-http-output-using-otlp-input (0.00s)&#xA;"></skipped>
		</testcase>
		<testcase classname="github.com/kyma-project/telemetry-manager/test/e2e/logs/misc" name="TestRejectLogPipelineCreation/legacy-custom-output-using-otlp-input" time="0.000000">
			<skipped message="=== RUN   TestRejectLogPipelineCreation/legacy-custom-output-using-otlp-input&#xA;    suite.go:313: Label filter expression: &#34;not experimental and not fluent-bit and set-c&#34;, test labels: [ logs misc set-a]&#xA;2026/04/06 00:37:40 evaluating test labels: [ logs misc set-a]&#xA;    suite.go:313: Test skipped: label filter &#39;not experimental and not fluent-bit and set-c&#39; not satisfied&#xA;--- SKIP: TestRejectLogPipelineCreation/legacy-custom-output-using-otlp-input (0.00s)&#xA;"></skipped>
		</testcase>
		<testcase classname="github.com/kyma-project/telemetry-manager/test/e2e/logs/misc" name="TestRejectLogPipelineCreation/legacy-filters-with-otlp-output" time="0.000000">
			<skipped message="=== RUN   TestRejectLogPipelineCreation/legacy-filters-with-otlp-output&#xA;    suite.go:313: Label filter expression: &#34;not experimental and not fluent-bit and set-c&#34;, test labels: [ logs misc set-a]&#xA;2026/04/06 00:37:45 evaluating test labels: [ logs misc set-a]&#xA;    suite.go:313: Test skipped: label filter &#39;not experimental and not fluent-bit and set-c&#39; not satisfied&#xA;--- SKIP: TestRejectLogPipelineCreation/legacy-filters-with-otlp-output (0.00s)&#xA;"></skipped>
		</testcase>
		<testcase classname="github.com/kyma-project/telemetry-manager/test/e2e/logs/misc" name="TestRejectLogPipelineCreation/legacy-variables-with-otlp-output" time="0.000000">
			<skipped message="=== RUN   TestRejectLogPipelineCreation/legacy-variables-with-otlp-output&#xA;    suite.go:313: Label filter expression: &#34;not experimental and not fluent-bit and set-c&#34;, test labels: [ logs misc set-a]&#xA;2026/04/06 00:37:45 evaluating test labels: [ logs misc set-a]&#xA;    suite.go:313: Test skipped: label filter &#39;not experimental and not fluent-bit and set-c&#39; not satisfied&#xA;--- SKIP: TestRejectLogPipelineCreation/legacy-variables-with-otlp-output (0.00s)&#xA;"></skipped>
		</testcase>
		<testcase classname="github.com/kyma-project/telemetry-manager/test/e2e/logs/misc" name="TestRejectLogPipelineCreation/legacy-filter-with-http-output" time="0.000000">
			<skipped message="=== RUN   TestRejectLogPipelineCreation/legacy-filter-with-http-output&#xA;    suite.go:313: Label filter expression: &#34;not experimental and not fluent-bit and set-c&#34;, test labels: [ logs misc set-a]&#xA;2026/04/06 00:37:47 evaluating test labels: [ logs misc set-a]&#xA;    suite.go:313: Test skipped: label filter &#39;not experimental and not fluent-bit and set-c&#39; not satisfied&#xA;--- SKIP: TestRejectLogPipelineCreation/legacy-filter-with-http-output (0.00s)&#xA;"></skipped>
		</testcase>
		<testcase classname="github.com/kyma-project/telemetry-manager/test/e2e/logs/misc" name="TestMTLSCertKeyDontMatch_OTel" time="3.510000"></testcase>
		<testcase classname="github.com/kyma-project/telemetry-manager/test/e2e/logs/misc" name="TestMTLSInvalidCert_OTel" time="2.580000"></testcase>
		<testcase classname="github.com/kyma-project/telemetry-manager/test/e2e/logs/misc" name="TestRejectLogPipelineCreation/valuefrom-accepts-only-one-option" time="1.660000"></testcase>
		<testcase classname="github.com/kyma-project/telemetry-manager/test/e2e/logs/misc" name="TestRejectLogPipelineCreation/otlp-output-with-default-proto-and-path" time="1.530000"></testcase>
		<testcase classname="github.com/kyma-project/telemetry-manager/test/e2e/logs/misc" name="TestRejectLogPipelineCreation/otlp-output-with-non-valid-proto" time="1.490000"></testcase>
		<testcase classname="github.com/kyma-project/telemetry-manager/test/e2e/logs/misc" name="TestRejectLogPipelineCreation/otlp-output-basic-auth-secretref-missing-password-key" time="1.540000"></testcase>
		<testcase classname="github.com/kyma-project/telemetry-manager/test/e2e/logs/misc" name="TestRejectLogPipelineCreation/otlp-output-basic-auth-secretref-missing-user-key" time="1.610000"></testcase>
		<testcase classname="github.com/kyma-project/telemetry-manager/test/e2e/logs/misc" name="TestRejectLogPipelineCreation/otlp-output-tls-missing-key" time="1.580000"></testcase>
		<testcase classname="github.com/kyma-project/telemetry-manager/test/e2e/logs/misc" name="TestRejectLogPipelineCreation/otlp-output-oauth2-invalid-token-url" time="1.670000"></testcase>
		<testcase classname="github.com/kyma-project/telemetry-manager/test/e2e/logs/misc" name="TestRejectLogPipelineCreation/otlp-output-oauth2-missing-client-id" time="1.680000"></testcase>
		<testcase classname="github.com/kyma-project/telemetry-manager/test/e2e/logs/misc" name="TestRejectLogPipelineCreation/otlp-input-namespaces-not-exclusive" time="1.710000"></testcase>
		<testcase classname="github.com/kyma-project/telemetry-manager/test/e2e/logs/misc" name="TestRejectLogPipelineCreation/otlp-input-namespaces-include-invalid" time="1.680000"></testcase>
		<testcase classname="github.com/kyma-project/telemetry-manager/test/e2e/logs/misc" name="TestRejectLogPipelineCreation/http-output-tls-missing-cert" time="1.710000"></testcase>
		<testcase classname="github.com/kyma-project/telemetry-manager/test/e2e/logs/misc" name="TestRejectLogPipelineCreation/http-output-uri-wrong-pattern" time="1.720000"></testcase>
		<testcase classname="github.com/kyma-project/telemetry-manager/test/e2e/logs/misc" name="TestRejectLogPipelineCreation/runtime-input-containers-not-exclusive" time="1.710000"></testcase>
		<testcase classname="github.com/kyma-project/telemetry-manager/test/e2e/logs/misc" name="TestRejectLogPipelineCreation/runtime-input-namespaces-include-invalid" time="1.660000"></testcase>
		<testcase classname="github.com/kyma-project/telemetry-manager/test/e2e/logs/misc" name="TestRejectLogPipelineCreation/files-name-required" time="1.690000"></testcase>
		<testcase classname="github.com/kyma-project/telemetry-manager/test/e2e/logs/misc" name="TestRejectLogPipelineCreation/variables-name-required" time="1.710000"></testcase>
		<testcase classname="github.com/kyma-project/telemetry-manager/test/e2e/logs/misc" name="TestRejectLogPipelineCreation/multiple-outputs" time="1.700000"></testcase>
		<testcase classname="github.com/kyma-project/telemetry-manager/test/e2e/logs/misc" name="TestRejectLogPipelineCreation/legacy-drop-labels-with-otlp-output" time="1.700000"></testcase>
		<testcase classname="github.com/kyma-project/telemetry-manager/test/e2e/logs/misc" name="TestRejectLogPipelineCreation/legacy-keep-annotations-with-otlp-output" time="1.680000"></testcase>
		<testcase classname="github.com/kyma-project/telemetry-manager/test/e2e/logs/misc" name="TestRejectLogPipelineCreation/legacy-files-with-otlp-output" time="1.670000"></testcase>
		<testcase classname="github.com/kyma-project/telemetry-manager/test/e2e/logs/misc" name="TestRejectLogPipelineCreation/legacy-transform-with-http-output" time="1.730000"></testcase>
		<testcase classname="github.com/kyma-project/telemetry-manager/test/e2e/logs/misc" name="TestRejectLogPipelineCreation" time="34.830000"></testcase>
		<testcase classname="github.com/kyma-project/telemetry-manager/test/e2e/logs/misc" name="TestTransformInvalid" time="1.680000"></testcase>
		<testcase classname="github.com/kyma-project/telemetry-manager/test/e2e/logs/misc" name="TestVersionConversion" time="1.750000"></testcase>
	</testsuite>
	<testsuite tests="100" failures="0" skipped="67" time="189.697000" name="github.com/kyma-project/telemetry-manager/test/e2e/logs/shared" timestamp="2026-04-06T00:37:52Z">
		<properties>
			<property name="go.version" value="go1.26.1 linux/amd64"></property>
		</properties>
		<testcase classname="github.com/kyma-project/telemetry-manager/test/e2e/logs/shared" name="TestMetricsEndpoint_OTel/log-agent" time="0.000000">
			<skipped message="=== RUN   TestMetricsEndpoint_OTel/log-agent&#xA;    suite.go:313: Label filter expression: &#34;not experimental and not fluent-bit and set-c&#34;, test labels: [log-agent set-b]&#xA;2026/04/06 00:37:52 evaluating test labels: [log-agent set-b]&#xA;    suite.go:313: Test skipped: label filter &#39;not experimental and not fluent-bit and set-c&#39; not satisfied&#xA;--- SKIP: TestMetricsEndpoint_OTel/log-agent (0.00s)&#xA;"></skipped>
		</testcase>
		<testcase classname="github.com/kyma-project/telemetry-manager/test/e2e/logs/shared" name="TestMetricsEndpoint_OTel/log-gateway-experimental" time="0.000000">
			<skipped message="=== RUN   TestMetricsEndpoint_OTel/log-gateway-experimental&#xA;    suite.go:313: Label filter expression: &#34;not experimental and not fluent-bit and set-c&#34;, test labels: [log-gateway experimental set-a]&#xA;2026/04/06 00:37:58 evaluating test labels: [log-gateway experimental set-a]&#xA;    suite.go:313: Test skipped: label filter &#39;not experimental and not fluent-bit and set-c&#39; not satisfied&#xA;--- SKIP: TestMetricsEndpoint_OTel/log-gateway-experimental (0.00s)&#xA;"></skipped>
		</testcase>
		<testcase classname="github.com/kyma-project/telemetry-manager/test/e2e/logs/shared" name="TestMetricsEndpoint_FluentBit" time="0.000000">
			<skipped message="=== RUN   TestMetricsEndpoint_FluentBit&#xA;    suite.go:313: Label filter expression: &#34;not experimental and not fluent-bit and set-c&#34;, test labels: [fluent-bit set-b]&#xA;2026/04/06 00:37:58 evaluating test labels: [fluent-bit set-b]&#xA;    suite.go:313: Test skipped: label filter &#39;not experimental and not fluent-bit and set-c&#39; not satisfied&#xA;--- SKIP: TestMetricsEndpoint_FluentBit (0.00s)&#xA;"></skipped>
		</testcase>
		<testcase classname="github.com/kyma-project/telemetry-manager/test/e2e/logs/shared" name="TestContainerSelector_OTel" time="0.000000">
			<skipped message="=== RUN   TestContainerSelector_OTel&#xA;    suite.go:313: Label filter expression: &#34;not experimental and not fluent-bit and set-c&#34;, test labels: [log-agent set-a]&#xA;2026/04/06 00:37:58 evaluating test labels: [log-agent set-a]&#xA;    suite.go:313: Test skipped: label filter &#39;not experimental and not fluent-bit and set-c&#39; not satisfied&#xA;--- SKIP: TestContainerSelector_OTel (0.00s)&#xA;"></skipped>
		</testcase>
		<testcase classname="github.com/kyma-project/telemetry-manager/test/e2e/logs/shared" name="TestContainerSelector_FluentBit" time="0.000000">
			<skipped message="=== RUN   TestContainerSelector_FluentBit&#xA;    suite.go:313: Label filter expression: &#34;not experimental and not fluent-bit and set-c&#34;, test labels: [fluent-bit set-c]&#xA;2026/04/06 00:37:58 evaluating test labels: [fluent-bit set-c]&#xA;    suite.go:313: Test skipped: label filter &#39;not experimental and not fluent-bit and set-c&#39; not satisfied&#xA;--- SKIP: TestContainerSelector_FluentBit (0.00s)&#xA;"></skipped>
		</testcase>
		<testcase classname="github.com/kyma-project/telemetry-manager/test/e2e/logs/shared" name="TestDisabledInput_OTel" time="0.000000">
			<skipped message="=== RUN   TestDisabledInput_OTel&#xA;    suite.go:313: Label filter expression: &#34;not experimental and not fluent-bit and set-c&#34;, test labels: [log-agent set-b]&#xA;2026/04/06 00:37:58 evaluating test labels: [log-agent set-b]&#xA;    suite.go:313: Test skipped: label filter &#39;not experimental and not fluent-bit and set-c&#39; not satisfied&#xA;--- SKIP: TestDisabledInput_OTel (0.00s)&#xA;"></skipped>
		</testcase>
		<testcase classname="github.com/kyma-project/telemetry-manager/test/e2e/logs/shared" name="TestDisabledInput_FluentBit" time="0.000000">
			<skipped message="=== RUN   TestDisabledInput_FluentBit&#xA;    suite.go:313: Label filter expression: &#34;not experimental and not fluent-bit and set-c&#34;, test labels: [fluent-bit set-b]&#xA;2026/04/06 00:37:58 evaluating test labels: [fluent-bit set-b]&#xA;    suite.go:313: Test skipped: label filter &#39;not experimental and not fluent-bit and set-c&#39; not satisfied&#xA;--- SKIP: TestDisabledInput_FluentBit (0.00s)&#xA;"></skipped>
		</testcase>
		<testcase classname="github.com/kyma-project/telemetry-manager/test/e2e/logs/shared" name="TestExtractLabels_OTel/log-agent" time="0.000000">
			<skipped message="=== RUN   TestExtractLabels_OTel/log-agent&#xA;    suite.go:313: Label filter expression: &#34;not experimental and not fluent-bit and set-c&#34;, test labels: [log-agent set-b]&#xA;2026/04/06 00:37:58 evaluating test labels: [log-agent set-b]&#xA;    suite.go:313: Test skipped: label filter &#39;not experimental and not fluent-bit and set-c&#39; not satisfied&#xA;--- SKIP: TestExtractLabels_OTel/log-agent (0.00s)&#xA;"></skipped>
		</testcase>
		<testcase classname="github.com/kyma-project/telemetry-manager/test/e2e/logs/shared" name="TestExtractLabels_OTel/log-gateway" time="0.000000">
			<skipped message="=== RUN   TestExtractLabels_OTel/log-gateway&#xA;    suite.go:313: Label filter expression: &#34;not experimental and not fluent-bit and set-c&#34;, test labels: [log-gateway set-a]&#xA;2026/04/06 00:37:58 evaluating test labels: [log-gateway set-a]&#xA;    suite.go:313: Test skipped: label filter &#39;not experimental and not fluent-bit and set-c&#39; not satisfied&#xA;--- SKIP: TestExtractLabels_OTel/log-gateway (0.00s)&#xA;"></skipped>
		</testcase>
		<testcase classname="github.com/kyma-project/telemetry-manager/test/e2e/logs/shared" name="TestExtractLabels_OTel/log-gateway-experimental" time="0.000000">
			<skipped message="=== RUN   TestExtractLabels_OTel/log-gateway-experimental&#xA;    suite.go:313: Label filter expression: &#34;not experimental and not fluent-bit and set-c&#34;, test labels: [log-gateway experimental set-a]&#xA;2026/04/06 00:37:58 evaluating test labels: [log-gateway experimental set-a]&#xA;    suite.go:313: Test skipped: label filter &#39;not experimental and not fluent-bit and set-c&#39; not satisfied&#xA;--- SKIP: TestExtractLabels_OTel/log-gateway-experimental (0.00s)&#xA;"></skipped>
		</testcase>
		<testcase classname="github.com/kyma-project/telemetry-manager/test/e2e/logs/shared" name="TestExtractLabels_FluentBit" time="0.000000">
			<skipped message="=== RUN   TestExtractLabels_FluentBit&#xA;    suite.go:313: Label filter expression: &#34;not experimental and not fluent-bit and set-c&#34;, test labels: [fluent-bit set-b]&#xA;2026/04/06 00:37:58 evaluating test labels: [fluent-bit set-b]&#xA;    suite.go:313: Test skipped: label filter &#39;not experimental and not fluent-bit and set-c&#39; not satisfied&#xA;--- SKIP: TestExtractLabels_FluentBit (0.00s)&#xA;"></skipped>
		</testcase>
		<testcase classname="github.com/kyma-project/telemetry-manager/test/e2e/logs/shared" name="TestFilter_OTel/log-gateway" time="0.000000">
			<skipped message="=== RUN   TestFilter_OTel/log-gateway&#xA;    suite.go:313: Label filter expression: &#34;not experimental and not fluent-bit and set-c&#34;, test labels: [log-gateway set-a]&#xA;2026/04/06 00:38:16 evaluating test labels: [log-gateway set-a]&#xA;    suite.go:313: Test skipped: label filter &#39;not experimental and not fluent-bit and set-c&#39; not satisfied&#xA;--- SKIP: TestFilter_OTel/log-gateway (0.00s)&#xA;"></skipped>
		</testcase>
		<testcase classname="github.com/kyma-project/telemetry-manager/test/e2e/logs/shared" name="TestFilter_OTel/log-gateway-experimental" time="0.000000">
			<skipped message="=== RUN   TestFilter_OTel/log-gateway-experimental&#xA;    suite.go:313: Label filter expression: &#34;not experimental and not fluent-bit and set-c&#34;, test labels: [log-gateway experimental set-c]&#xA;2026/04/06 00:38:16 evaluating test labels: [log-gateway experimental set-c]&#xA;    suite.go:313: Test skipped: label filter &#39;not experimental and not fluent-bit and set-c&#39; not satisfied&#xA;--- SKIP: TestFilter_OTel/log-gateway-experimental (0.00s)&#xA;"></skipped>
		</testcase>
		<testcase classname="github.com/kyma-project/telemetry-manager/test/e2e/logs/shared" name="TestKeepOriginalBody_FluentBit" time="0.000000">
			<skipped message="=== RUN   TestKeepOriginalBody_FluentBit&#xA;    suite.go:313: Label filter expression: &#34;not experimental and not fluent-bit and set-c&#34;, test labels: [fluent-bit set-c]&#xA;2026/04/06 00:38:28 evaluating test labels: [fluent-bit set-c]&#xA;    suite.go:313: Test skipped: label filter &#39;not experimental and not fluent-bit and set-c&#39; not satisfied&#xA;--- SKIP: TestKeepOriginalBody_FluentBit (0.00s)&#xA;"></skipped>
		</testcase>
		<testcase classname="github.com/kyma-project/telemetry-manager/test/e2e/logs/shared" name="TestMTLSAboutToExpireCert_OTel/log-gateway" time="0.000000">
			<skipped message="=== RUN   TestMTLSAboutToExpireCert_OTel/log-gateway&#xA;    suite.go:313: Label filter expression: &#34;not experimental and not fluent-bit and set-c&#34;, test labels: [log-gateway mtls set-b]&#xA;2026/04/06 00:38:37 evaluating test labels: [log-gateway mtls set-b]&#xA;    suite.go:313: Test skipped: label filter &#39;not experimental and not fluent-bit and set-c&#39; not satisfied&#xA;--- SKIP: TestMTLSAboutToExpireCert_OTel/log-gateway (0.00s)&#xA;"></skipped>
		</testcase>
		<testcase classname="github.com/kyma-project/telemetry-manager/test/e2e/logs/shared" name="TestMTLSAboutToExpireCert_OTel/log-gateway-experimental" time="0.000000">
			<skipped message="=== RUN   TestMTLSAboutToExpireCert_OTel/log-gateway-experimental&#xA;    suite.go:313: Label filter expression: &#34;not experimental and not fluent-bit and set-c&#34;, test labels: [log-gateway mtls experimental set-a]&#xA;2026/04/06 00:38:37 evaluating test labels: [log-gateway mtls experimental set-a]&#xA;    suite.go:313: Test skipped: label filter &#39;not experimental and not fluent-bit and set-c&#39; not satisfied&#xA;--- SKIP: TestMTLSAboutToExpireCert_OTel/log-gateway-experimental (0.00s)&#xA;"></skipped>
		</testcase>
		<testcase classname="github.com/kyma-project/telemetry-manager/test/e2e/logs/shared" name="TestMTLSAboutToExpireCert_FluentBit" time="0.000000">
			<skipped message="=== RUN   TestMTLSAboutToExpireCert_FluentBit&#xA;    suite.go:313: Label filter expression: &#34;not experimental and not fluent-bit and set-c&#34;, test labels: [fluent-bit set-b]&#xA;2026/04/06 00:38:37 evaluating test labels: [fluent-bit set-b]&#xA;    suite.go:313: Test skipped: label filter &#39;not experimental and not fluent-bit and set-c&#39; not satisfied&#xA;--- SKIP: TestMTLSAboutToExpireCert_FluentBit (0.00s)&#xA;"></skipped>
		</testcase>
		<testcase classname="github.com/kyma-project/telemetry-manager/test/e2e/logs/shared" name="TestMTLS_OTel/log-gateway" time="0.000000">
			<skipped message="=== RUN   TestMTLS_OTel/log-gateway&#xA;    suite.go:313: Label filter expression: &#34;not experimental and not fluent-bit and set-c&#34;, test labels: [log-gateway mtls set-b]&#xA;2026/04/06 00:38:44 evaluating test labels: [log-gateway mtls set-b]&#xA;    suite.go:313: Test skipped: label filter &#39;not experimental and not fluent-bit and set-c&#39; not satisfied&#xA;--- SKIP: TestMTLS_OTel/log-gateway (0.00s)&#xA;"></skipped>
		</testcase>
		<testcase classname="github.com/kyma-project/telemetry-manager/test/e2e/logs/shared" name="TestMTLS_OTel/log-gateway-experimental" time="0.000000">
			<skipped message="=== RUN   TestMTLS_OTel/log-gateway-experimental&#xA;    suite.go:313: Label filter expression: &#34;not experimental and not fluent-bit and set-c&#34;, test labels: [log-gateway mtls experimental set-b]&#xA;2026/04/06 00:38:44 evaluating test labels: [log-gateway mtls experimental set-b]&#xA;    suite.go:313: Test skipped: label filter &#39;not experimental and not fluent-bit and set-c&#39; not satisfied&#xA;--- SKIP: TestMTLS_OTel/log-gateway-experimental (0.00s)&#xA;"></skipped>
		</testcase>
		<testcase classname="github.com/kyma-project/telemetry-manager/test/e2e/logs/shared" name="TestMTLS_FluentBit" time="0.000000">
			<skipped message="=== RUN   TestMTLS_FluentBit&#xA;    suite.go:313: Label filter expression: &#34;not experimental and not fluent-bit and set-c&#34;, test labels: [fluent-bit set-c]&#xA;2026/04/06 00:38:44 evaluating test labels: [fluent-bit set-c]&#xA;    suite.go:313: Test skipped: label filter &#39;not experimental and not fluent-bit and set-c&#39; not satisfied&#xA;--- SKIP: TestMTLS_FluentBit (0.00s)&#xA;"></skipped>
		</testcase>
		<testcase classname="github.com/kyma-project/telemetry-manager/test/e2e/logs/shared" name="TestMultiPipelineBroken_OTel/log-agent" time="0.000000">
			<skipped message="=== RUN   TestMultiPipelineBroken_OTel/log-agent&#xA;    suite.go:313: Label filter expression: &#34;not experimental and not fluent-bit and set-c&#34;, test labels: [log-agent set-a]&#xA;2026/04/06 00:38:44 evaluating test labels: [log-agent set-a]&#xA;    suite.go:313: Test skipped: label filter &#39;not experimental and not fluent-bit and set-c&#39; not satisfied&#xA;--- SKIP: TestMultiPipelineBroken_OTel/log-agent (0.00s)&#xA;"></skipped>
		</testcase>
		<testcase classname="github.com/kyma-project/telemetry-manager/test/e2e/logs/shared" name="TestMultiPipelineBroken_OTel/log-gateway" time="0.000000">
			<skipped message="=== RUN   TestMultiPipelineBroken_OTel/log-gateway&#xA;    suite.go:313: Label filter expression: &#34;not experimental and not fluent-bit and set-c&#34;, test labels: [log-gateway set-b]&#xA;2026/04/06 00:38:44 evaluating test labels: [log-gateway set-b]&#xA;    suite.go:313: Test skipped: label filter &#39;not experimental and not fluent-bit and set-c&#39; not satisfied&#xA;--- SKIP: TestMultiPipelineBroken_OTel/log-gateway (0.00s)&#xA;"></skipped>
		</testcase>
		<testcase classname="github.com/kyma-project/telemetry-manager/test/e2e/logs/shared" name="TestMultiPipelineBroken_OTel/log-gateway-experimental" time="0.000000">
			<skipped message="=== RUN   TestMultiPipelineBroken_OTel/log-gateway-experimental&#xA;    suite.go:313: Label filter expression: &#34;not experimental and not fluent-bit and set-c&#34;, test labels: [log-gateway experimental set-a]&#xA;2026/04/06 00:38:44 evaluating test labels: [log-gateway experimental set-a]&#xA;    suite.go:313: Test skipped: label filter &#39;not experimental and not fluent-bit and set-c&#39; not satisfied&#xA;--- SKIP: TestMultiPipelineBroken_OTel/log-gateway-experimental (0.00s)&#xA;"></skipped>
		</testcase>
		<testcase classname="github.com/kyma-project/telemetry-manager/test/e2e/logs/shared" name="TestMultiPipelineBroken_FluentBit" time="0.000000">
			<skipped message="=== RUN   TestMultiPipelineBroken_FluentBit&#xA;    suite.go:313: Label filter expression: &#34;not experimental and not fluent-bit and set-c&#34;, test labels: [fluent-bit set-b]&#xA;2026/04/06 00:38:44 evaluating test labels: [fluent-bit set-b]&#xA;    suite.go:313: Test skipped: label filter &#39;not experimental and not fluent-bit and set-c&#39; not satisfied&#xA;--- SKIP: TestMultiPipelineBroken_FluentBit (0.00s)&#xA;"></skipped>
		</testcase>
		<testcase classname="github.com/kyma-project/telemetry-manager/test/e2e/logs/shared" name="TestMultiPipelineFanout_OTel/log-agent" time="0.000000">
			<skipped message="=== RUN   TestMultiPipelineFanout_OTel/log-agent&#xA;    suite.go:313: Label filter expression: &#34;not experimental and not fluent-bit and set-c&#34;, test labels: [log-agent set-b]&#xA;2026/04/06 00:38:44 evaluating test labels: [log-agent set-b]&#xA;    suite.go:313: Test skipped: label filter &#39;not experimental and not fluent-bit and set-c&#39; not satisfied&#xA;--- SKIP: TestMultiPipelineFanout_OTel/log-agent (0.00s)&#xA;"></skipped>
		</testcase>
		<testcase classname="github.com/kyma-project/telemetry-manager/test/e2e/logs/shared" name="TestMultiPipelineFanout_OTel/log-gateway" time="0.000000">
			<skipped message="=== RUN   TestMultiPipelineFanout_OTel/log-gateway&#xA;    suite.go:313: Label filter expression: &#34;not experimental and not fluent-bit and set-c&#34;, test labels: [log-gateway set-b]&#xA;2026/04/06 00:38:44 evaluating test labels: [log-gateway set-b]&#xA;    suite.go:313: Test skipped: label filter &#39;not experimental and not fluent-bit and set-c&#39; not satisfied&#xA;--- SKIP: TestMultiPipelineFanout_OTel/log-gateway (0.00s)&#xA;"></skipped>
		</testcase>
		<testcase classname="github.com/kyma-project/telemetry-manager/test/e2e/logs/shared" name="TestMultiPipelineFanout_OTel/log-gateway-experimental" time="0.000000">
			<skipped message="=== RUN   TestMultiPipelineFanout_OTel/log-gateway-experimental&#xA;    suite.go:313: Label filter expression: &#34;not experimental and not fluent-bit and set-c&#34;, test labels: [log-gateway experimental set-b]&#xA;2026/04/06 00:38:44 evaluating test labels: [log-gateway experimental set-b]&#xA;    suite.go:313: Test skipped: label filter &#39;not experimental and not fluent-bit and set-c&#39; not satisfied&#xA;--- SKIP: TestMultiPipelineFanout_OTel/log-gateway-experimental (0.00s)&#xA;"></skipped>
		</testcase>
		<testcase classname="github.com/kyma-project/telemetry-manager/test/e2e/logs/shared" name="TestMultiPipelineFanout_FluentBit" time="0.000000">
			<skipped message="=== RUN   TestMultiPipelineFanout_FluentBit&#xA;    suite.go:313: Label filter expression: &#34;not experimental and not fluent-bit and set-c&#34;, test labels: [fluent-bit set-a]&#xA;2026/04/06 00:38:44 evaluating test labels: [fluent-bit set-a]&#xA;    suite.go:313: Test skipped: label filter &#39;not experimental and not fluent-bit and set-c&#39; not satisfied&#xA;--- SKIP: TestMultiPipelineFanout_FluentBit (0.00s)&#xA;"></skipped>
		</testcase>
		<testcase classname="github.com/kyma-project/telemetry-manager/test/e2e/logs/shared" name="TestMultiPipelineMaxPipeline" time="0.000000">
			<skipped message="=== RUN   TestMultiPipelineMaxPipeline&#xA;    suite.go:313: Label filter expression: &#34;not experimental and not fluent-bit and set-c&#34;, test labels: [logs max-pipeline set-a]&#xA;2026/04/06 00:38:44 evaluating test labels: [logs max-pipeline set-a]&#xA;    suite.go:313: Test skipped: label filter &#39;not experimental and not fluent-bit and set-c&#39; not satisfied&#xA;--- SKIP: TestMultiPipelineMaxPipeline (0.00s)&#xA;"></skipped>
		</testcase>
		<testcase classname="github.com/kyma-project/telemetry-manager/test/e2e/logs/shared" name="TestMultiPipelineMaxPipeline_OTel/max-pipeline-limit" time="0.000000">
			<skipped message="=== RUN   TestMultiPipelineMaxPipeline_OTel/max-pipeline-limit&#xA;    suite.go:313: Label filter expression: &#34;not experimental and not fluent-bit and set-c&#34;, test labels: [logs otel max-pipeline set-b]&#xA;2026/04/06 00:38:44 evaluating test labels: [logs otel max-pipeline set-b]&#xA;    suite.go:313: Test skipped: label filter &#39;not experimental and not fluent-bit and set-c&#39; not satisfied&#xA;--- SKIP: TestMultiPipelineMaxPipeline_OTel/max-pipeline-limit (0.00s)&#xA;"></skipped>
		</testcase>
		<testcase classname="github.com/kyma-project/telemetry-manager/test/e2e/logs/shared" name="TestMultiPipelineMaxPipeline_OTel/unlimited-pipelines-experimental" time="0.000000">
			<skipped message="=== RUN   TestMultiPipelineMaxPipeline_OTel/unlimited-pipelines-experimental&#xA;    suite.go:313: Label filter expression: &#34;not experimental and not fluent-bit and set-c&#34;, test labels: [logs otel max-pipeline experimental set-c]&#xA;2026/04/06 00:38:44 evaluating test labels: [logs otel max-pipeline experimental set-c]&#xA;    suite.go:313: Test skipped: label filter &#39;not experimental and not fluent-bit and set-c&#39; not satisfied&#xA;--- SKIP: TestMultiPipelineMaxPipeline_OTel/unlimited-pipelines-experimental (0.00s)&#xA;"></skipped>
		</testcase>
		<testcase classname="github.com/kyma-project/telemetry-manager/test/e2e/logs/shared" name="TestMultiPipelineMaxPipeline_FluentBit" time="0.000000">
			<skipped message="=== RUN   TestMultiPipelineMaxPipeline_FluentBit&#xA;    suite.go:313: Label filter expression: &#34;not experimental and not fluent-bit and set-c&#34;, test labels: [logs fluent-bit max-pipeline set-c]&#xA;2026/04/06 00:38:44 evaluating test labels: [logs fluent-bit max-pipeline set-c]&#xA;    suite.go:313: Test skipped: label filter &#39;not experimental and not fluent-bit and set-c&#39; not satisfied&#xA;--- SKIP: TestMultiPipelineMaxPipeline_FluentBit (0.00s)&#xA;"></skipped>
		</testcase>
		<testcase classname="github.com/kyma-project/telemetry-manager/test/e2e/logs/shared" name="TestNamespaceSelector_OTel/log-agent" time="0.000000">
			<skipped message="=== RUN   TestNamespaceSelector_OTel/log-agent&#xA;    suite.go:313: Label filter expression: &#34;not experimental and not fluent-bit and set-c&#34;, test labels: [log-agent set-a]&#xA;2026/04/06 00:38:44 evaluating test labels: [log-agent set-a]&#xA;    suite.go:313: Test skipped: label filter &#39;not experimental and not fluent-bit and set-c&#39; not satisfied&#xA;--- SKIP: TestNamespaceSelector_OTel/log-agent (0.00s)&#xA;"></skipped>
		</testcase>
		<testcase classname="github.com/kyma-project/telemetry-manager/test/e2e/logs/shared" name="TestNamespaceSelector_OTel/log-gateway-experimental" time="0.000000">
			<skipped message="=== RUN   TestNamespaceSelector_OTel/log-gateway-experimental&#xA;    suite.go:313: Label filter expression: &#34;not experimental and not fluent-bit and set-c&#34;, test labels: [log-gateway experimental set-b]&#xA;2026/04/06 00:39:13 evaluating test labels: [log-gateway experimental set-b]&#xA;    suite.go:313: Test skipped: label filter &#39;not experimental and not fluent-bit and set-c&#39; not satisfied&#xA;--- SKIP: TestNamespaceSelector_OTel/log-gateway-experimental (0.00s)&#xA;"></skipped>
		</testcase>
		<testcase classname="github.com/kyma-project/telemetry-manager/test/e2e/logs/shared" name="TestNamespaceSelector_FluentBit" time="0.000000">
			<skipped message="=== RUN   TestNamespaceSelector_FluentBit&#xA;    suite.go:313: Label filter expression: &#34;not experimental and not fluent-bit and set-c&#34;, test labels: [fluent-bit set-c]&#xA;2026/04/06 00:39:13 evaluating test labels: [fluent-bit set-c]&#xA;    suite.go:313: Test skipped: label filter &#39;not experimental and not fluent-bit and set-c&#39; not satisfied&#xA;--- SKIP: TestNamespaceSelector_FluentBit (0.00s)&#xA;"></skipped>
		</testcase>
		<testcase classname="github.com/kyma-project/telemetry-manager/test/e2e/logs/shared" name="TestOAuth2/log-agent" time="0.000000">
			<skipped message="=== RUN   TestOAuth2/log-agent&#xA;    suite.go:313: Label filter expression: &#34;not experimental and not fluent-bit and set-c&#34;, test labels: [log-agent oauth2 set-b]&#xA;2026/04/06 00:39:13 evaluating test labels: [log-agent oauth2 set-b]&#xA;    suite.go:313: Test skipped: label filter &#39;not experimental and not fluent-bit and set-c&#39; not satisfied&#xA;--- SKIP: TestOAuth2/log-agent (0.00s)&#xA;"></skipped>
		</testcase>
		<testcase classname="github.com/kyma-project/telemetry-manager/test/e2e/logs/shared" name="TestOAuth2/log-gateway" time="0.000000">
			<skipped message="=== RUN   TestOAuth2/log-gateway&#xA;    suite.go:313: Label filter expression: &#34;not experimental and not fluent-bit and set-c&#34;, test labels: [log-gateway oauth2 set-b]&#xA;2026/04/06 00:39:13 evaluating test labels: [log-gateway oauth2 set-b]&#xA;    suite.go:313: Test skipped: label filter &#39;not experimental and not fluent-bit and set-c&#39; not satisfied&#xA;--- SKIP: TestOAuth2/log-gateway (0.00s)&#xA;"></skipped>
		</testcase>
		<testcase classname="github.com/kyma-project/telemetry-manager/test/e2e/logs/shared" name="TestOAuth2/log-agent-oauth2" time="0.000000">
			<skipped message="=== RUN   TestOAuth2/log-agent-oauth2&#xA;    suite.go:313: Label filter expression: &#34;not experimental and not fluent-bit and set-c&#34;, test labels: [log-gateway oauth2 experimental set-a]&#xA;2026/04/06 00:39:13 evaluating test labels: [log-gateway oauth2 experimental set-a]&#xA;    suite.go:313: Test skipped: label filter &#39;not experimental and not fluent-bit and set-c&#39; not satisfied&#xA;--- SKIP: TestOAuth2/log-agent-oauth2 (0.00s)&#xA;"></skipped>
		</testcase>
		<testcase classname="github.com/kyma-project/telemetry-manager/test/e2e/logs/shared" name="TestObservedTime_OTel/log-agent" time="0.000000">
			<skipped message="=== RUN   TestObservedTime_OTel/log-agent&#xA;    suite.go:313: Label filter expression: &#34;not experimental and not fluent-bit and set-c&#34;, test labels: [log-agent set-a]&#xA;2026/04/06 00:39:13 evaluating test labels: [log-agent set-a]&#xA;    suite.go:313: Test skipped: label filter &#39;not experimental and not fluent-bit and set-c&#39; not satisfied&#xA;--- SKIP: TestObservedTime_OTel/log-agent (0.00s)&#xA;"></skipped>
		</testcase>
		<testcase classname="github.com/kyma-project/telemetry-manager/test/e2e/logs/shared" name="TestObservedTime_OTel/log-gateway" time="0.000000">
			<skipped message="=== RUN   TestObservedTime_OTel/log-gateway&#xA;    suite.go:313: Label filter expression: &#34;not experimental and not fluent-bit and set-c&#34;, test labels: [log-gateway set-b]&#xA;2026/04/06 00:39:13 evaluating test labels: [log-gateway set-b]&#xA;    suite.go:313: Test skipped: label filter &#39;not experimental and not fluent-bit and set-c&#39; not satisfied&#xA;--- SKIP: TestObservedTime_OTel/log-gateway (0.00s)&#xA;"></skipped>
		</testcase>
		<testcase classname="github.com/kyma-project/telemetry-manager/test/e2e/logs/shared" name="TestObservedTime_OTel/log-gateway-experimental" time="0.000000">
			<skipped message="=== RUN   TestObservedTime_OTel/log-gateway-experimental&#xA;    suite.go:313: Label filter expression: &#34;not experimental and not fluent-bit and set-c&#34;, test labels: [log-gateway experimental set-c]&#xA;2026/04/06 00:39:13 evaluating test labels: [log-gateway experimental set-c]&#xA;    suite.go:313: Test skipped: label filter &#39;not experimental and not fluent-bit and set-c&#39; not satisfied&#xA;--- SKIP: TestObservedTime_OTel/log-gateway-experimental (0.00s)&#xA;"></skipped>
		</testcase>
		<testcase classname="github.com/kyma-project/telemetry-manager/test/e2e/logs/shared" name="TestResources_OTel" time="0.000000">
			<skipped message="=== RUN   TestResources_OTel&#xA;    suite.go:313: Label filter expression: &#34;not experimental and not fluent-bit and set-c&#34;, test labels: [logs otel set-a]&#xA;2026/04/06 00:39:13 evaluating test labels: [logs otel set-a]&#xA;    suite.go:313: Test skipped: label filter &#39;not experimental and not fluent-bit and set-c&#39; not satisfied&#xA;--- SKIP: TestResources_OTel (0.00s)&#xA;"></skipped>
		</testcase>
		<testcase classname="github.com/kyma-project/telemetry-manager/test/e2e/logs/shared" name="TestResources_FluentBit" time="0.000000">
			<skipped message="=== RUN   TestResources_FluentBit&#xA;    suite.go:313: Label filter expression: &#34;not experimental and not fluent-bit and set-c&#34;, test labels: [logs fluent-bit set-a]&#xA;2026/04/06 00:39:13 evaluating test labels: [logs fluent-bit set-a]&#xA;    suite.go:313: Test skipped: label filter &#39;not experimental and not fluent-bit and set-c&#39; not satisfied&#xA;--- SKIP: TestResources_FluentBit (0.00s)&#xA;"></skipped>
		</testcase>
		<testcase classname="github.com/kyma-project/telemetry-manager/test/e2e/logs/shared" name="TestSecretMissing_OTel/log-gateway-experimental" time="0.000000">
			<skipped message="=== RUN   TestSecretMissing_OTel/log-gateway-experimental&#xA;    suite.go:313: Label filter expression: &#34;not experimental and not fluent-bit and set-c&#34;, test labels: [log-gateway experimental set-a]&#xA;2026/04/06 00:39:21 evaluating test labels: [log-gateway experimental set-a]&#xA;    suite.go:313: Test skipped: label filter &#39;not experimental and not fluent-bit and set-c&#39; not satisfied&#xA;--- SKIP: TestSecretMissing_OTel/log-gateway-experimental (0.00s)&#xA;"></skipped>
		</testcase>
		<testcase classname="github.com/kyma-project/telemetry-manager/test/e2e/logs/shared" name="TestSecretMissing_FluentBit" time="0.000000">
			<skipped message="=== RUN   TestSecretMissing_FluentBit&#xA;    suite.go:313: Label filter expression: &#34;not experimental and not fluent-bit and set-c&#34;, test labels: [fluent-bit set-c]&#xA;2026/04/06 00:39:21 evaluating test labels: [fluent-bit set-c]&#xA;    suite.go:313: Test skipped: label filter &#39;not experimental and not fluent-bit and set-c&#39; not satisfied&#xA;--- SKIP: TestSecretMissing_FluentBit (0.00s)&#xA;"></skipped>
		</testcase>
		<testcase classname="github.com/kyma-project/telemetry-manager/test/e2e/logs/shared" name="TestSecretRotation_OTel/log-agent" time="0.000000">
			<skipped message="=== RUN   TestSecretRotation_OTel/log-agent&#xA;    suite.go:313: Label filter expression: &#34;not experimental and not fluent-bit and set-c&#34;, test labels: [log-agent set-a]&#xA;2026/04/06 00:39:21 evaluating test labels: [log-agent set-a]&#xA;    suite.go:313: Test skipped: label filter &#39;not experimental and not fluent-bit and set-c&#39; not satisfied&#xA;--- SKIP: TestSecretRotation_OTel/log-agent (0.00s)&#xA;"></skipped>
		</testcase>
		<testcase classname="github.com/kyma-project/telemetry-manager/test/e2e/logs/shared" name="TestSecretRotation_OTel/log-gateway" time="0.000000">
			<skipped message="=== RUN   TestSecretRotation_OTel/log-gateway&#xA;    suite.go:313: Label filter expression: &#34;not experimental and not fluent-bit and set-c&#34;, test labels: [log-gateway set-b]&#xA;2026/04/06 00:39:21 evaluating test labels: [log-gateway set-b]&#xA;    suite.go:313: Test skipped: label filter &#39;not experimental and not fluent-bit and set-c&#39; not satisfied&#xA;--- SKIP: TestSecretRotation_OTel/log-gateway (0.00s)&#xA;"></skipped>
		</testcase>
		<testcase classname="github.com/kyma-project/telemetry-manager/test/e2e/logs/shared" name="TestSecretRotation_OTel/log-gateway-experimental" time="0.000000">
			<skipped message="=== RUN   TestSecretRotation_OTel/log-gateway-experimental&#xA;    suite.go:313: Label filter expression: &#34;not experimental and not fluent-bit and set-c&#34;, test labels: [log-gateway experimental set-b]&#xA;2026/04/06 00:39:21 evaluating test labels: [log-gateway experimental set-b]&#xA;    suite.go:313: Test skipped: label filter &#39;not experimental and not fluent-bit and set-c&#39; not satisfied&#xA;--- SKIP: TestSecretRotation_OTel/log-gateway-experimental (0.00s)&#xA;"></skipped>
		</testcase>
		<testcase classname="github.com/kyma-project/telemetry-manager/test/e2e/logs/shared" name="TestSecretRotation_FluentBit" time="0.000000">
			<skipped message="=== RUN   TestSecretRotation_FluentBit&#xA;    suite.go:313: Label filter expression: &#34;not experimental and not fluent-bit and set-c&#34;, test labels: [fluent-bit set-c]&#xA;2026/04/06 00:39:21 evaluating test labels: [fluent-bit set-c]&#xA;    suite.go:313: Test skipped: label filter &#39;not experimental and not fluent-bit and set-c&#39; not satisfied&#xA;--- SKIP: TestSecretRotation_FluentBit (0.00s)&#xA;"></skipped>
		</testcase>
		<testcase classname="github.com/kyma-project/telemetry-manager/test/e2e/logs/shared" name="TestServiceName_OTel/log-agent" time="0.000000">
			<skipped message="=== RUN   TestServiceName_OTel/log-agent&#xA;    suite.go:313: Label filter expression: &#34;not experimental and not fluent-bit and set-c&#34;, test labels: [log-agent set-a]&#xA;2026/04/06 00:40:06 evaluating test labels: [log-agent set-a]&#xA;    suite.go:313: Test skipped: label filter &#39;not experimental and not fluent-bit and set-c&#39; not satisfied&#xA;--- SKIP: TestServiceName_OTel/log-agent (0.00s)&#xA;"></skipped>
		</testcase>
		<testcase classname="github.com/kyma-project/telemetry-manager/test/e2e/logs/shared" name="TestServiceName_OTel/log-gateway" time="0.000000">
			<skipped message="=== RUN   TestServiceName_OTel/log-gateway&#xA;    suite.go:313: Label filter expression: &#34;not experimental and not fluent-bit and set-c&#34;, test labels: [log-gateway set-b]&#xA;2026/04/06 00:40:06 evaluating test labels: [log-gateway set-b]&#xA;    suite.go:313: Test skipped: label filter &#39;not experimental and not fluent-bit and set-c&#39; not satisfied&#xA;--- SKIP: TestServiceName_OTel/log-gateway (0.00s)&#xA;"></skipped>
		</testcase>
		<testcase classname="github.com/kyma-project/telemetry-manager/test/e2e/logs/shared" name="TestServiceName_OTel/log-gateway-experimental" time="0.000000">
			<skipped message="=== RUN   TestServiceName_OTel/log-gateway-experimental&#xA;    suite.go:313: Label filter expression: &#34;not experimental and not fluent-bit and set-c&#34;, test labels: [log-gateway experimental set-c]&#xA;2026/04/06 00:40:06 evaluating test labels: [log-gateway experimental set-c]&#xA;    suite.go:313: Test skipped: label filter &#39;not experimental and not fluent-bit and set-c&#39; not satisfied&#xA;--- SKIP: TestServiceName_OTel/log-gateway-experimental (0.00s)&#xA;"></skipped>
		</testcase>
		<testcase classname="github.com/kyma-project/telemetry-manager/test/e2e/logs/shared" name="TestSinglePipeline_OTel/log-agent/http" time="0.000000">
			<skipped message="=== RUN   TestSinglePipeline_OTel/log-agent/http&#xA;    suite.go:313: Label filter expression: &#34;not experimental and not fluent-bit and set-c&#34;, test labels: [log-agent set-b]&#xA;2026/04/06 00:40:13 evaluating test labels: [log-agent set-b]&#xA;    suite.go:313: Test skipped: label filter &#39;not experimental and not fluent-bit and set-c&#39; not satisfied&#xA;--- SKIP: TestSinglePipeline_OTel/log-agent/http (0.00s)&#xA;"></skipped>
		</testcase>
		<testcase classname="github.com/kyma-project/telemetry-manager/test/e2e/logs/shared" name="TestSinglePipeline_OTel/log-gateway/http" time="0.000000">
			<skipped message="=== RUN   TestSinglePipeline_OTel/log-gateway/http&#xA;    suite.go:313: Label filter expression: &#34;not experimental and not fluent-bit and set-c&#34;, test labels: [log-gateway set-a]&#xA;2026/04/06 00:40:29 evaluating test labels: [log-gateway set-a]&#xA;    suite.go:313: Test skipped: label filter &#39;not experimental and not fluent-bit and set-c&#39; not satisfied&#xA;--- SKIP: TestSinglePipeline_OTel/log-gateway/http (0.00s)&#xA;"></skipped>
		</testcase>
		<testcase classname="github.com/kyma-project/telemetry-manager/test/e2e/logs/shared" name="TestSinglePipeline_OTel/log-gateway-experimental/grpc" time="0.000000">
			<skipped message="=== RUN   TestSinglePipeline_OTel/log-gateway-experimental/grpc&#xA;    suite.go:313: Label filter expression: &#34;not experimental and not fluent-bit and set-c&#34;, test labels: [log-gateway experimental set-c]&#xA;2026/04/06 00:40:29 evaluating test labels: [log-gateway experimental set-c]&#xA;    suite.go:313: Test skipped: label filter &#39;not experimental and not fluent-bit and set-c&#39; not satisfied&#xA;--- SKIP: TestSinglePipeline_OTel/log-gateway-experimental/grpc (0.00s)&#xA;"></skipped>
		</testcase>
		<testcase classname="github.com/kyma-project/telemetry-manager/test/e2e/logs/shared" name="TestSinglePipeline_OTel/log-gateway-experimental/http" time="0.000000">
			<skipped message="=== RUN   TestSinglePipeline_OTel/log-gateway-experimental/http&#xA;    suite.go:313: Label filter expression: &#34;not experimental and not fluent-bit and set-c&#34;, test labels: [log-gateway experimental set-c]&#xA;2026/04/06 00:40:29 evaluating test labels: [log-gateway experimental set-c]&#xA;    suite.go:313: Test skipped: label filter &#39;not experimental and not fluent-bit and set-c&#39; not satisfied&#xA;--- SKIP: TestSinglePipeline_OTel/log-gateway-experimental/http (0.00s)&#xA;"></skipped>
		</testcase>
		<testcase classname="github.com/kyma-project/telemetry-manager/test/e2e/logs/shared" name="TestSinglePipeline_FluentBit" time="0.000000">
			<skipped message="=== RUN   TestSinglePipeline_FluentBit&#xA;    suite.go:313: Label filter expression: &#34;not experimental and not fluent-bit and set-c&#34;, test labels: [fluent-bit set-b]&#xA;2026/04/06 00:40:29 evaluating test labels: [fluent-bit set-b]&#xA;    suite.go:313: Test skipped: label filter &#39;not experimental and not fluent-bit and set-c&#39; not satisfied&#xA;--- SKIP: TestSinglePipeline_FluentBit (0.00s)&#xA;"></skipped>
		</testcase>
		<testcase classname="github.com/kyma-project/telemetry-manager/test/e2e/logs/shared" name="TestSinglePipelineV1Alpha1_OTel/log-gateway" time="0.000000">
			<skipped message="=== RUN   TestSinglePipelineV1Alpha1_OTel/log-gateway&#xA;    suite.go:313: Label filter expression: &#34;not experimental and not fluent-bit and set-c&#34;, test labels: [log-gateway set-b]&#xA;2026/04/06 00:40:37 evaluating test labels: [log-gateway set-b]&#xA;    suite.go:313: Test skipped: label filter &#39;not experimental and not fluent-bit and set-c&#39; not satisfied&#xA;--- SKIP: TestSinglePipelineV1Alpha1_OTel/log-gateway (0.00s)&#xA;"></skipped>
		</testcase>
		<testcase classname="github.com/kyma-project/telemetry-manager/test/e2e/logs/shared" name="TestSinglePipelineV1Alpha1_OTel/log-gateway-experimental" time="0.000000">
			<skipped message="=== RUN   TestSinglePipelineV1Alpha1_OTel/log-gateway-experimental&#xA;    suite.go:313: Label filter expression: &#34;not experimental and not fluent-bit and set-c&#34;, test labels: [log-gateway experimental set-b]&#xA;2026/04/06 00:40:37 evaluating test labels: [log-gateway experimental set-b]&#xA;    suite.go:313: Test skipped: label filter &#39;not experimental and not fluent-bit and set-c&#39; not satisfied&#xA;--- SKIP: TestSinglePipelineV1Alpha1_OTel/log-gateway-experimental (0.00s)&#xA;"></skipped>
		</testcase>
		<testcase classname="github.com/kyma-project/telemetry-manager/test/e2e/logs/shared" name="TestSinglePipelineV1Alpha1_FluentBit" time="0.000000">
			<skipped message="=== RUN   TestSinglePipelineV1Alpha1_FluentBit&#xA;    suite.go:313: Label filter expression: &#34;not experimental and not fluent-bit and set-c&#34;, test labels: [fluent-bit set-c]&#xA;2026/04/06 00:40:37 evaluating test labels: [fluent-bit set-c]&#xA;    suite.go:313: Test skipped: label filter &#39;not experimental and not fluent-bit and set-c&#39; not satisfied&#xA;--- SKIP: TestSinglePipelineV1Alpha1_FluentBit (0.00s)&#xA;"></skipped>
		</testcase>
		<testcase classname="github.com/kyma-project/telemetry-manager/test/e2e/logs/shared" name="TestTransform_OTel/log-agent" time="0.000000">
			<skipped message="=== RUN   TestTransform_OTel/log-agent&#xA;    suite.go:313: Label filter expression: &#34;not experimental and not fluent-bit and set-c&#34;, test labels: [log-agent set-a]&#xA;2026/04/06 00:40:37 evaluating test labels: [log-agent set-a]&#xA;    suite.go:313: Test skipped: label filter &#39;not experimental and not fluent-bit and set-c&#39; not satisfied&#xA;--- SKIP: TestTransform_OTel/log-agent (0.00s)&#xA;"></skipped>
		</testcase>
		<testcase classname="github.com/kyma-project/telemetry-manager/test/e2e/logs/shared" name="TestTransform_OTel/log-agent#01" time="0.000000">
			<skipped message="=== RUN   TestTransform_OTel/log-agent#01&#xA;    suite.go:313: Label filter expression: &#34;not experimental and not fluent-bit and set-c&#34;, test labels: [log-agent set-a]&#xA;2026/04/06 00:40:37 evaluating test labels: [log-agent set-a]&#xA;    suite.go:313: Test skipped: label filter &#39;not experimental and not fluent-bit and set-c&#39; not satisfied&#xA;--- SKIP: TestTransform_OTel/log-agent#01 (0.00s)&#xA;"></skipped>
		</testcase>
		<testcase classname="github.com/kyma-project/telemetry-manager/test/e2e/logs/shared" name="TestTransform_OTel/log-gateway" time="0.000000">
			<skipped message="=== RUN   TestTransform_OTel/log-gateway&#xA;    suite.go:313: Label filter expression: &#34;not experimental and not fluent-bit and set-c&#34;, test labels: [log-gateway set-b]&#xA;2026/04/06 00:40:45 evaluating test labels: [log-gateway set-b]&#xA;    suite.go:313: Test skipped: label filter &#39;not experimental and not fluent-bit and set-c&#39; not satisfied&#xA;--- SKIP: TestTransform_OTel/log-gateway (0.00s)&#xA;"></skipped>
		</testcase>
		<testcase classname="github.com/kyma-project/telemetry-manager/test/e2e/logs/shared" name="TestTransform_OTel/log-gateway#02" time="0.000000">
			<skipped message="=== RUN   TestTransform_OTel/log-gateway#02&#xA;    suite.go:313: Label filter expression: &#34;not experimental and not fluent-bit and set-c&#34;, test labels: [log-gateway set-a]&#xA;2026/04/06 00:41:02 evaluating test labels: [log-gateway set-a]&#xA;    suite.go:313: Test skipped: label filter &#39;not experimental and not fluent-bit and set-c&#39; not satisfied&#xA;--- SKIP: TestTransform_OTel/log-gateway#02 (0.00s)&#xA;"></skipped>
		</testcase>
		<testcase classname="github.com/kyma-project/telemetry-manager/test/e2e/logs/shared" name="TestTransform_OTel/log-gateway-experimental" time="0.000000">
			<skipped message="=== RUN   TestTransform_OTel/log-gateway-experimental&#xA;    suite.go:313: Label filter expression: &#34;not experimental and not fluent-bit and set-c&#34;, test labels: [log-gateway experimental set-c]&#xA;2026/04/06 00:41:02 evaluating test labels: [log-gateway experimental set-c]&#xA;    suite.go:313: Test skipped: label filter &#39;not experimental and not fluent-bit and set-c&#39; not satisfied&#xA;--- SKIP: TestTransform_OTel/log-gateway-experimental (0.00s)&#xA;"></skipped>
		</testcase>
		<testcase classname="github.com/kyma-project/telemetry-manager/test/e2e/logs/shared" name="TestTransform_OTel/log-gateway-experimental#01" time="0.000000">
			<skipped message="=== RUN   TestTransform_OTel/log-gateway-experimental#01&#xA;    suite.go:313: Label filter expression: &#34;not experimental and not fluent-bit and set-c&#34;, test labels: [log-gateway experimental set-c]&#xA;2026/04/06 00:41:02 evaluating test labels: [log-gateway experimental set-c]&#xA;    suite.go:313: Test skipped: label filter &#39;not experimental and not fluent-bit and set-c&#39; not satisfied&#xA;--- SKIP: TestTransform_OTel/log-gateway-experimental#01 (0.00s)&#xA;"></skipped>
		</testcase>
		<testcase classname="github.com/kyma-project/telemetry-manager/test/e2e/logs/shared" name="TestTransform_OTel/log-gateway-experimental#02" time="0.000000">
			<skipped message="=== RUN   TestTransform_OTel/log-gateway-experimental#02&#xA;    suite.go:313: Label filter expression: &#34;not experimental and not fluent-bit and set-c&#34;, test labels: [log-gateway experimental set-a]&#xA;2026/04/06 00:41:02 evaluating test labels: [log-gateway experimental set-a]&#xA;    suite.go:313: Test skipped: label filter &#39;not experimental and not fluent-bit and set-c&#39; not satisfied&#xA;--- SKIP: TestTransform_OTel/log-gateway-experimental#02 (0.00s)&#xA;"></skipped>
		</testcase>
		<testcase classname="github.com/kyma-project/telemetry-manager/test/e2e/logs/shared" name="TestMetricsEndpoint_OTel/log-gateway" time="5.850000"></testcase>
		<testcase classname="github.com/kyma-project/telemetry-manager/test/e2e/logs/shared" name="TestMetricsEndpoint_OTel" time="5.850000"></testcase>
		<testcase classname="github.com/kyma-project/telemetry-manager/test/e2e/logs/shared" name="TestExtractLabels_OTel" time="0.000000"></testcase>
		<testcase classname="github.com/kyma-project/telemetry-manager/test/e2e/logs/shared" name="TestFilter_OTel/log-agent" time="17.720000"></testcase>
		<testcase classname="github.com/kyma-project/telemetry-manager/test/e2e/logs/shared" name="TestFilter_OTel" time="17.720000"></testcase>
		<testcase classname="github.com/kyma-project/telemetry-manager/test/e2e/logs/shared" name="TestKeepOriginalBody_OTel" time="12.990000"></testcase>
		<testcase classname="github.com/kyma-project/telemetry-manager/test/e2e/logs/shared" name="TestMTLSAboutToExpireCert_OTel/log-agent" time="8.590000"></testcase>
		<testcase classname="github.com/kyma-project/telemetry-manager/test/e2e/logs/shared" name="TestMTLSAboutToExpireCert_OTel" time="8.590000"></testcase>
		<testcase classname="github.com/kyma-project/telemetry-manager/test/e2e/logs/shared" name="TestMTLS_OTel/log-agent" time="7.140000"></testcase>
		<testcase classname="github.com/kyma-project/telemetry-manager/test/e2e/logs/shared" name="TestMTLS_OTel" time="7.140000"></testcase>
		<testcase classname="github.com/kyma-project/telemetry-manager/test/e2e/logs/shared" name="TestMultiPipelineBroken_OTel" time="0.000000"></testcase>
		<testcase classname="github.com/kyma-project/telemetry-manager/test/e2e/logs/shared" name="TestMultiPipelineFanout_OTel" time="0.000000"></testcase>
		<testcase classname="github.com/kyma-project/telemetry-manager/test/e2e/logs/shared" name="TestMultiPipelineMaxPipeline_OTel" time="0.000000"></testcase>
		<testcase classname="github.com/kyma-project/telemetry-manager/test/e2e/logs/shared" name="TestNamespaceSelector_OTel/log-gateway" time="29.200000"></testcase>
		<testcase classname="github.com/kyma-project/telemetry-manager/test/e2e/logs/shared" name="TestNamespaceSelector_OTel" time="29.200000"></testcase>
		<testcase classname="github.com/kyma-project/telemetry-manager/test/e2e/logs/shared" name="TestOAuth2" time="0.000000"></testcase>
		<testcase classname="github.com/kyma-project/telemetry-manager/test/e2e/logs/shared" name="TestObservedTime_OTel" time="0.000000"></testcase>
		<testcase classname="github.com/kyma-project/telemetry-manager/test/e2e/logs/shared" name="TestSecretMissing_OTel/log-agent" time="3.870000"></testcase>
		<testcase classname="github.com/kyma-project/telemetry-manager/test/e2e/logs/shared" name="TestSecretMissing_OTel/log-gateway" time="4.010000"></testcase>
		<testcase classname="github.com/kyma-project/telemetry-manager/test/e2e/logs/shared" name="TestSecretMissing_OTel" time="7.880000"></testcase>
		<testcase classname="github.com/kyma-project/telemetry-manager/test/e2e/logs/shared" name="TestSecretRotation_OTel" time="0.000000"></testcase>
		<testcase classname="github.com/kyma-project/telemetry-manager/test/e2e/logs/shared" name="TestServiceEnrichment_OTel/log-agent" time="17.630000"></testcase>
		<testcase classname="github.com/kyma-project/telemetry-manager/test/e2e/logs/shared" name="TestServiceEnrichment_OTel/log-gateway" time="27.390000"></testcase>
		<testcase classname="github.com/kyma-project/telemetry-manager/test/e2e/logs/shared" name="TestServiceEnrichment_OTel" time="45.020000"></testcase>
		<testcase classname="github.com/kyma-project/telemetry-manager/test/e2e/logs/shared" name="TestServiceName_OTel" time="0.000000"></testcase>
		<testcase classname="github.com/kyma-project/telemetry-manager/test/e2e/logs/shared" name="TestSinglePipeline_OTel/log-agent/grpc" time="6.860000"></testcase>
		<testcase classname="github.com/kyma-project/telemetry-manager/test/e2e/logs/shared" name="TestSinglePipeline_OTel/log-gateway/grpc" time="16.160000"></testcase>
		<testcase classname="github.com/kyma-project/telemetry-manager/test/e2e/logs/shared" name="TestSinglePipeline_OTel" time="23.020000"></testcase>
		<testcase classname="github.com/kyma-project/telemetry-manager/test/e2e/logs/shared" name="TestSinglePipelineV1Alpha1_OTel/log-agent" time="7.580000"></testcase>
		<testcase classname="github.com/kyma-project/telemetry-manager/test/e2e/logs/shared" name="TestSinglePipelineV1Alpha1_OTel" time="7.580000"></testcase>
		<testcase classname="github.com/kyma-project/telemetry-manager/test/e2e/logs/shared" name="TestTransform_OTel/log-agent#02" time="8.480000"></testcase>
		<testcase classname="github.com/kyma-project/telemetry-manager/test/e2e/logs/shared" name="TestTransform_OTel/log-gateway#01" time="16.170000"></testcase>
		<testcase classname="github.com/kyma-project/telemetry-manager/test/e2e/logs/shared" name="TestTransform_OTel" time="24.650000"></testcase>
	</testsuite>
</testsuites>